#
# There is insufficient memory for the Java Runtime Environment to continue.
# Native memory allocation (malloc) failed to allocate 265856 bytes for Chunk::new
# Possible reasons:
#   The system is out of physical RAM or swap space
#   In 32 bit mode, the process size limit was hit
# Possible solutions:
#   Reduce memory load on the system
#   Increase physical memory or swap space
#   Check if swap backing store is full
#   Use 64 bit Java on a 64 bit OS
#   Decrease Java heap size (-Xmx/-Xms)
#   Decrease number of Java threads
#   Decrease Java thread stack sizes (-Xss)
#   Set larger code cache with -XX:ReservedCodeCacheSize=
# This output file may be truncated or incomplete.
#
#  Out of Memory Error (allocation.cpp:323), pid=4448, tid=13500
#
# JRE version: Java(TM) SE Runtime Environment (7.0_80-b15) (build 1.7.0_80-b15)
# Java VM: Java HotSpot(TM) 64-Bit Server VM (24.80-b11 mixed mode windows-amd64 compressed oops)
# Failed to write core dump. Minidumps are not enabled by default on client versions of Windows
#

---------------  T H R E A D  ---------------

Current thread (0x000000000d684000):  JavaThread "C2 CompilerThread1" daemon [_thread_in_native, id=13500, stack(0x000000000ecd0000,0x000000000edd0000)]

Stack: [0x000000000ecd0000,0x000000000edd0000]
[error occurred during error reporting (printing stack bounds), id 0xc0000005]


[error occurred during error reporting (printing native stack), id 0xc0000005]


Current CompileTask:
C2:8676126 1669   !         org.apache.catalina.core.ContainerBase::backgroundProcess (266 bytes)


---------------  P R O C E S S  ---------------

Java Threads: ( => current thread )
  0x00000000165fa800 JavaThread "DubboResponseTimeoutScanTimer" daemon [_thread_blocked, id=25800, stack(0x000000001a820000,0x000000001a920000)]
  0x00000000165fa000 JavaThread "http-bio-8080-exec-3" daemon [_thread_blocked, id=22328, stack(0x000000001a720000,0x000000001a820000)]
  0x0000000016601000 JavaThread "http-bio-8080-exec-2" daemon [_thread_blocked, id=18916, stack(0x000000001a620000,0x000000001a720000)]
  0x0000000016600000 JavaThread "http-bio-8080-exec-1" daemon [_thread_blocked, id=20644, stack(0x000000001a520000,0x000000001a620000)]
  0x00000000165f8800 JavaThread "DubboServerHandler-169.254.42.37:20880-thread-1" daemon [_thread_blocked, id=8896, stack(0x000000001a420000,0x000000001a520000)]
  0x00000000165ff800 JavaThread "http-bio-8080-AsyncTimeout" daemon [_thread_blocked, id=26688, stack(0x000000001a120000,0x000000001a220000)]
  0x00000000165fe800 JavaThread "http-bio-8080-Acceptor-0" daemon [_thread_in_native, id=15876, stack(0x000000001a020000,0x000000001a120000)]
  0x00000000165fe000 JavaThread "ContainerBackgroundProcessor[StandardEngine[Tomcat]]" daemon [_thread_blocked, id=22752, stack(0x0000000019f20000,0x000000001a020000)]
  0x00000000165f9000 JavaThread "DubboSaveRegistryCache-thread-1" daemon [_thread_blocked, id=19292, stack(0x0000000019e20000,0x0000000019f20000)]
  0x00000000165fb800 JavaThread "localhost-startStop-1-EventThread" daemon [_thread_blocked, id=25524, stack(0x0000000019c20000,0x0000000019d20000)]
  0x00000000165fd000 JavaThread "localhost-startStop-1-SendThread(192.168.25.133:2181)" daemon [_thread_in_native, id=17416, stack(0x0000000019b20000,0x0000000019c20000)]
  0x00000000165f7800 JavaThread "ZkClient-EventThread-31-192.168.25.133:2181" daemon [_thread_blocked, id=3100, stack(0x0000000019a20000,0x0000000019b20000)]
  0x00000000165fc000 JavaThread "DubboRegistryFailedRetryTimer-thread-1" daemon [_thread_blocked, id=27168, stack(0x0000000019920000,0x0000000019a20000)]
  0x00000000165f7000 JavaThread "dubbo-remoting-server-heartbeat-thread-1" daemon [_thread_blocked, id=27480, stack(0x0000000019820000,0x0000000019920000)]
  0x0000000017456800 JavaThread "New I/O server boss #14" daemon [_thread_in_native, id=11964, stack(0x0000000019720000,0x0000000019820000)]
  0x0000000017452800 JavaThread "New I/O worker #13" daemon [_thread_in_native, id=22220, stack(0x0000000019620000,0x0000000019720000)]
  0x0000000017452000 JavaThread "New I/O worker #12" daemon [_thread_in_native, id=27116, stack(0x0000000019520000,0x0000000019620000)]
  0x0000000017451000 JavaThread "New I/O worker #11" daemon [_thread_in_native, id=12168, stack(0x0000000019420000,0x0000000019520000)]
  0x0000000017455800 JavaThread "New I/O worker #10" daemon [_thread_in_native, id=23228, stack(0x0000000019320000,0x0000000019420000)]
  0x0000000017450800 JavaThread "New I/O worker #9" daemon [_thread_in_vm, id=8020, stack(0x0000000019220000,0x0000000019320000)]
  0x0000000017457000 JavaThread "New I/O worker #8" daemon [_thread_in_native, id=27112, stack(0x0000000019120000,0x0000000019220000)]
  0x0000000017453800 JavaThread "New I/O worker #7" daemon [_thread_in_native, id=26716, stack(0x0000000019020000,0x0000000019120000)]
  0x0000000017455000 JavaThread "New I/O worker #6" daemon [_thread_in_native_trans, id=21644, stack(0x0000000018f20000,0x0000000019020000)]
  0x0000000017454000 JavaThread "New I/O worker #5" daemon [_thread_in_native, id=3168, stack(0x0000000018d20000,0x0000000018e20000)]
  0x00000000102d3000 JavaThread "New I/O worker #4" daemon [_thread_in_native, id=14340, stack(0x0000000018c20000,0x0000000018d20000)]
  0x00000000102d2800 JavaThread "New I/O worker #3" daemon [_thread_in_native, id=23640, stack(0x0000000018b20000,0x0000000018c20000)]
  0x00000000102d9000 JavaThread "New I/O worker #2" daemon [_thread_in_native, id=17132, stack(0x0000000018a20000,0x0000000018b20000)]
  0x00000000102d8800 JavaThread "New I/O worker #1" daemon [_thread_in_native, id=17364, stack(0x0000000018920000,0x0000000018a20000)]
  0x00000000102d7800 JavaThread "Thread-2" daemon [_thread_in_native, id=1064, stack(0x0000000017850000,0x0000000017950000)]
  0x000000000d687800 JavaThread "Service Thread" daemon [_thread_blocked, id=7996, stack(0x000000000edd0000,0x000000000eed0000)]
=>0x000000000d684000 JavaThread "C2 CompilerThread1" daemon [_thread_in_native, id=13500, stack(0x000000000ecd0000,0x000000000edd0000)]
  0x000000000d680000 JavaThread "C2 CompilerThread0" daemon [_thread_blocked, id=19316, stack(0x000000000ebd0000,0x000000000ecd0000)]
  0x000000000d67d000 JavaThread "Attach Listener" daemon [_thread_blocked, id=26588, stack(0x000000000ead0000,0x000000000ebd0000)]
  0x000000000d67c800 JavaThread "Signal Dispatcher" daemon [_thread_blocked, id=26956, stack(0x000000000e9d0000,0x000000000ead0000)]
  0x000000000bf71800 JavaThread "Finalizer" daemon [_thread_blocked, id=4612, stack(0x000000000e8d0000,0x000000000e9d0000)]
  0x000000000bf66800 JavaThread "Reference Handler" daemon [_thread_blocked, id=11600, stack(0x000000000e7d0000,0x000000000e8d0000)]
  0x0000000003531000 JavaThread "main" [_thread_blocked, id=18764, stack(0x0000000003010000,0x0000000003110000)]

Other Threads:
  0x000000000bf62800 VMThread [stack: 0x000000000e6d0000,0x000000000e7d0000] [id=4788]
  0x000000000d6a1800 WatcherThread [stack: 0x000000000eed0000,0x000000000efd0000] [id=19016]

VM state:not at safepoint (normal execution)

VM Mutex/Monitor currently owned by a thread: None

Heap
 PSYoungGen      total 581120K, used 206056K [0x00000007d6000000, 0x00000007ff080000, 0x0000000800000000)
  eden space 500224K, 41% used [0x00000007d6000000,0x00000007e293a028,0x00000007f4880000)
  from space 80896K, 0% used [0x00000007f9300000,0x00000007f9300000,0x00000007fe200000)
  to   space 76288K, 0% used [0x00000007f4880000,0x00000007f4880000,0x00000007f9300000)
 ParOldGen       total 157184K, used 62853K [0x0000000782000000, 0x000000078b980000, 0x00000007d6000000)
  object space 157184K, 39% used [0x0000000782000000,0x0000000785d61620,0x000000078b980000)
 PSPermGen       total 74240K, used 47449K [0x000000077ce00000, 0x0000000781680000, 0x0000000782000000)
  object space 74240K, 63% used [0x000000077ce00000,0x000000077fc565a0,0x0000000781680000)

Card table byte_map: [0x0000000006710000,0x0000000006b30000] byte_map_base: 0x0000000002b29000

Polling page: 0x0000000001120000

Code Cache  [0x0000000003710000, 0x0000000003b50000, 0x0000000006710000)
 total_blobs=1765 nmethods=1342 adapters=374 free_code_cache=45284Kb largest_free_block=45892352

Compilation events (10 events):
Event: 7334.446 Thread 0x000000000d684000 nmethod 1664 0x00000000037e27d0 code [0x00000000037e2920, 0x00000000037e29a8]
Event: 7829.490 Thread 0x000000000d684000 1665             org.apache.zookeeper.ClientCnxnSocket::getIdleSend (11 bytes)
Event: 7829.490 Thread 0x000000000d684000 nmethod 1665 0x000000000398f8d0 code [0x000000000398fa00, 0x000000000398fa78]
Event: 7899.995 Thread 0x000000000d680000 1666             org.apache.zookeeper.ZooKeeper$States::isConnected (20 bytes)
Event: 7899.996 Thread 0x000000000d680000 nmethod 1666 0x000000000398f690 code [0x000000000398f7c0, 0x000000000398f838]
Event: 8019.971 Thread 0x000000000d684000 1667             sun.nio.ch.SelectionKeyImpl::ensureValid (16 bytes)
Event: 8019.972 Thread 0x000000000d684000 nmethod 1667 0x000000000398f450 code [0x000000000398f580, 0x000000000398f5f8]
Event: 8135.856 Thread 0x000000000d680000 1668             org.apache.catalina.util.LifecycleSupport::fireLifecycleEvent (49 bytes)
Event: 8135.869 Thread 0x000000000d680000 nmethod 1668 0x0000000003b1e610 code [0x0000000003b1e760, 0x0000000003b1e918]
Event: 8676.069 Thread 0x000000000d684000 1669   !         org.apache.catalina.core.ContainerBase::backgroundProcess (266 bytes)

GC Heap History (10 events):
Event: 7.578 GC heap before
{Heap before GC invocations=10 (full 1):
 PSYoungGen      total 279040K, used 37860K [0x00000007d6000000, 0x00000007f4700000, 0x0000000800000000)
  eden space 241152K, 0% used [0x00000007d6000000,0x00000007d6000000,0x00000007e4b80000)
  from space 37888K, 99% used [0x00000007e4b80000,0x00000007e70791b8,0x00000007e7080000)
  to   space 56320K, 0% used [0x00000007f1000000,0x00000007f1000000,0x00000007f4700000)
 ParOldGen       total 86016K, used 80121K [0x0000000782000000, 0x0000000787400000, 0x00000007d6000000)
  object space 86016K, 93% used [0x0000000782000000,0x0000000786e3e7c8,0x0000000787400000)
 PSPermGen       total 28160K, used 27848K [0x000000077ce00000, 0x000000077e980000, 0x0000000782000000)
  object space 28160K, 98% used [0x000000077ce00000,0x000000077e932108,0x000000077e980000)
Event: 7.690 GC heap after
Heap after GC invocations=10 (full 1):
 PSYoungGen      total 279040K, used 0K [0x00000007d6000000, 0x00000007f4700000, 0x0000000800000000)
  eden space 241152K, 0% used [0x00000007d6000000,0x00000007d6000000,0x00000007e4b80000)
  from space 37888K, 0% used [0x00000007e4b80000,0x00000007e4b80000,0x00000007e7080000)
  to   space 56320K, 0% used [0x00000007f1000000,0x00000007f1000000,0x00000007f4700000)
 ParOldGen       total 129024K, used 60360K [0x0000000782000000, 0x0000000789e00000, 0x00000007d6000000)
  object space 129024K, 46% used [0x0000000782000000,0x0000000785af2010,0x0000000789e00000)
 PSPermGen       total 55808K, used 27833K [0x000000077ce00000, 0x0000000780480000, 0x0000000782000000)
  object space 55808K, 49% used [0x000000077ce00000,0x000000077e92e498,0x0000000780480000)
}
Event: 8.229 GC heap before
{Heap before GC invocations=11 (full 1):
 PSYoungGen      total 279040K, used 241152K [0x00000007d6000000, 0x00000007f4700000, 0x0000000800000000)
  eden space 241152K, 100% used [0x00000007d6000000,0x00000007e4b80000,0x00000007e4b80000)
  from space 37888K, 0% used [0x00000007e4b80000,0x00000007e4b80000,0x00000007e7080000)
  to   space 56320K, 0% used [0x00000007f1000000,0x00000007f1000000,0x00000007f4700000)
 ParOldGen       total 129024K, used 60360K [0x0000000782000000, 0x0000000789e00000, 0x00000007d6000000)
  object space 129024K, 46% used [0x0000000782000000,0x0000000785af2010,0x0000000789e00000)
 PSPermGen       total 55808K, used 27864K [0x000000077ce00000, 0x0000000780480000, 0x0000000782000000)
  object space 55808K, 49% used [0x000000077ce00000,0x000000077e936260,0x0000000780480000)
Event: 8.255 GC heap after
Heap after GC invocations=11 (full 1):
 PSYoungGen      total 384512K, used 41507K [0x00000007d6000000, 0x00000007f3900000, 0x0000000800000000)
  eden space 342528K, 0% used [0x00000007d6000000,0x00000007d6000000,0x00000007eae80000)
  from space 41984K, 98% used [0x00000007f1000000,0x00000007f3888f28,0x00000007f3900000)
  to   space 60416K, 0% used [0x00000007ec300000,0x00000007ec300000,0x00000007efe00000)
 ParOldGen       total 129024K, used 60360K [0x0000000782000000, 0x0000000789e00000, 0x00000007d6000000)
  object space 129024K, 46% used [0x0000000782000000,0x0000000785af2010,0x0000000789e00000)
 PSPermGen       total 55808K, used 27864K [0x000000077ce00000, 0x0000000780480000, 0x0000000782000000)
  object space 55808K, 49% used [0x000000077ce00000,0x000000077e936260,0x0000000780480000)
}
Event: 9.003 GC heap before
{Heap before GC invocations=12 (full 1):
 PSYoungGen      total 384512K, used 384035K [0x00000007d6000000, 0x00000007f3900000, 0x0000000800000000)
  eden space 342528K, 100% used [0x00000007d6000000,0x00000007eae80000,0x00000007eae80000)
  from space 41984K, 98% used [0x00000007f1000000,0x00000007f3888f28,0x00000007f3900000)
  to   space 60416K, 0% used [0x00000007ec300000,0x00000007ec300000,0x00000007efe00000)
 ParOldGen       total 129024K, used 60360K [0x0000000782000000, 0x0000000789e00000, 0x00000007d6000000)
  object space 129024K, 46% used [0x0000000782000000,0x0000000785af2010,0x0000000789e00000)
 PSPermGen       total 55808K, used 27875K [0x000000077ce00000, 0x0000000780480000, 0x0000000782000000)
  object space 55808K, 49% used [0x000000077ce00000,0x000000077e938d28,0x0000000780480000)
Event: 9.057 GC heap after
Heap after GC invocations=12 (full 1):
 PSYoungGen      total 423936K, used 60398K [0x00000007d6000000, 0x00000007fe200000, 0x0000000800000000)
  eden space 363520K, 0% used [0x00000007d6000000,0x00000007d6000000,0x00000007ec300000)
  from space 60416K, 99% used [0x00000007ec300000,0x00000007efdfb9d8,0x00000007efe00000)
  to   space 80896K, 0% used [0x00000007f9300000,0x00000007f9300000,0x00000007fe200000)
 ParOldGen       total 129024K, used 89031K [0x0000000782000000, 0x0000000789e00000, 0x00000007d6000000)
  object space 129024K, 69% used [0x0000000782000000,0x00000007876f1c90,0x0000000789e00000)
 PSPermGen       total 55808K, used 27875K [0x000000077ce00000, 0x0000000780480000, 0x0000000782000000)
  object space 55808K, 49% used [0x000000077ce00000,0x000000077e938d28,0x0000000780480000)
}
Event: 11.016 GC heap before
{Heap before GC invocations=13 (full 1):
 PSYoungGen      total 423936K, used 423918K [0x00000007d6000000, 0x00000007fe200000, 0x0000000800000000)
  eden space 363520K, 100% used [0x00000007d6000000,0x00000007ec300000,0x00000007ec300000)
  from space 60416K, 99% used [0x00000007ec300000,0x00000007efdfb9d8,0x00000007efe00000)
  to   space 80896K, 0% used [0x00000007f9300000,0x00000007f9300000,0x00000007fe200000)
 ParOldGen       total 129024K, used 89031K [0x0000000782000000, 0x0000000789e00000, 0x00000007d6000000)
  object space 129024K, 69% used [0x0000000782000000,0x00000007876f1c90,0x0000000789e00000)
 PSPermGen       total 55808K, used 42861K [0x000000077ce00000, 0x0000000780480000, 0x0000000782000000)
  object space 55808K, 76% used [0x000000077ce00000,0x000000077f7db6b8,0x0000000780480000)
Event: 11.055 GC heap after
Heap after GC invocations=13 (full 1):
 PSYoungGen      total 581120K, used 31580K [0x00000007d6000000, 0x00000007ff080000, 0x0000000800000000)
  eden space 500224K, 0% used [0x00000007d6000000,0x00000007d6000000,0x00000007f4880000)
  from space 80896K, 39% used [0x00000007f9300000,0x00000007fb1d7220,0x00000007fe200000)
  to   space 76288K, 0% used [0x00000007f4880000,0x00000007f4880000,0x00000007f9300000)
 ParOldGen       total 129024K, used 117791K [0x0000000782000000, 0x0000000789e00000, 0x00000007d6000000)
  object space 129024K, 91% used [0x0000000782000000,0x0000000789307e30,0x0000000789e00000)
 PSPermGen       total 55808K, used 42861K [0x000000077ce00000, 0x0000000780480000, 0x0000000782000000)
  object space 55808K, 76% used [0x000000077ce00000,0x000000077f7db6b8,0x0000000780480000)
}
Event: 11.055 GC heap before
{Heap before GC invocations=14 (full 2):
 PSYoungGen      total 581120K, used 31580K [0x00000007d6000000, 0x00000007ff080000, 0x0000000800000000)
  eden space 500224K, 0% used [0x00000007d6000000,0x00000007d6000000,0x00000007f4880000)
  from space 80896K, 39% used [0x00000007f9300000,0x00000007fb1d7220,0x00000007fe200000)
  to   space 76288K, 0% used [0x00000007f4880000,0x00000007f4880000,0x00000007f9300000)
 ParOldGen       total 129024K, used 117791K [0x0000000782000000, 0x0000000789e00000, 0x00000007d6000000)
  object space 129024K, 91% used [0x0000000782000000,0x0000000789307e30,0x0000000789e00000)
 PSPermGen       total 55808K, used 42861K [0x000000077ce00000, 0x0000000780480000, 0x0000000782000000)
  object space 55808K, 76% used [0x000000077ce00000,0x000000077f7db6b8,0x0000000780480000)
Event: 11.137 GC heap after
Heap after GC invocations=14 (full 2):
 PSYoungGen      total 581120K, used 0K [0x00000007d6000000, 0x00000007ff080000, 0x0000000800000000)
  eden space 500224K, 0% used [0x00000007d6000000,0x00000007d6000000,0x00000007f4880000)
  from space 80896K, 0% used [0x00000007f9300000,0x00000007f9300000,0x00000007fe200000)
  to   space 76288K, 0% used [0x00000007f4880000,0x00000007f4880000,0x00000007f9300000)
 ParOldGen       total 157184K, used 62853K [0x0000000782000000, 0x000000078b980000, 0x00000007d6000000)
  object space 157184K, 39% used [0x0000000782000000,0x0000000785d61620,0x000000078b980000)
 PSPermGen       total 74240K, used 42854K [0x000000077ce00000, 0x0000000781680000, 0x0000000782000000)
  object space 74240K, 57% used [0x000000077ce00000,0x000000077f7d9b28,0x0000000781680000)
}

Deoptimization events (10 events):
Event: 31.484 Thread 0x00000000165fd000 Uncommon trap: reason=class_check action=maybe_recompile pc=0x0000000003909d54 method=java.io.DataInputStream.readFully([BII)V @ 34
Event: 31.491 Thread 0x00000000102d6000 Uncommon trap: reason=class_check action=maybe_recompile pc=0x00000000039b2fac method=java.lang.Throwable.<init>(Ljava/lang/Throwable;)V @ 24
Event: 31.531 Thread 0x00000000102d6000 Uncommon trap: reason=class_check action=maybe_recompile pc=0x00000000038c4ddc method=java.nio.charset.CharsetDecoder.reset()Ljava/nio/charset/CharsetDecoder; @ 1
Event: 31.533 Thread 0x00000000102d6000 Uncommon trap: reason=unstable_if action=reinterpret pc=0x00000000039d842c method=java.util.regex.Pattern$CharProperty.match(Ljava/util/regex/Matcher;ILjava/lang/CharSequence;)Z @ 40
Event: 31.615 Thread 0x00000000102d6000 Uncommon trap: reason=predicate action=maybe_recompile pc=0x0000000003a19118 method=java.util.TreeMap.put(Ljava/lang/Object;Ljava/lang/Object;)Ljava/lang/Object; @ 132
Event: 31.632 Thread 0x00000000102d6000 Uncommon trap: reason=unstable_if action=reinterpret pc=0x000000000381edd0 method=java.io.Win32FileSystem.normalizePrefix(Ljava/lang/String;ILjava/lang/StringBuffer;)I @ 6
Event: 31.632 Thread 0x00000000102d6000 Uncommon trap: reason=unstable_if action=reinterpret pc=0x0000000003a6f81c method=java.io.Win32FileSystem.resolve(Ljava/lang/String;Ljava/lang/String;)Ljava/lang/String; @ 36
Event: 135.842 Thread 0x0000000017456800 Uncommon trap: reason=class_check action=maybe_recompile pc=0x00000000038c2bf8 method=sun.nio.ch.WindowsSelectorImpl$SubSelector.processFDSet(J[IIZ)I @ 259
Event: 195.879 Thread 0x00000000102d8800 Uncommon trap: reason=unstable_if action=reinterpret pc=0x000000000389947c method=java.io.ExpiringCache.entryFor(Ljava/lang/String;)Ljava/io/ExpiringCache$Entry; @ 39
Event: 7334.387 Thread 0x0000000017456800 Uncommon trap: reason=predicate action=maybe_recompile pc=0x0000000003a3ca20 method=org.jboss.netty.channel.socket.nio.AbstractNioSelector.run()V @ 34

Internal exceptions (10 events):
Event: 8114.324 Thread 0x00000000102d8800 Threw 0x00000007e21874e8 at C:\re\jdk7u80\2329\hotspot\src\share\vm\interpreter\linkResolver.cpp:892
Event: 8174.885 Thread 0x00000000102d8800 Threw 0x00000007e2187b28 at C:\re\jdk7u80\2329\hotspot\src\share\vm\interpreter\linkResolver.cpp:892
Event: 8235.088 Thread 0x00000000102d8800 Threw 0x00000007e2188168 at C:\re\jdk7u80\2329\hotspot\src\share\vm\interpreter\linkResolver.cpp:892
Event: 8295.221 Thread 0x00000000102d8800 Threw 0x00000007e21887a8 at C:\re\jdk7u80\2329\hotspot\src\share\vm\interpreter\linkResolver.cpp:892
Event: 8355.208 Thread 0x00000000102d8800 Threw 0x00000007e2188de8 at C:\re\jdk7u80\2329\hotspot\src\share\vm\interpreter\linkResolver.cpp:892
Event: 8415.852 Thread 0x00000000102d8800 Threw 0x00000007e2189428 at C:\re\jdk7u80\2329\hotspot\src\share\vm\interpreter\linkResolver.cpp:892
Event: 8476.030 Thread 0x00000000102d8800 Threw 0x00000007e2189a68 at C:\re\jdk7u80\2329\hotspot\src\share\vm\interpreter\linkResolver.cpp:892
Event: 8536.015 Thread 0x00000000102d8800 Threw 0x00000007e218a0a8 at C:\re\jdk7u80\2329\hotspot\src\share\vm\interpreter\linkResolver.cpp:892
Event: 8596.269 Thread 0x00000000102d8800 Threw 0x00000007e218a790 at C:\re\jdk7u80\2329\hotspot\src\share\vm\interpreter\linkResolver.cpp:892
Event: 8655.960 Thread 0x00000000102d8800 Threw 0x00000007e218add0 at C:\re\jdk7u80\2329\hotspot\src\share\vm\interpreter\linkResolver.cpp:892

Events (10 events):
Event: 8415.009 Executing VM operation: RevokeBias
Event: 8415.140 Executing VM operation: RevokeBias done
Event: 8475.224 Executing VM operation: RevokeBias
Event: 8475.226 Executing VM operation: RevokeBias done
Event: 8535.432 Executing VM operation: RevokeBias
Event: 8535.585 Executing VM operation: RevokeBias done
Event: 8595.492 Executing VM operation: RevokeBias
Event: 8595.519 Executing VM operation: RevokeBias done
Event: 8655.835 Executing VM operation: RevokeBias
Event: 8655.858 Executing VM operation: RevokeBias done


Dynamic libraries:
0x00007ff7586c0000 - 0x00007ff7586f3000 	D:\ItProgram\Java\jdk1.7.0_80\bin\javaw.exe
0x00007ffd0ea50000 - 0x00007ffd0ec3d000 	C:\Windows\SYSTEM32\ntdll.dll
0x00007ffd0c700000 - 0x00007ffd0c7b3000 	C:\Windows\System32\KERNEL32.DLL
0x00007ffd0af70000 - 0x00007ffd0b203000 	C:\Windows\System32\KERNELBASE.dll
0x00007ffd0cf90000 - 0x00007ffd0d033000 	C:\Windows\System32\ADVAPI32.dll
0x00007ffd0c2c0000 - 0x00007ffd0c35e000 	C:\Windows\System32\msvcrt.dll
0x00007ffd0c500000 - 0x00007ffd0c59e000 	C:\Windows\System32\sechost.dll
0x00007ffd0e8f0000 - 0x00007ffd0ea12000 	C:\Windows\System32\RPCRT4.dll
0x00007ffd0cb60000 - 0x00007ffd0ccf7000 	C:\Windows\System32\USER32.dll
0x00007ffd0bc50000 - 0x00007ffd0bc70000 	C:\Windows\System32\win32u.dll
0x00007ffd0c230000 - 0x00007ffd0c259000 	C:\Windows\System32\GDI32.dll
0x00007ffd0ba80000 - 0x00007ffd0bc19000 	C:\Windows\System32\gdi32full.dll
0x00007ffd0b290000 - 0x00007ffd0b330000 	C:\Windows\System32\msvcp_win.dll
0x00007ffd0ab10000 - 0x00007ffd0ac0a000 	C:\Windows\System32\ucrtbase.dll
0x00007ffcf3a00000 - 0x00007ffcf3c79000 	C:\Windows\WinSxS\amd64_microsoft.windows.common-controls_6595b64144ccf1df_6.0.17763.914_none_05b346b2072102f2\COMCTL32.dll
0x00007ffd0c830000 - 0x00007ffd0cb5c000 	C:\Windows\System32\combase.dll
0x00007ffd0b210000 - 0x00007ffd0b28e000 	C:\Windows\System32\bcryptPrimitives.dll
0x00007ffd0e8b0000 - 0x00007ffd0e8de000 	C:\Windows\System32\IMM32.DLL
0x000000005a710000 - 0x000000005a7e2000 	D:\ItProgram\Java\jdk1.7.0_80\jre\bin\msvcr100.dll
0x0000000058e30000 - 0x0000000059609000 	D:\ItProgram\Java\jdk1.7.0_80\jre\bin\server\jvm.dll
0x00007ffd0c220000 - 0x00007ffd0c228000 	C:\Windows\System32\PSAPI.DLL
0x00007ffd078c0000 - 0x00007ffd078e4000 	C:\Windows\SYSTEM32\WINMM.dll
0x00007ffcff630000 - 0x00007ffcff639000 	C:\Windows\SYSTEM32\WSOCK32.dll
0x00007ffd0c7c0000 - 0x00007ffd0c82d000 	C:\Windows\System32\WS2_32.dll
0x00007ffd07890000 - 0x00007ffd078bd000 	C:\Windows\SYSTEM32\winmmbase.dll
0x00007ffd0ac10000 - 0x00007ffd0ac5a000 	C:\Windows\System32\cfgmgr32.dll
0x0000000058e20000 - 0x0000000058e2f000 	D:\ItProgram\Java\jdk1.7.0_80\jre\bin\verify.dll
0x0000000058df0000 - 0x0000000058e18000 	D:\ItProgram\Java\jdk1.7.0_80\jre\bin\java.dll
0x0000000058dd0000 - 0x0000000058de6000 	D:\ItProgram\Java\jdk1.7.0_80\jre\bin\zip.dll
0x0000000058db0000 - 0x0000000058dca000 	D:\ItProgram\Java\jdk1.7.0_80\jre\bin\net.dll
0x00007ffd0a2b0000 - 0x00007ffd0a317000 	C:\Windows\system32\mswsock.dll
0x0000000058d90000 - 0x0000000058da1000 	D:\ItProgram\Java\jdk1.7.0_80\jre\bin\nio.dll
0x00007ffd0ae40000 - 0x00007ffd0ae57000 	C:\Windows\System32\CRYPTSP.dll
0x00007ffd09e30000 - 0x00007ffd09e63000 	C:\Windows\system32\rsaenh.dll
0x00007ffd0bc20000 - 0x00007ffd0bc46000 	C:\Windows\System32\bcrypt.dll
0x00007ffd0a940000 - 0x00007ffd0a968000 	C:\Windows\SYSTEM32\USERENV.dll
0x00007ffd0aae0000 - 0x00007ffd0ab04000 	C:\Windows\System32\profapi.dll
0x00007ffd0a480000 - 0x00007ffd0a48c000 	C:\Windows\SYSTEM32\CRYPTBASE.dll
0x00007ffd09fd0000 - 0x00007ffd0a00d000 	C:\Windows\SYSTEM32\IPHLPAPI.DLL
0x00007ffd0e8e0000 - 0x00007ffd0e8e8000 	C:\Windows\System32\NSI.dll
0x00007ffcfd940000 - 0x00007ffcfd956000 	C:\Windows\SYSTEM32\dhcpcsvc6.DLL
0x00007ffcfd920000 - 0x00007ffcfd93c000 	C:\Windows\SYSTEM32\dhcpcsvc.DLL
0x00007ffd0a010000 - 0x00007ffd0a0d6000 	C:\Windows\SYSTEM32\DNSAPI.dll
0x0000000058d80000 - 0x0000000058d8b000 	D:\ItProgram\Java\jdk1.7.0_80\jre\bin\management.dll
0x00007ffce9ee0000 - 0x00007ffce9ef6000 	C:\Windows\system32\napinsp.dll
0x00007ffce9e10000 - 0x00007ffce9e2a000 	C:\Windows\system32\pnrpnsp.dll
0x00007ffce9e00000 - 0x00007ffce9e0e000 	C:\Windows\System32\winrnr.dll
0x00007ffd05320000 - 0x00007ffd0533b000 	C:\Windows\system32\NLAapi.dll
0x00007ffcfe430000 - 0x00007ffcfe445000 	C:\Windows\system32\wshbth.dll
0x00007ffcfbad0000 - 0x00007ffcfbada000 	C:\Windows\System32\rasadhlp.dll
0x00007ffcfc590000 - 0x00007ffcfc609000 	C:\Windows\System32\fwpuclnt.dll

VM Arguments:
jvm_args: -Dmaven.home=D:\ItProgram\apache-maven-3.3.9 -Dclassworlds.conf=D:\itElse\javaWorkspa2\.metadata\.plugins\org.eclipse.m2e.launching\launches\m2conf4027228779836438192.tmp -Dmaven.multiModuleProjectDirectory=D:\itElse\javaWorkspa2\taotao-manager -Dfile.encoding=UTF-8 
java_command: org.codehaus.plexus.classworlds.launcher.Launcher -B -s D:\ItProgram\apache-maven-3.3.9\conf\settings.xml clean tomcat7:run
Launcher Type: SUN_STANDARD

Environment Variables:
JAVA_HOME=D:\ItProgram\Java\jdk1.7.0_80
PATH=C:\ProgramData\Oracle\Java\javapath;D:\ItProgram\Java\jdk1.7.0_80\bin;C:\Windows\system32;C:\Windows;C:\Windows\System32\Wbem;C:\Windows\System32\WindowsPowerShell\v1.0\;C:\Windows\System32\OpenSSH\;C:\Program Files (x86)\NVIDIA Corporation\PhysX\Common;C:\Program Files\NVIDIA Corporation\NVIDIA NvDLISR;D:\ItProgram\apache-maven-3.6.1\bin;D:\ItProgram\MySQL\MySQL Server 5.5\bin;C:\Program Files\MySQL\MySQL Server 5.5\bin;D:\ItProgram\VisualSVN Server\bin;C:\Program Files (x86)\Microsoft SQL Server\100\Tools\Binn\;C:\Program Files\Microsoft SQL Server\100\Tools\Binn\;C:\Program Files\Microsoft SQL Server\100\DTS\Binn\;C:\Users\myPc\AppData\Local\Microsoft\WindowsApps;
USERNAME=myPc
OS=Windows_NT
PROCESSOR_IDENTIFIER=Intel64 Family 6 Model 158 Stepping 10, GenuineIntel



---------------  S Y S T E M  ---------------

OS: Windows 8.1 , 64 bit Build 9600 

CPU:total 12 (6 cores per cpu, 2 threads per core) family 6 model 158 stepping 10, cmov, cx8, fxsr, mmx, sse, sse2, sse3, ssse3, sse4.1, sse4.2, popcnt, avx, avx2, aes, erms, ht, tsc, tscinvbit

Memory: 4k page, physical 8256756k(413448k free), swap 21363952k(428k free)

vm_info: Java HotSpot(TM) 64-Bit Server VM (24.80-b11) for windows-amd64 JRE (1.7.0_80-b15), built on Apr 10 2015 11:26:34 by "java_re" with unknown MS VC++:1600

time: Tue Dec 31 12:11:10 2019
elapsed time: 8676 seconds

