#
# There is insufficient memory for the Java Runtime Environment to continue.
# Native memory allocation (malloc) failed to allocate 32744 bytes for ChunkPool::allocate
# Possible reasons:
#   The system is out of physical RAM or swap space
#   In 32 bit mode, the process size limit was hit
# Possible solutions:
#   Reduce memory load on the system
#   Increase physical memory or swap space
#   Check if swap backing store is full
#   Use 64 bit Java on a 64 bit OS
#   Decrease Java heap size (-Xmx/-Xms)
#   Decrease number of Java threads
#   Decrease Java thread stack sizes (-Xss)
#   Set larger code cache with -XX:ReservedCodeCacheSize=
# This output file may be truncated or incomplete.
#
#  Out of Memory Error (allocation.cpp:211), pid=27392, tid=11152
#
# JRE version: Java(TM) SE Runtime Environment (7.0_80-b15) (build 1.7.0_80-b15)
# Java VM: Java HotSpot(TM) 64-Bit Server VM (24.80-b11 mixed mode windows-amd64 compressed oops)
# Failed to write core dump. Minidumps are not enabled by default on client versions of Windows
#

---------------  T H R E A D  ---------------

Current thread (0x000000000d0fb800):  JavaThread "C2 CompilerThread1" daemon [_thread_in_native, id=11152, stack(0x000000000ea20000,0x000000000eb20000)]

Stack: [0x000000000ea20000,0x000000000eb20000]
[error occurred during error reporting (printing stack bounds), id 0xc0000005]


[error occurred during error reporting (printing native stack), id 0xc0000005]


Current CompileTask:
C2:   1280  153   !         com.google.inject.spi.InjectionPoint::getInjectionPoints (495 bytes)


---------------  P R O C E S S  ---------------

Java Threads: ( => current thread )
  0x000000000d102000 JavaThread "Service Thread" daemon [_thread_blocked, id=41064, stack(0x000000000eb20000,0x000000000ec20000)]
=>0x000000000d0fb800 JavaThread "C2 CompilerThread1" daemon [_thread_in_native, id=11152, stack(0x000000000ea20000,0x000000000eb20000)]
  0x000000000d0fa000 JavaThread "C2 CompilerThread0" daemon [_thread_blocked, id=43416, stack(0x000000000e920000,0x000000000ea20000)]
  0x000000000d0e5800 JavaThread "JDWP Command Reader" daemon [_thread_in_native, id=41384, stack(0x000000000e820000,0x000000000e920000)]
  0x000000000d0e4800 JavaThread "JDWP Event Helper Thread" daemon [_thread_blocked, id=19868, stack(0x000000000e720000,0x000000000e820000)]
  0x000000000d0e0800 JavaThread "JDWP Transport Listener: dt_socket" daemon [_thread_blocked, id=40992, stack(0x000000000e620000,0x000000000e720000)]
  0x000000000d0d4000 JavaThread "Attach Listener" daemon [_thread_blocked, id=17364, stack(0x000000000e520000,0x000000000e620000)]
  0x00000000030d6000 JavaThread "Signal Dispatcher" daemon [_thread_blocked, id=12712, stack(0x000000000e420000,0x000000000e520000)]
  0x000000000ba04800 JavaThread "Finalizer" daemon [_thread_blocked, id=32196, stack(0x000000000e320000,0x000000000e420000)]
  0x000000000b9fa000 JavaThread "Reference Handler" daemon [_thread_blocked, id=42400, stack(0x000000000e220000,0x000000000e320000)]
  0x0000000002ede000 JavaThread "main" [_thread_in_Java, id=5316, stack(0x0000000002ee0000,0x0000000002fe0000)]

Other Threads:
  0x000000000d0a2800 VMThread [stack: 0x000000000e120000,0x000000000e220000] [id=41896]
  0x000000000d0f6000 WatcherThread [stack: 0x000000000ec20000,0x000000000ed20000] [id=21280]

VM state:not at safepoint (normal execution)

VM Mutex/Monitor currently owned by a thread: None

Heap
 PSYoungGen      total 37888K, used 7048K [0x00000007d6000000, 0x00000007d8a00000, 0x0000000800000000)
  eden space 32768K, 5% used [0x00000007d6000000,0x00000007d61e53d0,0x00000007d8000000)
  from space 5120K, 99% used [0x00000007d8500000,0x00000007d89fce38,0x00000007d8a00000)
  to   space 5120K, 0% used [0x00000007d8000000,0x00000007d8000000,0x00000007d8500000)
 ParOldGen       total 86016K, used 2670K [0x0000000782000000, 0x0000000787400000, 0x00000007d6000000)
  object space 86016K, 3% used [0x0000000782000000,0x000000078229b910,0x0000000787400000)
 PSPermGen       total 21504K, used 12791K [0x000000077ce00000, 0x000000077e300000, 0x0000000782000000)
  object space 21504K, 59% used [0x000000077ce00000,0x000000077da7dfb0,0x000000077e300000)

Card table byte_map: [0x00000000061a0000,0x00000000065c0000] byte_map_base: 0x00000000025b9000

Polling page: 0x00000000009f0000

Code Cache  [0x00000000030e0000, 0x0000000003350000, 0x00000000060e0000)
 total_blobs=428 nmethods=155 adapters=233 free_code_cache=48396Kb largest_free_block=49540288

Compilation events (10 events):
Event: 1.221 Thread 0x000000000d0fb800 nmethod 148 0x000000000319eed0 code [0x000000000319f000, 0x000000000319f058]
Event: 1.229 Thread 0x000000000d0fa000  149             java.lang.StringBuilder::toString (17 bytes)
Event: 1.231 Thread 0x000000000d0fa000 nmethod 149 0x000000000319cd10 code [0x000000000319ce60, 0x000000000319d1d8]
Event: 1.232 Thread 0x000000000d0fb800  150             java.lang.String::compareTo (78 bytes)
Event: 1.233 Thread 0x000000000d0fa000  151             java.util.concurrent.locks.ReentrantLock::tryLock (9 bytes)
Event: 1.234 Thread 0x000000000d0fa000 nmethod 151 0x000000000319c8d0 code [0x000000000319ca20, 0x000000000319cb78]
Event: 1.234 Thread 0x000000000d0fa000  152             java.util.concurrent.locks.ReentrantLock$Sync::nonfairTryAcquire (67 bytes)
Event: 1.234 Thread 0x000000000d0fb800 nmethod 150 0x000000000319c390 code [0x000000000319c4e0, 0x000000000319c718]
Event: 1.235 Thread 0x000000000d0fa000 nmethod 152 0x00000000031a06d0 code [0x00000000031a0800, 0x00000000031a0918]
Event: 1.243 Thread 0x000000000d0fb800  153   !         com.google.inject.spi.InjectionPoint::getInjectionPoints (495 bytes)

GC Heap History (4 events):
Event: 0.742 GC heap before
{Heap before GC invocations=1 (full 0):
 PSYoungGen      total 37888K, used 32768K [0x00000007d6000000, 0x00000007d8a00000, 0x0000000800000000)
  eden space 32768K, 100% used [0x00000007d6000000,0x00000007d8000000,0x00000007d8000000)
  from space 5120K, 0% used [0x00000007d8500000,0x00000007d8500000,0x00000007d8a00000)
  to   space 5120K, 0% used [0x00000007d8000000,0x00000007d8000000,0x00000007d8500000)
 ParOldGen       total 86016K, used 0K [0x0000000782000000, 0x0000000787400000, 0x00000007d6000000)
  object space 86016K, 0% used [0x0000000782000000,0x0000000782000000,0x0000000787400000)
 PSPermGen       total 21504K, used 8291K [0x000000077ce00000, 0x000000077e300000, 0x0000000782000000)
  object space 21504K, 38% used [0x000000077ce00000,0x000000077d618f68,0x000000077e300000)
Event: 0.749 GC heap after
Heap after GC invocations=1 (full 0):
 PSYoungGen      total 37888K, used 5095K [0x00000007d6000000, 0x00000007d8a00000, 0x0000000800000000)
  eden space 32768K, 0% used [0x00000007d6000000,0x00000007d6000000,0x00000007d8000000)
  from space 5120K, 99% used [0x00000007d8000000,0x00000007d84f9dd0,0x00000007d8500000)
  to   space 5120K, 0% used [0x00000007d8500000,0x00000007d8500000,0x00000007d8a00000)
 ParOldGen       total 86016K, used 239K [0x0000000782000000, 0x0000000787400000, 0x00000007d6000000)
  object space 86016K, 0% used [0x0000000782000000,0x000000078203bff0,0x0000000787400000)
 PSPermGen       total 21504K, used 8291K [0x000000077ce00000, 0x000000077e300000, 0x0000000782000000)
  object space 21504K, 38% used [0x000000077ce00000,0x000000077d618f68,0x000000077e300000)
}
Event: 1.201 GC heap before
{Heap before GC invocations=2 (full 0):
 PSYoungGen      total 37888K, used 37863K [0x00000007d6000000, 0x00000007d8a00000, 0x0000000800000000)
  eden space 32768K, 100% used [0x00000007d6000000,0x00000007d8000000,0x00000007d8000000)
  from space 5120K, 99% used [0x00000007d8000000,0x00000007d84f9dd0,0x00000007d8500000)
  to   space 5120K, 0% used [0x00000007d8500000,0x00000007d8500000,0x00000007d8a00000)
 ParOldGen       total 86016K, used 239K [0x0000000782000000, 0x0000000787400000, 0x00000007d6000000)
  object space 86016K, 0% used [0x0000000782000000,0x000000078203bff0,0x0000000787400000)
 PSPermGen       total 21504K, used 12638K [0x000000077ce00000, 0x000000077e300000, 0x0000000782000000)
  object space 21504K, 58% used [0x000000077ce00000,0x000000077da57858,0x000000077e300000)
Event: 1.213 GC heap after
Heap after GC invocations=2 (full 0):
 PSYoungGen      total 37888K, used 5107K [0x00000007d6000000, 0x00000007d8a00000, 0x0000000800000000)
  eden space 32768K, 0% used [0x00000007d6000000,0x00000007d6000000,0x00000007d8000000)
  from space 5120K, 99% used [0x00000007d8500000,0x00000007d89fce38,0x00000007d8a00000)
  to   space 5120K, 0% used [0x00000007d8000000,0x00000007d8000000,0x00000007d8500000)
 ParOldGen       total 86016K, used 2670K [0x0000000782000000, 0x0000000787400000, 0x00000007d6000000)
  object space 86016K, 3% used [0x0000000782000000,0x000000078229b910,0x0000000787400000)
 PSPermGen       total 21504K, used 12638K [0x000000077ce00000, 0x000000077e300000, 0x0000000782000000)
  object space 21504K, 58% used [0x000000077ce00000,0x000000077da57858,0x000000077e300000)
}

Deoptimization events (10 events):
Event: 1.113 Thread 0x0000000002ede000 Uncommon trap: reason=range_check action=none pc=0x00000000031705a4 method=sun.reflect.generics.parser.SignatureParser.current()C @ 34
Event: 1.113 Thread 0x0000000002ede000 Uncommon trap: reason=range_check action=none pc=0x00000000031705a4 method=sun.reflect.generics.parser.SignatureParser.current()C @ 34
Event: 1.114 Thread 0x0000000002ede000 Uncommon trap: reason=range_check action=none pc=0x00000000031705a4 method=sun.reflect.generics.parser.SignatureParser.current()C @ 34
Event: 1.115 Thread 0x0000000002ede000 Uncommon trap: reason=range_check action=none pc=0x00000000031705a4 method=sun.reflect.generics.parser.SignatureParser.current()C @ 34
Event: 1.123 Thread 0x0000000002ede000 Uncommon trap: reason=range_check action=none pc=0x00000000031705a4 method=sun.reflect.generics.parser.SignatureParser.current()C @ 34
Event: 1.125 Thread 0x0000000002ede000 Uncommon trap: reason=range_check action=none pc=0x00000000031705a4 method=sun.reflect.generics.parser.SignatureParser.current()C @ 34
Event: 1.128 Thread 0x0000000002ede000 Uncommon trap: reason=range_check action=none pc=0x00000000031705a4 method=sun.reflect.generics.parser.SignatureParser.current()C @ 34
Event: 1.149 Thread 0x0000000002ede000 Uncommon trap: reason=unstable_if action=reinterpret pc=0x000000000319854c method=java.util.concurrent.ConcurrentHashMap$Segment.put(Ljava/lang/Object;ILjava/lang/Object;Z)Ljava/lang/Object; @ 92
Event: 1.176 Thread 0x0000000002ede000 Uncommon trap: reason=class_check action=maybe_recompile pc=0x00000000031614d8 method=sun.misc.URLClassPath.getResource(Ljava/lang/String;Z)Lsun/misc/Resource; @ 53
Event: 1.183 Thread 0x0000000002ede000 Uncommon trap: reason=class_check action=maybe_recompile pc=0x00000000031614d8 method=sun.misc.URLClassPath.getResource(Ljava/lang/String;Z)Lsun/misc/Resource; @ 53

Internal exceptions (10 events):
Event: 1.252 Thread 0x0000000002ede000 Threw 0x00000007d61342d0 at C:\re\jdk7u80\2329\hotspot\src\share\vm\prims\jvm.cpp:1319
Event: 1.253 Thread 0x0000000002ede000 Threw 0x00000007d61359b0 at C:\re\jdk7u80\2329\hotspot\src\share\vm\prims\jvm.cpp:1319
Event: 1.253 Thread 0x0000000002ede000 Threw 0x00000007d613a5a8 at C:\re\jdk7u80\2329\hotspot\src\share\vm\prims\jvm.cpp:1319
Event: 1.253 Thread 0x0000000002ede000 Threw 0x00000007d613bc48 at C:\re\jdk7u80\2329\hotspot\src\share\vm\prims\jvm.cpp:1319
Event: 1.254 Thread 0x0000000002ede000 Threw 0x00000007d6140c08 at C:\re\jdk7u80\2329\hotspot\src\share\vm\prims\jvm.cpp:1319
Event: 1.254 Thread 0x0000000002ede000 Threw 0x00000007d6142278 at C:\re\jdk7u80\2329\hotspot\src\share\vm\prims\jvm.cpp:1319
Event: 1.254 Thread 0x0000000002ede000 Threw 0x00000007d61486a8 at C:\re\jdk7u80\2329\hotspot\src\share\vm\prims\jvm.cpp:1319
Event: 1.254 Thread 0x0000000002ede000 Threw 0x00000007d6149e88 at C:\re\jdk7u80\2329\hotspot\src\share\vm\prims\jvm.cpp:1319
Event: 1.257 Thread 0x0000000002ede000 Threw 0x00000007d61597b8 at C:\re\jdk7u80\2329\hotspot\src\share\vm\prims\jvm.cpp:1319
Event: 1.257 Thread 0x0000000002ede000 Threw 0x00000007d615aa28 at C:\re\jdk7u80\2329\hotspot\src\share\vm\prims\jvm.cpp:1319

Events (10 events):
Event: 1.252 loading class 0x000000000f3ccc60
Event: 1.252 loading class 0x000000000f3ccc60 done
Event: 1.253 loading class 0x000000000f404120
Event: 1.253 loading class 0x000000000f404120 done
Event: 1.253 loading class 0x000000000f3cfde0
Event: 1.253 loading class 0x000000000f3cfde0 done
Event: 1.254 loading class 0x000000000f3c4390
Event: 1.254 loading class 0x000000000f3c4390 done
Event: 1.257 loading class 0x000000000d39e740
Event: 1.257 loading class 0x000000000d39e740 done


Dynamic libraries:
0x00007ff7f0cb0000 - 0x00007ff7f0ce3000 	D:\ItProgram\Java\jdk1.7.0_80\bin\javaw.exe
0x00007ffc0cb10000 - 0x00007ffc0ccfd000 	C:\Windows\SYSTEM32\ntdll.dll
0x00007ffc0b2b0000 - 0x00007ffc0b363000 	C:\Windows\System32\KERNEL32.DLL
0x00007ffc09140000 - 0x00007ffc093d3000 	C:\Windows\System32\KERNELBASE.dll
0x00007ffc0a870000 - 0x00007ffc0a913000 	C:\Windows\System32\ADVAPI32.dll
0x00007ffc0a9f0000 - 0x00007ffc0aa8e000 	C:\Windows\System32\msvcrt.dll
0x00007ffc0b210000 - 0x00007ffc0b2ae000 	C:\Windows\System32\sechost.dll
0x00007ffc0a1b0000 - 0x00007ffc0a2d2000 	C:\Windows\System32\RPCRT4.dll
0x00007ffc0a660000 - 0x00007ffc0a7f7000 	C:\Windows\System32\USER32.dll
0x00007ffc08dd0000 - 0x00007ffc08df0000 	C:\Windows\System32\win32u.dll
0x00007ffc0b370000 - 0x00007ffc0b399000 	C:\Windows\System32\GDI32.dll
0x00007ffc08bd0000 - 0x00007ffc08d69000 	C:\Windows\System32\gdi32full.dll
0x00007ffc090a0000 - 0x00007ffc09140000 	C:\Windows\System32\msvcp_win.dll
0x00007ffc093e0000 - 0x00007ffc094da000 	C:\Windows\System32\ucrtbase.dll
0x00007ffbf3d50000 - 0x00007ffbf3fc9000 	C:\Windows\WinSxS\amd64_microsoft.windows.common-controls_6595b64144ccf1df_6.0.17763.973_none_05b245900721eb81\COMCTL32.dll
0x00007ffc0acf0000 - 0x00007ffc0b01c000 	C:\Windows\System32\combase.dll
0x00007ffc08fd0000 - 0x00007ffc0904e000 	C:\Windows\System32\bcryptPrimitives.dll
0x00007ffc0b020000 - 0x00007ffc0b04e000 	C:\Windows\System32\IMM32.DLL
0x000000005b980000 - 0x000000005ba52000 	D:\ItProgram\Java\jdk1.7.0_80\jre\bin\msvcr100.dll
0x000000005b1a0000 - 0x000000005b979000 	D:\ItProgram\Java\jdk1.7.0_80\jre\bin\server\jvm.dll
0x00007ffc0ac00000 - 0x00007ffc0ac08000 	C:\Windows\System32\PSAPI.DLL
0x00007ffc062a0000 - 0x00007ffc062c4000 	C:\Windows\SYSTEM32\WINMM.dll
0x00007ffc060e0000 - 0x00007ffc0610d000 	C:\Windows\SYSTEM32\winmmbase.dll
0x00007ffc09050000 - 0x00007ffc0909a000 	C:\Windows\System32\cfgmgr32.dll
0x00007ffc05ca0000 - 0x00007ffc05ca9000 	C:\Windows\SYSTEM32\WSOCK32.dll
0x00007ffc0a800000 - 0x00007ffc0a86d000 	C:\Windows\System32\WS2_32.dll
0x000000005b190000 - 0x000000005b19f000 	D:\ItProgram\Java\jdk1.7.0_80\jre\bin\verify.dll
0x000000005b160000 - 0x000000005b188000 	D:\ItProgram\Java\jdk1.7.0_80\jre\bin\java.dll
0x000000005b120000 - 0x000000005b155000 	D:\ItProgram\Java\jdk1.7.0_80\jre\bin\jdwp.dll
0x000000005b110000 - 0x000000005b118000 	D:\ItProgram\Java\jdk1.7.0_80\jre\bin\npt.dll
0x000000005b0f0000 - 0x000000005b106000 	D:\ItProgram\Java\jdk1.7.0_80\jre\bin\zip.dll
0x000000005b0e0000 - 0x000000005b0e9000 	D:\ItProgram\Java\jdk1.7.0_80\jre\bin\dt_socket.dll
0x00007ffbe56c0000 - 0x00007ffbe56d6000 	C:\Windows\system32\napinsp.dll
0x00007ffbe56a0000 - 0x00007ffbe56ba000 	C:\Windows\system32\pnrpnsp.dll
0x00007ffc08370000 - 0x00007ffc083d7000 	C:\Windows\System32\mswsock.dll
0x00007ffc080d0000 - 0x00007ffc08196000 	C:\Windows\SYSTEM32\DNSAPI.dll
0x00007ffc0b050000 - 0x00007ffc0b058000 	C:\Windows\System32\NSI.dll
0x00007ffc08090000 - 0x00007ffc080cd000 	C:\Windows\SYSTEM32\IPHLPAPI.DLL
0x00007ffbe7f00000 - 0x00007ffbe7f0e000 	C:\Windows\System32\winrnr.dll
0x00007ffc04860000 - 0x00007ffc0487b000 	C:\Windows\system32\NLAapi.dll
0x00007ffbeda80000 - 0x00007ffbeda95000 	C:\Windows\system32\wshbth.dll
0x00007ffbfbe00000 - 0x00007ffbfbe79000 	C:\Windows\System32\fwpuclnt.dll
0x00007ffc09c30000 - 0x00007ffc09c56000 	C:\Windows\System32\bcrypt.dll
0x00007ffbfbd60000 - 0x00007ffbfbd6a000 	C:\Windows\System32\rasadhlp.dll
0x000000005b0c0000 - 0x000000005b0da000 	D:\ItProgram\Java\jdk1.7.0_80\jre\bin\net.dll
0x000000005b0a0000 - 0x000000005b0b1000 	D:\ItProgram\Java\jdk1.7.0_80\jre\bin\nio.dll

VM Arguments:
jvm_args: -agentlib:jdwp=transport=dt_socket,suspend=y,address=localhost:9440 -Dmaven.home=D:\ItProgram\apache-maven-3.3.9 -Dclassworlds.conf=D:\itElse\javaWorkspa2\.metadata\.plugins\org.eclipse.m2e.launching\launches\m2conf10053913028282094388.tmp -Dmaven.multiModuleProjectDirectory=D:\itElse\javaWorkspa2\taotao-search -Dfile.encoding=UTF-8 
java_command: org.codehaus.plexus.classworlds.launcher.Launcher -B -s D:\ItProgram\apache-maven-3.6.1\conf\settings.xml clean tomcat7:run
Launcher Type: SUN_STANDARD

Environment Variables:
JAVA_HOME=D:\ItProgram\Java\jdk1.7.0_80
PATH=D:\ItProgram\Java\jdk1.7.0_80\jre\bin;D:\ItProgram\Python\Python38\Scripts\;D:\ItProgram\Python\Python38\;C:\ProgramData\Oracle\Java\javapath;D:\ItProgram\Java\jdk1.7.0_80\bin;C:\Windows\system32;C:\Windows;C:\Windows\System32\Wbem;C:\Windows\System32\WindowsPowerShell\v1.0\;C:\Windows\System32\OpenSSH\;C:\Program Files (x86)\NVIDIA Corporation\PhysX\Common;C:\Program Files\NVIDIA Corporation\NVIDIA NvDLISR;D:\ItProgram\apache-maven-3.6.1\bin;D:\ItProgram\MySQL\MySQL Server 5.5\bin;C:\Program Files\MySQL\MySQL Server 5.5\bin;C:\Program Files (x86)\Microsoft SQL Server\100\Tools\Binn\;C:\Program Files\Microsoft SQL Server\100\Tools\Binn\;C:\Program Files\Microsoft SQL Server\100\DTS\Binn\;D:\ItProgram\VisualSVN Server\bin;D:\ItProgram\TortoiseSVN\bin;C:\Users\myPc\AppData\Local\Microsoft\WindowsApps;D:\general\Bandizip\
USERNAME=myPc
OS=Windows_NT
PROCESSOR_IDENTIFIER=Intel64 Family 6 Model 158 Stepping 10, GenuineIntel



---------------  S Y S T E M  ---------------

OS: Windows 8.1 , 64 bit Build 9600 

CPU:total 12 (6 cores per cpu, 2 threads per core) family 6 model 158 stepping 10, cmov, cx8, fxsr, mmx, sse, sse2, sse3, ssse3, sse4.1, sse4.2, popcnt, avx, avx2, aes, erms, ht, tsc, tscinvbit

Memory: 4k page, physical 8256756k(515332k free), swap 21363952k(48k free)

vm_info: Java HotSpot(TM) 64-Bit Server VM (24.80-b11) for windows-amd64 JRE (1.7.0_80-b15), built on Apr 10 2015 11:26:34 by "java_re" with unknown MS VC++:1600

time: Wed Feb 12 12:55:31 2020
elapsed time: 1 seconds

