#
# There is insufficient memory for the Java Runtime Environment to continue.
# Native memory allocation (malloc) failed to allocate 2304736 bytes for Chunk::new
# Possible reasons:
#   The system is out of physical RAM or swap space
#   In 32 bit mode, the process size limit was hit
# Possible solutions:
#   Reduce memory load on the system
#   Increase physical memory or swap space
#   Check if swap backing store is full
#   Use 64 bit Java on a 64 bit OS
#   Decrease Java heap size (-Xmx/-Xms)
#   Decrease number of Java threads
#   Decrease Java thread stack sizes (-Xss)
#   Set larger code cache with -XX:ReservedCodeCacheSize=
# This output file may be truncated or incomplete.
#
#  Out of Memory Error (allocation.cpp:323), pid=27120, tid=23740
#
# JRE version: Java(TM) SE Runtime Environment (7.0_80-b15) (build 1.7.0_80-b15)
# Java VM: Java HotSpot(TM) 64-Bit Server VM (24.80-b11 mixed mode windows-amd64 compressed oops)
# Failed to write core dump. Minidumps are not enabled by default on client versions of Windows
#

---------------  T H R E A D  ---------------

Current thread (0x0000000002f55800):  JavaThread "C2 CompilerThread0" daemon [_thread_in_native, id=23740, stack(0x000000000e4c0000,0x000000000e5c0000)]

Stack: [0x000000000e4c0000,0x000000000e5c0000]
[error occurred during error reporting (printing stack bounds), id 0xc0000005]


Current CompileTask:
C2:   8169  933   !         org.apache.catalina.startup.ContextConfig::populateJavaClassCache (159 bytes)


---------------  P R O C E S S  ---------------

Java Threads: ( => current thread )
  0x000000000f7b3000 JavaThread "localhost-startStop-1" daemon [_thread_in_native, id=27172, stack(0x0000000010240000,0x0000000010340000)]
  0x000000000efcc800 JavaThread "Tomcat-startStop-1" daemon [_thread_blocked, id=27168, stack(0x0000000010140000,0x0000000010240000)]
  0x000000000cf69800 JavaThread "Service Thread" daemon [_thread_blocked, id=23736, stack(0x000000000e6c0000,0x000000000e7c0000)]
  0x0000000002f59000 JavaThread "C2 CompilerThread1" daemon [_thread_in_native, id=21640, stack(0x000000000e5c0000,0x000000000e6c0000)]
=>0x0000000002f55800 JavaThread "C2 CompilerThread0" daemon [_thread_in_native, id=23740, stack(0x000000000e4c0000,0x000000000e5c0000)]
  0x000000000cf64800 JavaThread "Attach Listener" daemon [_thread_blocked, id=4268, stack(0x000000000e3c0000,0x000000000e4c0000)]
  0x000000000cf63800 JavaThread "Signal Dispatcher" daemon [_thread_blocked, id=10472, stack(0x000000000e2c0000,0x000000000e3c0000)]
  0x000000000b881800 JavaThread "Finalizer" daemon [_thread_blocked, id=8060, stack(0x000000000e1c0000,0x000000000e2c0000)]
  0x000000000b876800 JavaThread "Reference Handler" daemon [_thread_blocked, id=26560, stack(0x000000000e0c0000,0x000000000e1c0000)]
  0x0000000002e61000 JavaThread "main" [_thread_blocked, id=27316, stack(0x0000000002cd0000,0x0000000002dd0000)]

Other Threads:
  0x000000000b872800 VMThread [stack: 0x000000000dfc0000,0x000000000e0c0000] [id=17880]
  0x000000000cf7a800 WatcherThread [stack: 0x000000000e7c0000,0x000000000e8c0000] [id=19760]

VM state:not at safepoint (normal execution)

VM Mutex/Monitor currently owned by a thread: None

Heap
 PSYoungGen      total 441856K, used 150022K [0x00000007d6000000, 0x00000007fbb80000, 0x0000000800000000)
  eden space 389632K, 25% used [0x00000007d6000000,0x00000007dbfcf2c8,0x00000007edc80000)
  from space 52224K, 99% used [0x00000007f8880000,0x00000007fbb326f8,0x00000007fbb80000)
  to   space 66560K, 0% used [0x00000007f3980000,0x00000007f3980000,0x00000007f7a80000)
 ParOldGen       total 148480K, used 68519K [0x0000000782000000, 0x000000078b100000, 0x00000007d6000000)
  object space 148480K, 46% used [0x0000000782000000,0x00000007862e9ed0,0x000000078b100000)
 PSPermGen       total 53760K, used 27498K [0x000000077ce00000, 0x0000000780280000, 0x0000000782000000)
  object space 53760K, 51% used [0x000000077ce00000,0x000000077e8da968,0x0000000780280000)

Card table byte_map: [0x0000000006020000,0x0000000006440000] byte_map_base: 0x0000000002439000

Polling page: 0x00000000007d0000

Code Cache  [0x0000000002f60000, 0x0000000003280000, 0x0000000005f60000)
 total_blobs=1201 nmethods=842 adapters=310 free_code_cache=46191Kb largest_free_block=47116032

Compilation events (10 events):
Event: 8.135 Thread 0x0000000002f59000 nmethod 1002 0x0000000003171290 code [0x0000000003171400, 0x0000000003171718]
Event: 8.135 Thread 0x0000000002f59000 1003             sun.net.www.protocol.file.FileURLConnection::<init> (38 bytes)
Event: 8.137 Thread 0x0000000002f59000 nmethod 1003 0x00000000030e3110 code [0x00000000030e3260, 0x00000000030e34f8]
Event: 8.137 Thread 0x0000000002f59000 1004             sun.net.www.URLConnection::<init> (22 bytes)
Event: 8.139 Thread 0x0000000002f59000 nmethod 1004 0x0000000003170110 code [0x0000000003170260, 0x00000000031704d8]
Event: 8.139 Thread 0x0000000002f59000 1005             sun.net.www.MessageHeader::<init> (9 bytes)
Event: 8.140 Thread 0x0000000002f59000 nmethod 1005 0x00000000030e2c50 code [0x00000000030e2da0, 0x00000000030e2fd8]
Event: 8.140 Thread 0x0000000002f59000 1006             java.net.URLStreamHandler::getDefaultPort (2 bytes)
Event: 8.141 Thread 0x0000000002f59000 nmethod 1006 0x00000000030e3690 code [0x00000000030e37c0, 0x00000000030e3818]
Event: 8.141 Thread 0x0000000002f59000 1007             org.apache.tomcat.util.bcel.classfile.Attribute::readAttribute (527 bytes)

GC Heap History (10 events):
Event: 5.087 GC heap before
{Heap before GC invocations=5 (full 0):
 PSYoungGen      total 136192K, used 136168K [0x00000007d6000000, 0x00000007dea00000, 0x0000000800000000)
  eden space 131072K, 100% used [0x00000007d6000000,0x00000007de000000,0x00000007de000000)
  from space 5120K, 99% used [0x00000007de500000,0x00000007de9fa040,0x00000007dea00000)
  to   space 5120K, 0% used [0x00000007de000000,0x00000007de000000,0x00000007de500000)
 ParOldGen       total 86016K, used 12867K [0x0000000782000000, 0x0000000787400000, 0x00000007d6000000)
  object space 86016K, 14% used [0x0000000782000000,0x0000000782c90f68,0x0000000787400000)
 PSPermGen       total 26624K, used 26619K [0x000000077ce00000, 0x000000077e800000, 0x0000000782000000)
  object space 26624K, 99% used [0x000000077ce00000,0x000000077e7fefa0,0x000000077e800000)
Event: 5.109 GC heap after
Heap after GC invocations=5 (full 0):
 PSYoungGen      total 136192K, used 5088K [0x00000007d6000000, 0x00000007e9300000, 0x0000000800000000)
  eden space 131072K, 0% used [0x00000007d6000000,0x00000007d6000000,0x00000007de000000)
  from space 5120K, 99% used [0x00000007de000000,0x00000007de4f8040,0x00000007de500000)
  to   space 26112K, 0% used [0x00000007e7980000,0x00000007e7980000,0x00000007e9300000)
 ParOldGen       total 86016K, used 36997K [0x0000000782000000, 0x0000000787400000, 0x00000007d6000000)
  object space 86016K, 43% used [0x0000000782000000,0x0000000784421450,0x0000000787400000)
 PSPermGen       total 26624K, used 26619K [0x000000077ce00000, 0x000000077e800000, 0x0000000782000000)
  object space 26624K, 99% used [0x000000077ce00000,0x000000077e7fefa0,0x000000077e800000)
}
Event: 5.528 GC heap before
{Heap before GC invocations=6 (full 0):
 PSYoungGen      total 136192K, used 136160K [0x00000007d6000000, 0x00000007e9300000, 0x0000000800000000)
  eden space 131072K, 100% used [0x00000007d6000000,0x00000007de000000,0x00000007de000000)
  from space 5120K, 99% used [0x00000007de000000,0x00000007de4f8040,0x00000007de500000)
  to   space 26112K, 0% used [0x00000007e7980000,0x00000007e7980000,0x00000007e9300000)
 ParOldGen       total 86016K, used 36997K [0x0000000782000000, 0x0000000787400000, 0x00000007d6000000)
  object space 86016K, 43% used [0x0000000782000000,0x0000000784421450,0x0000000787400000)
 PSPermGen       total 27136K, used 26668K [0x000000077ce00000, 0x000000077e880000, 0x0000000782000000)
  object space 27136K, 98% used [0x000000077ce00000,0x000000077e80b128,0x000000077e880000)
Event: 5.552 GC heap after
Heap after GC invocations=6 (full 0):
 PSYoungGen      total 280064K, used 26101K [0x00000007d6000000, 0x00000007ea300000, 0x0000000800000000)
  eden space 253952K, 0% used [0x00000007d6000000,0x00000007d6000000,0x00000007e5800000)
  from space 26112K, 99% used [0x00000007e7980000,0x00000007e92fd7b8,0x00000007e9300000)
  to   space 34304K, 0% used [0x00000007e5800000,0x00000007e5800000,0x00000007e7980000)
 ParOldGen       total 86016K, used 41581K [0x0000000782000000, 0x0000000787400000, 0x00000007d6000000)
  object space 86016K, 48% used [0x0000000782000000,0x000000078489b5c0,0x0000000787400000)
 PSPermGen       total 27136K, used 26668K [0x000000077ce00000, 0x000000077e880000, 0x0000000782000000)
  object space 27136K, 98% used [0x000000077ce00000,0x000000077e80b128,0x000000077e880000)
}
Event: 6.549 GC heap before
{Heap before GC invocations=7 (full 0):
 PSYoungGen      total 280064K, used 280053K [0x00000007d6000000, 0x00000007ea300000, 0x0000000800000000)
  eden space 253952K, 100% used [0x00000007d6000000,0x00000007e5800000,0x00000007e5800000)
  from space 26112K, 99% used [0x00000007e7980000,0x00000007e92fd7b8,0x00000007e9300000)
  to   space 34304K, 0% used [0x00000007e5800000,0x00000007e5800000,0x00000007e7980000)
 ParOldGen       total 86016K, used 41581K [0x0000000782000000, 0x0000000787400000, 0x00000007d6000000)
  object space 86016K, 48% used [0x0000000782000000,0x000000078489b5c0,0x0000000787400000)
 PSPermGen       total 27136K, used 26690K [0x000000077ce00000, 0x000000077e880000, 0x0000000782000000)
  object space 27136K, 98% used [0x000000077ce00000,0x000000077e810b68,0x000000077e880000)
Event: 6.601 GC heap after
Heap after GC invocations=7 (full 0):
 PSYoungGen      total 288256K, used 34301K [0x00000007d6000000, 0x00000007fc100000, 0x0000000800000000)
  eden space 253952K, 0% used [0x00000007d6000000,0x00000007d6000000,0x00000007e5800000)
  from space 34304K, 99% used [0x00000007e5800000,0x00000007e797f7c0,0x00000007e7980000)
  to   space 57856K, 0% used [0x00000007f8880000,0x00000007f8880000,0x00000007fc100000)
 ParOldGen       total 86016K, used 74770K [0x0000000782000000, 0x0000000787400000, 0x00000007d6000000)
  object space 86016K, 86% used [0x0000000782000000,0x00000007869048d0,0x0000000787400000)
 PSPermGen       total 27136K, used 26690K [0x000000077ce00000, 0x000000077e880000, 0x0000000782000000)
  object space 27136K, 98% used [0x000000077ce00000,0x000000077e810b68,0x000000077e880000)
}
Event: 6.601 GC heap before
{Heap before GC invocations=8 (full 1):
 PSYoungGen      total 288256K, used 34301K [0x00000007d6000000, 0x00000007fc100000, 0x0000000800000000)
  eden space 253952K, 0% used [0x00000007d6000000,0x00000007d6000000,0x00000007e5800000)
  from space 34304K, 99% used [0x00000007e5800000,0x00000007e797f7c0,0x00000007e7980000)
  to   space 57856K, 0% used [0x00000007f8880000,0x00000007f8880000,0x00000007fc100000)
 ParOldGen       total 86016K, used 74770K [0x0000000782000000, 0x0000000787400000, 0x00000007d6000000)
  object space 86016K, 86% used [0x0000000782000000,0x00000007869048d0,0x0000000787400000)
 PSPermGen       total 27136K, used 26690K [0x000000077ce00000, 0x000000077e880000, 0x0000000782000000)
  object space 27136K, 98% used [0x000000077ce00000,0x000000077e810b68,0x000000077e880000)
Event: 6.785 GC heap after
Heap after GC invocations=8 (full 1):
 PSYoungGen      total 288256K, used 0K [0x00000007d6000000, 0x00000007fc100000, 0x0000000800000000)
  eden space 253952K, 0% used [0x00000007d6000000,0x00000007d6000000,0x00000007e5800000)
  from space 34304K, 0% used [0x00000007e5800000,0x00000007e5800000,0x00000007e7980000)
  to   space 57856K, 0% used [0x00000007f8880000,0x00000007f8880000,0x00000007fc100000)
 ParOldGen       total 148480K, used 68519K [0x0000000782000000, 0x000000078b100000, 0x00000007d6000000)
  object space 148480K, 46% used [0x0000000782000000,0x00000007862e9ed0,0x000000078b100000)
 PSPermGen       total 53760K, used 26678K [0x000000077ce00000, 0x0000000780280000, 0x0000000782000000)
  object space 53760K, 49% used [0x000000077ce00000,0x000000077e80da68,0x0000000780280000)
}
Event: 7.710 GC heap before
{Heap before GC invocations=9 (full 1):
 PSYoungGen      total 288256K, used 253952K [0x00000007d6000000, 0x00000007fc100000, 0x0000000800000000)
  eden space 253952K, 100% used [0x00000007d6000000,0x00000007e5800000,0x00000007e5800000)
  from space 34304K, 0% used [0x00000007e5800000,0x00000007e5800000,0x00000007e7980000)
  to   space 57856K, 0% used [0x00000007f8880000,0x00000007f8880000,0x00000007fc100000)
 ParOldGen       total 148480K, used 68519K [0x0000000782000000, 0x000000078b100000, 0x00000007d6000000)
  object space 148480K, 46% used [0x0000000782000000,0x00000007862e9ed0,0x000000078b100000)
 PSPermGen       total 53760K, used 27472K [0x000000077ce00000, 0x0000000780280000, 0x0000000782000000)
  object space 53760K, 51% used [0x000000077ce00000,0x000000077e8d4000,0x0000000780280000)
Event: 7.753 GC heap after
Heap after GC invocations=9 (full 1):
 PSYoungGen      total 441856K, used 51913K [0x00000007d6000000, 0x00000007fbb80000, 0x0000000800000000)
  eden space 389632K, 0% used [0x00000007d6000000,0x00000007d6000000,0x00000007edc80000)
  from space 52224K, 99% used [0x00000007f8880000,0x00000007fbb326f8,0x00000007fbb80000)
  to   space 66560K, 0% used [0x00000007f3980000,0x00000007f3980000,0x00000007f7a80000)
 ParOldGen       total 148480K, used 68519K [0x0000000782000000, 0x000000078b100000, 0x00000007d6000000)
  object space 148480K, 46% used [0x0000000782000000,0x00000007862e9ed0,0x000000078b100000)
 PSPermGen       total 53760K, used 27472K [0x000000077ce00000, 0x0000000780280000, 0x0000000782000000)
  object space 53760K, 51% used [0x000000077ce00000,0x000000077e8d4000,0x0000000780280000)
}

Deoptimization events (10 events):
Event: 7.165 Thread 0x000000000f7b3000 Uncommon trap: reason=unstable_if action=reinterpret pc=0x0000000003060f3c method=java.util.jar.JarFile.getInputStream(Ljava/util/zip/ZipEntry;)Ljava/io/InputStream; @ 8
Event: 7.224 Thread 0x000000000f7b3000 Uncommon trap: reason=unstable_if action=reinterpret pc=0x00000000030fff14 method=java.util.jar.JarFile.maybeInstantiateVerifier()V @ 21
Event: 7.410 Thread 0x000000000f7b3000 Uncommon trap: reason=class_check action=maybe_recompile pc=0x00000000031c4554 method=java.util.jar.JarFile.getJarEntry(Ljava/lang/String;)Ljava/util/jar/JarEntry; @ 2
Event: 7.410 Thread 0x000000000f7b3000 Uncommon trap: reason=class_check action=maybe_recompile pc=0x00000000031c4554 method=java.util.jar.JarFile.getJarEntry(Ljava/lang/String;)Ljava/util/jar/JarEntry; @ 2
Event: 7.410 Thread 0x000000000f7b3000 Uncommon trap: reason=class_check action=maybe_recompile pc=0x00000000031c4554 method=java.util.jar.JarFile.getJarEntry(Ljava/lang/String;)Ljava/util/jar/JarEntry; @ 2
Event: 7.410 Thread 0x000000000f7b3000 Uncommon trap: reason=class_check action=maybe_recompile pc=0x00000000031c4554 method=java.util.jar.JarFile.getJarEntry(Ljava/lang/String;)Ljava/util/jar/JarEntry; @ 2
Event: 7.439 Thread 0x000000000f7b3000 Uncommon trap: reason=unstable_if action=reinterpret pc=0x00000000031b4fa4 method=java.lang.StringCoding.decode(Ljava/lang/String;[BII)[C @ 51
Event: 7.440 Thread 0x000000000f7b3000 Uncommon trap: reason=class_check action=maybe_recompile pc=0x00000000031a0f5c method=java.lang.StringCoding$StringDecoder.decode([BII)[C @ 30
Event: 7.451 Thread 0x000000000f7b3000 Uncommon trap: reason=unstable_if action=reinterpret pc=0x0000000002ffc0fc method=java.lang.CharacterDataLatin1.isWhitespace(I)Z @ 14
Event: 7.799 Thread 0x000000000f7b3000 Uncommon trap: reason=unloaded action=reinterpret pc=0x0000000003221a5c method=org.apache.tomcat.util.bcel.classfile.Attribute.readAttribute(Ljava/io/DataInputStream;Lorg/apache/tomcat/util/bcel/classfile/ConstantPool;)Lorg/apache/tomcat/util/bcel/classfil

Internal exceptions (10 events):
Event: 5.218 Thread 0x000000000f7b3000 Threw 0x00000007d7ddf458 at C:\re\jdk7u80\2329\hotspot\src\share\vm\prims\jvm.cpp:1319
Event: 5.414 Thread 0x000000000f7b3000 Implicit null exception at 0x000000000319a304 to 0x000000000319bc99
Event: 6.283 Thread 0x000000000f7b3000 Threw 0x00000007e3459fd0 at C:\re\jdk7u80\2329\hotspot\src\share\vm\prims\jvm.cpp:1319
Event: 6.285 Thread 0x000000000f7b3000 Threw 0x00000007e345fa90 at C:\re\jdk7u80\2329\hotspot\src\share\vm\prims\jvm.cpp:1319
Event: 6.285 Thread 0x000000000f7b3000 Threw 0x00000007e3460038 at C:\re\jdk7u80\2329\hotspot\src\share\vm\prims\jvm.cpp:1319
Event: 7.164 Thread 0x000000000f7b3000 Threw 0x00000007ddf80fc8 at C:\re\jdk7u80\2329\hotspot\src\share\vm\prims\jvm.cpp:1319
Event: 7.164 Thread 0x000000000f7b3000 Threw 0x00000007ddf81688 at C:\re\jdk7u80\2329\hotspot\src\share\vm\prims\jvm.cpp:1319
Event: 7.165 Thread 0x000000000f7b3000 Threw 0x00000007ddf8ec78 at C:\re\jdk7u80\2329\hotspot\src\share\vm\prims\jvm.cpp:1319
Event: 7.165 Thread 0x000000000f7b3000 Threw 0x00000007ddf8f498 at C:\re\jdk7u80\2329\hotspot\src\share\vm\prims\jvm.cpp:1319
Event: 7.224 Thread 0x000000000f7b3000 Implicit null exception at 0x00000000030ffb73 to 0x00000000030fff03

Events (10 events):
Event: 7.757 Executing VM operation: RevokeBias done
Event: 7.799 Thread 0x000000000f7b3000 Uncommon trap: trap_request=0x00000031 fr.pc=0x0000000003221a5c
Event: 7.799 Thread 0x000000000f7b3000 DEOPT PACKING pc=0x0000000003221a5c sp=0x000000001033e6b0
Event: 7.799 Thread 0x000000000f7b3000 DEOPT UNPACKING pc=0x0000000002f975a4 sp=0x000000001033e660 mode 2
Event: 7.941 Thread 0x0000000002f59000 flushing nmethod 0x000000000311f450
Event: 7.950 Thread 0x0000000002f59000 flushing nmethod 0x0000000003199b10
Event: 7.960 Thread 0x0000000002f59000 flushing nmethod 0x0000000003204f90
Event: 7.960 Thread 0x0000000002f59000 flushing nmethod 0x000000000320fa50
Event: 7.988 loading class 0x000000000cf5d870
Event: 7.988 loading class 0x000000000cf5d870 done


Dynamic libraries:
0x00007ff650e70000 - 0x00007ff650ea3000 	D:\ItProgram\Java\jdk1.7.0_80\bin\javaw.exe
0x00007ffd0ea50000 - 0x00007ffd0ec3d000 	C:\Windows\SYSTEM32\ntdll.dll
0x00007ffd0c700000 - 0x00007ffd0c7b3000 	C:\Windows\System32\KERNEL32.DLL
0x00007ffd0af70000 - 0x00007ffd0b203000 	C:\Windows\System32\KERNELBASE.dll
0x00007ffd0cf90000 - 0x00007ffd0d033000 	C:\Windows\System32\ADVAPI32.dll
0x00007ffd0c2c0000 - 0x00007ffd0c35e000 	C:\Windows\System32\msvcrt.dll
0x00007ffd0c500000 - 0x00007ffd0c59e000 	C:\Windows\System32\sechost.dll
0x00007ffd0e8f0000 - 0x00007ffd0ea12000 	C:\Windows\System32\RPCRT4.dll
0x00007ffd0cb60000 - 0x00007ffd0ccf7000 	C:\Windows\System32\USER32.dll
0x00007ffd0bc50000 - 0x00007ffd0bc70000 	C:\Windows\System32\win32u.dll
0x00007ffd0c230000 - 0x00007ffd0c259000 	C:\Windows\System32\GDI32.dll
0x00007ffd0ba80000 - 0x00007ffd0bc19000 	C:\Windows\System32\gdi32full.dll
0x00007ffd0b290000 - 0x00007ffd0b330000 	C:\Windows\System32\msvcp_win.dll
0x00007ffd0ab10000 - 0x00007ffd0ac0a000 	C:\Windows\System32\ucrtbase.dll
0x00007ffcf3a00000 - 0x00007ffcf3c79000 	C:\Windows\WinSxS\amd64_microsoft.windows.common-controls_6595b64144ccf1df_6.0.17763.914_none_05b346b2072102f2\COMCTL32.dll
0x00007ffd0c830000 - 0x00007ffd0cb5c000 	C:\Windows\System32\combase.dll
0x00007ffd0b210000 - 0x00007ffd0b28e000 	C:\Windows\System32\bcryptPrimitives.dll
0x00007ffd0e8b0000 - 0x00007ffd0e8de000 	C:\Windows\System32\IMM32.DLL
0x000000005a710000 - 0x000000005a7e2000 	D:\ItProgram\Java\jdk1.7.0_80\jre\bin\msvcr100.dll
0x0000000058e30000 - 0x0000000059609000 	D:\ItProgram\Java\jdk1.7.0_80\jre\bin\server\jvm.dll
0x00007ffd0c220000 - 0x00007ffd0c228000 	C:\Windows\System32\PSAPI.DLL
0x00007ffcff630000 - 0x00007ffcff639000 	C:\Windows\SYSTEM32\WSOCK32.dll
0x00007ffd078c0000 - 0x00007ffd078e4000 	C:\Windows\SYSTEM32\WINMM.dll
0x00007ffd07890000 - 0x00007ffd078bd000 	C:\Windows\SYSTEM32\WINMMBASE.dll
0x00007ffd0ac10000 - 0x00007ffd0ac5a000 	C:\Windows\System32\cfgmgr32.dll
0x00007ffd0c7c0000 - 0x00007ffd0c82d000 	C:\Windows\System32\WS2_32.dll
0x0000000058e20000 - 0x0000000058e2f000 	D:\ItProgram\Java\jdk1.7.0_80\jre\bin\verify.dll
0x0000000058df0000 - 0x0000000058e18000 	D:\ItProgram\Java\jdk1.7.0_80\jre\bin\java.dll
0x0000000058dd0000 - 0x0000000058de6000 	D:\ItProgram\Java\jdk1.7.0_80\jre\bin\zip.dll
0x0000000058db0000 - 0x0000000058dca000 	D:\ItProgram\Java\jdk1.7.0_80\jre\bin\net.dll
0x00007ffd0a2b0000 - 0x00007ffd0a317000 	C:\Windows\system32\mswsock.dll
0x0000000058d90000 - 0x0000000058da1000 	D:\ItProgram\Java\jdk1.7.0_80\jre\bin\nio.dll
0x00007ffd0ae40000 - 0x00007ffd0ae57000 	C:\Windows\System32\CRYPTSP.dll
0x00007ffd09e30000 - 0x00007ffd09e63000 	C:\Windows\system32\rsaenh.dll
0x00007ffd0bc20000 - 0x00007ffd0bc46000 	C:\Windows\System32\bcrypt.dll
0x00007ffd0a940000 - 0x00007ffd0a968000 	C:\Windows\SYSTEM32\USERENV.dll
0x00007ffd0aae0000 - 0x00007ffd0ab04000 	C:\Windows\System32\profapi.dll
0x00007ffd0a480000 - 0x00007ffd0a48c000 	C:\Windows\SYSTEM32\CRYPTBASE.dll
0x00007ffd09fd0000 - 0x00007ffd0a00d000 	C:\Windows\SYSTEM32\IPHLPAPI.DLL
0x00007ffd0e8e0000 - 0x00007ffd0e8e8000 	C:\Windows\System32\NSI.dll
0x00007ffcfd940000 - 0x00007ffcfd956000 	C:\Windows\SYSTEM32\dhcpcsvc6.DLL
0x00007ffcfd920000 - 0x00007ffcfd93c000 	C:\Windows\SYSTEM32\dhcpcsvc.DLL
0x00007ffd0a010000 - 0x00007ffd0a0d6000 	C:\Windows\SYSTEM32\DNSAPI.dll
0x0000000058d80000 - 0x0000000058d8b000 	D:\ItProgram\Java\jdk1.7.0_80\jre\bin\management.dll

VM Arguments:
jvm_args: -Dmaven.home=D:\ItProgram\apache-maven-3.3.9 -Dclassworlds.conf=D:\itElse\javaWorkspa2\.metadata\.plugins\org.eclipse.m2e.launching\launches\m2conf14838119141113682417.tmp -Dmaven.multiModuleProjectDirectory=D:\itElse\javaWorkspa2\taotao-search -Dfile.encoding=UTF-8 
java_command: org.codehaus.plexus.classworlds.launcher.Launcher -B -s D:\ItProgram\apache-maven-3.3.9\conf\settings.xml clean tomcat7:run
Launcher Type: SUN_STANDARD

Environment Variables:
JAVA_HOME=D:\ItProgram\Java\jdk1.7.0_80
PATH=C:\ProgramData\Oracle\Java\javapath;D:\ItProgram\Java\jdk1.7.0_80\bin;C:\Windows\system32;C:\Windows;C:\Windows\System32\Wbem;C:\Windows\System32\WindowsPowerShell\v1.0\;C:\Windows\System32\OpenSSH\;C:\Program Files (x86)\NVIDIA Corporation\PhysX\Common;C:\Program Files\NVIDIA Corporation\NVIDIA NvDLISR;D:\ItProgram\apache-maven-3.6.1\bin;D:\ItProgram\MySQL\MySQL Server 5.5\bin;C:\Program Files\MySQL\MySQL Server 5.5\bin;D:\ItProgram\VisualSVN Server\bin;C:\Program Files (x86)\Microsoft SQL Server\100\Tools\Binn\;C:\Program Files\Microsoft SQL Server\100\Tools\Binn\;C:\Program Files\Microsoft SQL Server\100\DTS\Binn\;C:\Users\myPc\AppData\Local\Microsoft\WindowsApps;
USERNAME=myPc
OS=Windows_NT
PROCESSOR_IDENTIFIER=Intel64 Family 6 Model 158 Stepping 10, GenuineIntel



---------------  S Y S T E M  ---------------

OS: Windows 8.1 , 64 bit Build 9600 

CPU:total 12 (6 cores per cpu, 2 threads per core) family 6 model 158 stepping 10, cmov, cx8, fxsr, mmx, sse, sse2, sse3, ssse3, sse4.1, sse4.2, popcnt, avx, avx2, aes, erms, ht, tsc, tscinvbit

Memory: 4k page, physical 8256756k(375528k free), swap 21363952k(6008k free)

vm_info: Java HotSpot(TM) 64-Bit Server VM (24.80-b11) for windows-amd64 JRE (1.7.0_80-b15), built on Apr 10 2015 11:26:34 by "java_re" with unknown MS VC++:1600

time: Tue Dec 31 09:30:48 2019
elapsed time: 8 seconds

