#
# There is insufficient memory for the Java Runtime Environment to continue.
# Native memory allocation (malloc) failed to allocate 1348816 bytes for Chunk::new
# Possible reasons:
#   The system is out of physical RAM or swap space
#   In 32 bit mode, the process size limit was hit
# Possible solutions:
#   Reduce memory load on the system
#   Increase physical memory or swap space
#   Check if swap backing store is full
#   Use 64 bit Java on a 64 bit OS
#   Decrease Java heap size (-Xmx/-Xms)
#   Decrease number of Java threads
#   Decrease Java thread stack sizes (-Xss)
#   Set larger code cache with -XX:ReservedCodeCacheSize=
# This output file may be truncated or incomplete.
#
#  Out of Memory Error (allocation.cpp:390), pid=15156, tid=0x0000000000002d20
#
# JRE version: Java(TM) SE Runtime Environment (8.0_131-b11) (build 1.8.0_131-b11)
# Java VM: Java HotSpot(TM) 64-Bit Server VM (25.131-b11 mixed mode windows-amd64 compressed oops)
# Failed to write core dump. Minidumps are not enabled by default on client versions of Windows
#

---------------  T H R E A D  ---------------

Current thread (0x00000000197d4000):  JavaThread "C2 CompilerThread1" daemon [_thread_in_native, id=11552, stack(0x000000001b090000,0x000000001b190000)]

Stack: [0x000000001b090000,0x000000001b190000]
[error occurred during error reporting (printing stack bounds), id 0xc0000005]

Native frames: (J=compiled Java code, j=interpreted, Vv=VM code, C=native code)


Current CompileTask:
C2:  11474 4935       4       org.apache.catalina.startup.ContextConfig::populateJavaClassCache (79 bytes)


---------------  P R O C E S S  ---------------

Java Threads: ( => current thread )
  0x000000001c72d800 JavaThread "localhost-startStop-1" daemon [_thread_in_Java, id=52912, stack(0x0000000021b90000,0x0000000021c90000)]
  0x000000001c177000 JavaThread "Tomcat-startStop-1" daemon [_thread_blocked, id=35328, stack(0x000000001f820000,0x000000001f920000)]
  0x0000000019862000 JavaThread "Service Thread" daemon [_thread_blocked, id=43692, stack(0x000000001b390000,0x000000001b490000)]
  0x00000000197da800 JavaThread "C1 CompilerThread3" daemon [_thread_blocked, id=52852, stack(0x000000001b290000,0x000000001b390000)]
  0x00000000197d9800 JavaThread "C2 CompilerThread2" daemon [_thread_in_native, id=41724, stack(0x000000001b190000,0x000000001b290000)]
=>0x00000000197d4000 JavaThread "C2 CompilerThread1" daemon [_thread_in_native, id=11552, stack(0x000000001b090000,0x000000001b190000)]
  0x00000000197d0000 JavaThread "C2 CompilerThread0" daemon [_thread_in_native, id=37540, stack(0x000000001af90000,0x000000001b090000)]
  0x00000000197cc800 JavaThread "JDWP Command Reader" daemon [_thread_in_native, id=26588, stack(0x000000001ae90000,0x000000001af90000)]
  0x00000000197be800 JavaThread "JDWP Event Helper Thread" daemon [_thread_blocked, id=23916, stack(0x000000001ad90000,0x000000001ae90000)]
  0x00000000197b5000 JavaThread "JDWP Transport Listener: dt_socket" daemon [_thread_blocked, id=42236, stack(0x000000001ac90000,0x000000001ad90000)]
  0x000000001974e000 JavaThread "Attach Listener" daemon [_thread_blocked, id=48188, stack(0x000000001ab90000,0x000000001ac90000)]
  0x000000001974d000 JavaThread "Signal Dispatcher" daemon [_thread_blocked, id=29156, stack(0x000000001aa90000,0x000000001ab90000)]
  0x0000000019733000 JavaThread "Finalizer" daemon [_thread_blocked, id=51652, stack(0x000000001a990000,0x000000001aa90000)]
  0x000000001804d000 JavaThread "Reference Handler" daemon [_thread_blocked, id=17240, stack(0x000000001a890000,0x000000001a990000)]
  0x00000000029ae800 JavaThread "main" [_thread_blocked, id=51424, stack(0x0000000002d10000,0x0000000002e10000)]

Other Threads:
  0x0000000019712800 VMThread [stack: 0x000000001a790000,0x000000001a890000] [id=12004]
  0x00000000198e7000 WatcherThread [stack: 0x000000001b490000,0x000000001b590000] [id=16064]

VM state:not at safepoint (normal execution)

VM Mutex/Monitor currently owned by a thread: None

Heap:
 PSYoungGen      total 177664K, used 167941K [0x00000000d6000000, 0x00000000e4880000, 0x0000000100000000)
  eden space 156160K, 93% used [0x00000000d6000000,0x00000000def097b0,0x00000000df880000)
  from space 21504K, 99% used [0x00000000e3380000,0x00000000e4877dc8,0x00000000e4880000)
  to   space 30720K, 0% used [0x00000000e0c80000,0x00000000e0c80000,0x00000000e2a80000)
 ParOldGen       total 138752K, used 50225K [0x0000000082000000, 0x000000008a780000, 0x00000000d6000000)
  object space 138752K, 36% used [0x0000000082000000,0x000000008510c630,0x000000008a780000)
 Metaspace       used 29158K, capacity 29870K, committed 30080K, reserved 1075200K
  class space    used 3424K, capacity 3627K, committed 3712K, reserved 1048576K

Card table byte_map: [0x00000000122d0000,0x00000000126d0000] byte_map_base: 0x0000000011ec0000

Marking Bits: (ParMarkBitMap*) 0x0000000076c7c720
 Begin Bits: [0x0000000013370000, 0x00000000152f0000)
 End Bits:   [0x00000000152f0000, 0x0000000017270000)

Polling page: 0x00000000007e0000

CodeCache: size=245760Kb used=16477Kb max_used=16486Kb free=229282Kb
 bounds [0x0000000002f10000, 0x0000000003f90000, 0x0000000011f10000]
 total_blobs=4709 nmethods=4296 adapters=333
 compilation: enabled

Compilation events (10 events):
Event: 11.295 Thread 0x00000000197d4000 nmethod 4934 0x00000000034ca150 code [0x00000000034ca2a0, 0x00000000034ca838]
Event: 11.308 Thread 0x00000000197d4000 4935       4       org.apache.catalina.startup.ContextConfig::populateJavaClassCache (79 bytes)
Event: 11.353 Thread 0x00000000197da800 4936       3       org.apache.tomcat.util.scan.JarFactory::newInstance (32 bytes)
Event: 11.353 Thread 0x00000000197da800 nmethod 4936 0x0000000003270310 code [0x0000000003270520, 0x00000000032710b8]
Event: 11.353 Thread 0x00000000197da800 4937       3       org.apache.tomcat.util.scan.FileUrlJar::<init> (31 bytes)
Event: 11.353 Thread 0x00000000197da800 nmethod 4937 0x0000000003ad24d0 code [0x0000000003ad2680, 0x0000000003ad2c88]
Event: 11.353 Thread 0x00000000197da800 4939       3       org.apache.catalina.deploy.SessionConfig::<init> (15 bytes)
Event: 11.354 Thread 0x00000000197da800 nmethod 4939 0x0000000003020dd0 code [0x0000000003020f40, 0x0000000003021148]
Event: 11.354 Thread 0x00000000197da800 4938   !   3       org.apache.tomcat.util.scan.FileUrlJar::close (19 bytes)
Event: 11.354 Thread 0x00000000197da800 nmethod 4938 0x0000000003047390 code [0x0000000003047500, 0x0000000003047788]

GC Heap History (10 events):
Event: 8.960 GC heap before
{Heap before GC invocations=11 (full 1):
 PSYoungGen      total 137216K, used 137204K [0x00000000d6000000, 0x00000000e0c00000, 0x0000000100000000)
  eden space 123904K, 100% used [0x00000000d6000000,0x00000000dd900000,0x00000000dd900000)
  from space 13312K, 99% used [0x00000000dd900000,0x00000000de5fd310,0x00000000de600000)
  to   space 20480K, 0% used [0x00000000df800000,0x00000000df800000,0x00000000e0c00000)
 ParOldGen       total 60928K, used 31435K [0x0000000082000000, 0x0000000085b80000, 0x00000000d6000000)
  object space 60928K, 51% used [0x0000000082000000,0x0000000083eb2d18,0x0000000085b80000)
 Metaspace       used 29135K, capacity 29870K, committed 30080K, reserved 1075200K
  class space    used 3420K, capacity 3627K, committed 3712K, reserved 1048576K
Event: 8.992 GC heap after
Heap after GC invocations=11 (full 1):
 PSYoungGen      total 147968K, used 20450K [0x00000000d6000000, 0x00000000e3a00000, 0x0000000100000000)
  eden space 127488K, 0% used [0x00000000d6000000,0x00000000d6000000,0x00000000ddc80000)
  from space 20480K, 99% used [0x00000000df800000,0x00000000e0bf88d8,0x00000000e0c00000)
  to   space 28160K, 0% used [0x00000000ddc80000,0x00000000ddc80000,0x00000000df800000)
 ParOldGen       total 60928K, used 44408K [0x0000000082000000, 0x0000000085b80000, 0x00000000d6000000)
  object space 60928K, 72% used [0x0000000082000000,0x0000000084b5e1a8,0x0000000085b80000)
 Metaspace       used 29135K, capacity 29870K, committed 30080K, reserved 1075200K
  class space    used 3420K, capacity 3627K, committed 3712K, reserved 1048576K
}
Event: 9.494 GC heap before
{Heap before GC invocations=12 (full 1):
 PSYoungGen      total 147968K, used 147938K [0x00000000d6000000, 0x00000000e3a00000, 0x0000000100000000)
  eden space 127488K, 100% used [0x00000000d6000000,0x00000000ddc80000,0x00000000ddc80000)
  from space 20480K, 99% used [0x00000000df800000,0x00000000e0bf88d8,0x00000000e0c00000)
  to   space 28160K, 0% used [0x00000000ddc80000,0x00000000ddc80000,0x00000000df800000)
 ParOldGen       total 60928K, used 44408K [0x0000000082000000, 0x0000000085b80000, 0x00000000d6000000)
  object space 60928K, 72% used [0x0000000082000000,0x0000000084b5e1a8,0x0000000085b80000)
 Metaspace       used 29141K, capacity 29870K, committed 30080K, reserved 1075200K
  class space    used 3421K, capacity 3627K, committed 3712K, reserved 1048576K
Event: 9.706 GC heap after
Heap after GC invocations=12 (full 1):
 PSYoungGen      total 155648K, used 20298K [0x00000000d6000000, 0x00000000e5080000, 0x0000000100000000)
  eden space 127488K, 0% used [0x00000000d6000000,0x00000000d6000000,0x00000000ddc80000)
  from space 28160K, 72% used [0x00000000ddc80000,0x00000000df0529c8,0x00000000df800000)
  to   space 29696K, 0% used [0x00000000e3380000,0x00000000e3380000,0x00000000e5080000)
 ParOldGen       total 60928K, used 52281K [0x0000000082000000, 0x0000000085b80000, 0x00000000d6000000)
  object space 60928K, 85% used [0x0000000082000000,0x000000008530e5f8,0x0000000085b80000)
 Metaspace       used 29141K, capacity 29870K, committed 30080K, reserved 1075200K
  class space    used 3421K, capacity 3627K, committed 3712K, reserved 1048576K
}
Event: 9.707 GC heap before
{Heap before GC invocations=13 (full 2):
 PSYoungGen      total 155648K, used 20298K [0x00000000d6000000, 0x00000000e5080000, 0x0000000100000000)
  eden space 127488K, 0% used [0x00000000d6000000,0x00000000d6000000,0x00000000ddc80000)
  from space 28160K, 72% used [0x00000000ddc80000,0x00000000df0529c8,0x00000000df800000)
  to   space 29696K, 0% used [0x00000000e3380000,0x00000000e3380000,0x00000000e5080000)
 ParOldGen       total 60928K, used 52281K [0x0000000082000000, 0x0000000085b80000, 0x00000000d6000000)
  object space 60928K, 85% used [0x0000000082000000,0x000000008530e5f8,0x0000000085b80000)
 Metaspace       used 29141K, capacity 29870K, committed 30080K, reserved 1075200K
  class space    used 3421K, capacity 3627K, committed 3712K, reserved 1048576K
Event: 9.859 GC heap after
Heap after GC invocations=13 (full 2):
 PSYoungGen      total 155648K, used 0K [0x00000000d6000000, 0x00000000e5080000, 0x0000000100000000)
  eden space 127488K, 0% used [0x00000000d6000000,0x00000000d6000000,0x00000000ddc80000)
  from space 28160K, 0% used [0x00000000ddc80000,0x00000000ddc80000,0x00000000df800000)
  to   space 29696K, 0% used [0x00000000e3380000,0x00000000e3380000,0x00000000e5080000)
 ParOldGen       total 60928K, used 50698K [0x0000000082000000, 0x0000000085b80000, 0x00000000d6000000)
  object space 60928K, 83% used [0x0000000082000000,0x0000000085182878,0x0000000085b80000)
 Metaspace       used 29141K, capacity 29870K, committed 30080K, reserved 1075200K
  class space    used 3421K, capacity 3627K, committed 3712K, reserved 1048576K
}
Event: 10.361 GC heap before
{Heap before GC invocations=14 (full 3):
 PSYoungGen      total 155648K, used 127488K [0x00000000d6000000, 0x00000000e5080000, 0x0000000100000000)
  eden space 127488K, 100% used [0x00000000d6000000,0x00000000ddc80000,0x00000000ddc80000)
  from space 28160K, 0% used [0x00000000ddc80000,0x00000000ddc80000,0x00000000df800000)
  to   space 29696K, 0% used [0x00000000e3380000,0x00000000e3380000,0x00000000e5080000)
 ParOldGen       total 60928K, used 50698K [0x0000000082000000, 0x0000000085b80000, 0x00000000d6000000)
  object space 60928K, 83% used [0x0000000082000000,0x0000000085182878,0x0000000085b80000)
 Metaspace       used 29153K, capacity 29870K, committed 30080K, reserved 1075200K
  class space    used 3423K, capacity 3627K, committed 3712K, reserved 1048576K
Event: 10.649 GC heap after
Heap after GC invocations=14 (full 3):
 PSYoungGen      total 155648K, used 0K [0x00000000d6000000, 0x00000000e5080000, 0x0000000100000000)
  eden space 127488K, 0% used [0x00000000d6000000,0x00000000d6000000,0x00000000ddc80000)
  from space 28160K, 0% used [0x00000000ddc80000,0x00000000ddc80000,0x00000000df800000)
  to   space 29696K, 0% used [0x00000000e3380000,0x00000000e3380000,0x00000000e5080000)
 ParOldGen       total 138752K, used 50225K [0x0000000082000000, 0x000000008a780000, 0x00000000d6000000)
  object space 138752K, 36% used [0x0000000082000000,0x000000008510c630,0x000000008a780000)
 Metaspace       used 29153K, capacity 29870K, committed 30080K, reserved 1075200K
  class space    used 3423K, capacity 3627K, committed 3712K, reserved 1048576K
}
Event: 11.008 GC heap before
{Heap before GC invocations=15 (full 3):
 PSYoungGen      total 155648K, used 127488K [0x00000000d6000000, 0x00000000e5080000, 0x0000000100000000)
  eden space 127488K, 100% used [0x00000000d6000000,0x00000000ddc80000,0x00000000ddc80000)
  from space 28160K, 0% used [0x00000000ddc80000,0x00000000ddc80000,0x00000000df800000)
  to   space 29696K, 0% used [0x00000000e3380000,0x00000000e3380000,0x00000000e5080000)
 ParOldGen       total 138752K, used 50225K [0x0000000082000000, 0x000000008a780000, 0x00000000d6000000)
  object space 138752K, 36% used [0x0000000082000000,0x000000008510c630,0x000000008a780000)
 Metaspace       used 29156K, capacity 29870K, committed 30080K, reserved 1075200K
  class space    used 3424K, capacity 3627K, committed 3712K, reserved 1048576K
Event: 11.027 GC heap after
Heap after GC invocations=15 (full 3):
 PSYoungGen      total 177664K, used 21471K [0x00000000d6000000, 0x00000000e4880000, 0x0000000100000000)
  eden space 156160K, 0% used [0x00000000d6000000,0x00000000d6000000,0x00000000df880000)
  from space 21504K, 99% used [0x00000000e3380000,0x00000000e4877dc8,0x00000000e4880000)
  to   space 30720K, 0% used [0x00000000e0c80000,0x00000000e0c80000,0x00000000e2a80000)
 ParOldGen       total 138752K, used 50225K [0x0000000082000000, 0x000000008a780000, 0x00000000d6000000)
  object space 138752K, 36% used [0x0000000082000000,0x000000008510c630,0x000000008a780000)
 Metaspace       used 29156K, capacity 29870K, committed 30080K, reserved 1075200K
  class space    used 3424K, capacity 3627K, committed 3712K, reserved 1048576K
}

Deoptimization events (10 events):
Event: 10.195 Thread 0x000000001c72d800 Uncommon trap: reason=unhandled action=none pc=0x000000000347f714 method=java.net.URLClassLoader.findClass(Ljava/lang/String;)Ljava/lang/Class; @ 44
Event: 10.195 Thread 0x000000001c72d800 Uncommon trap: reason=class_check action=maybe_recompile pc=0x0000000003f535e4 method=org.apache.catalina.startup.ContextConfig.checkHandlesTypes(Lorg/apache/tomcat/util/bcel/classfile/JavaClass;)V @ 178
Event: 10.195 Thread 0x000000001c72d800 Uncommon trap: reason=unhandled action=none pc=0x000000000347f714 method=java.net.URLClassLoader.findClass(Ljava/lang/String;)Ljava/lang/Class; @ 44
Event: 10.195 Thread 0x000000001c72d800 Uncommon trap: reason=unhandled action=none pc=0x000000000347f714 method=java.net.URLClassLoader.findClass(Ljava/lang/String;)Ljava/lang/Class; @ 44
Event: 10.196 Thread 0x000000001c72d800 Uncommon trap: reason=unhandled action=none pc=0x000000000347f714 method=java.net.URLClassLoader.findClass(Ljava/lang/String;)Ljava/lang/Class; @ 44
Event: 10.196 Thread 0x000000001c72d800 Uncommon trap: reason=unhandled action=none pc=0x000000000347f714 method=java.net.URLClassLoader.findClass(Ljava/lang/String;)Ljava/lang/Class; @ 44
Event: 10.196 Thread 0x000000001c72d800 Uncommon trap: reason=class_check action=maybe_recompile pc=0x0000000003f535e4 method=org.apache.catalina.startup.ContextConfig.checkHandlesTypes(Lorg/apache/tomcat/util/bcel/classfile/JavaClass;)V @ 178
Event: 10.714 Thread 0x000000001c72d800 Uncommon trap: reason=unstable_if action=reinterpret pc=0x0000000003f503e0 method=org.apache.tomcat.util.bcel.classfile.JavaClass.<init>(IILjava/lang/String;IIILorg/apache/tomcat/util/bcel/classfile/ConstantPool;[I[Lorg/apache/tomcat/util/bcel/classfile/F
Event: 10.715 Thread 0x000000001c72d800 Uncommon trap: reason=unstable_if action=reinterpret pc=0x0000000003f71158 method=org.apache.tomcat.util.bcel.classfile.JavaClass.<init>(IILjava/lang/String;IIILorg/apache/tomcat/util/bcel/classfile/ConstantPool;[I[Lorg/apache/tomcat/util/bcel/classfile/F
Event: 10.715 Thread 0x000000001c72d800 Uncommon trap: reason=unstable_if action=reinterpret pc=0x0000000003f34930 method=org.apache.tomcat.util.bcel.classfile.JavaClass.<init>(IILjava/lang/String;IIILorg/apache/tomcat/util/bcel/classfile/ConstantPool;[I[Lorg/apache/tomcat/util/bcel/classfile/F

Internal exceptions (10 events):
Event: 7.774 Thread 0x00000000029ae800 Exception <a 'java/lang/ArrayIndexOutOfBoundsException': 71> (0x00000000d6e29168) thrown at [C:\re\workspace\8-2-build-windows-amd64-cygwin\jdk8u131\8869\hotspot\src\share\vm\interpreter\interpreterRuntime.cpp, line 366]
Event: 7.775 Thread 0x00000000029ae800 Exception <a 'java/lang/ArrayIndexOutOfBoundsException': 71> (0x00000000d6e2ab88) thrown at [C:\re\workspace\8-2-build-windows-amd64-cygwin\jdk8u131\8869\hotspot\src\share\vm\interpreter\interpreterRuntime.cpp, line 366]
Event: 7.780 Thread 0x00000000029ae800 Exception <a 'java/lang/ArrayIndexOutOfBoundsException': 55> (0x00000000d6e51040) thrown at [C:\re\workspace\8-2-build-windows-amd64-cygwin\jdk8u131\8869\hotspot\src\share\vm\interpreter\interpreterRuntime.cpp, line 366]
Event: 7.780 Thread 0x00000000029ae800 Exception <a 'java/lang/ArrayIndexOutOfBoundsException': 38> (0x00000000d6e52408) thrown at [C:\re\workspace\8-2-build-windows-amd64-cygwin\jdk8u131\8869\hotspot\src\share\vm\interpreter\interpreterRuntime.cpp, line 366]
Event: 7.785 Thread 0x00000000029ae800 Exception <a 'java/lang/ArrayIndexOutOfBoundsException': 38> (0x00000000d6e78750) thrown at [C:\re\workspace\8-2-build-windows-amd64-cygwin\jdk8u131\8869\hotspot\src\share\vm\interpreter\interpreterRuntime.cpp, line 366]
Event: 7.789 Thread 0x00000000029ae800 Exception <a 'java/lang/ArrayIndexOutOfBoundsException': 49> (0x00000000d6e86600) thrown at [C:\re\workspace\8-2-build-windows-amd64-cygwin\jdk8u131\8869\hotspot\src\share\vm\interpreter\interpreterRuntime.cpp, line 366]
Event: 8.024 Thread 0x000000001c72d800 Implicit null exception at 0x0000000003b4b927 to 0x0000000003b4c649
Event: 8.049 Thread 0x000000001c72d800 Implicit null exception at 0x0000000003222b59 to 0x0000000003223095
Event: 8.049 Thread 0x000000001c72d800 Implicit null exception at 0x000000000312db99 to 0x000000000312e09d
Event: 8.139 Thread 0x000000001c72d800 Implicit null exception at 0x00000000039b0255 to 0x00000000039b08e1

Events (10 events):
Event: 11.008 Executing VM operation: ParallelGCFailedAllocation
Event: 11.027 Executing VM operation: ParallelGCFailedAllocation done
Event: 11.029 Executing VM operation: RevokeBias
Event: 11.029 Executing VM operation: RevokeBias done
Event: 11.029 Executing VM operation: RevokeBias
Event: 11.029 Executing VM operation: RevokeBias done
Event: 11.099 Thread 0x000000001c72d800 DEOPT PACKING pc=0x000000000382c633 sp=0x0000000021c8d8d0
Event: 11.099 Thread 0x000000001c72d800 DEOPT UNPACKING pc=0x0000000002f5787f sp=0x0000000021c8d5f0 mode 0
Event: 11.141 Executing VM operation: RevokeBias
Event: 11.141 Executing VM operation: RevokeBias done


Dynamic libraries:
0x00007ff6db7e0000 - 0x00007ff6db817000 	D:\ItProgram\Java\jdk1.8.0_131\bin\javaw.exe
0x00007ffb2a5b0000 - 0x00007ffb2a79d000 	C:\Windows\SYSTEM32\ntdll.dll
0x00007ffb291e0000 - 0x00007ffb29293000 	C:\Windows\System32\KERNEL32.DLL
0x00007ffb26b20000 - 0x00007ffb26db3000 	C:\Windows\System32\KERNELBASE.dll
0x00007ffb29b40000 - 0x00007ffb29be3000 	C:\Windows\System32\ADVAPI32.dll
0x00007ffb29300000 - 0x00007ffb2939e000 	C:\Windows\System32\msvcrt.dll
0x00007ffb27af0000 - 0x00007ffb27b8e000 	C:\Windows\System32\sechost.dll
0x00007ffb29480000 - 0x00007ffb295a2000 	C:\Windows\System32\RPCRT4.dll
0x00007ffb2a160000 - 0x00007ffb2a2f7000 	C:\Windows\System32\USER32.dll
0x00007ffb26670000 - 0x00007ffb26690000 	C:\Windows\System32\win32u.dll
0x00007ffb29a90000 - 0x00007ffb29ab9000 	C:\Windows\System32\GDI32.dll
0x00007ffb26dc0000 - 0x00007ffb26f59000 	C:\Windows\System32\gdi32full.dll
0x00007ffb26a50000 - 0x00007ffb26af0000 	C:\Windows\System32\msvcp_win.dll
0x00007ffb26f60000 - 0x00007ffb2705a000 	C:\Windows\System32\ucrtbase.dll
0x00007ffb0e370000 - 0x00007ffb0e5e9000 	C:\Windows\WinSxS\amd64_microsoft.windows.common-controls_6595b64144ccf1df_6.0.17763.1039_none_de701650534c7021\COMCTL32.dll
0x00007ffb295b0000 - 0x00007ffb298dc000 	C:\Windows\System32\combase.dll
0x00007ffb269d0000 - 0x00007ffb26a4e000 	C:\Windows\System32\bcryptPrimitives.dll
0x00007ffb277d0000 - 0x00007ffb277fe000 	C:\Windows\System32\IMM32.DLL
0x00000000778a0000 - 0x0000000077972000 	D:\ItProgram\Java\jdk1.8.0_131\jre\bin\msvcr100.dll
0x0000000076460000 - 0x0000000076cfc000 	D:\ItProgram\Java\jdk1.8.0_131\jre\bin\server\jvm.dll
0x00007ffb27980000 - 0x00007ffb27988000 	C:\Windows\System32\PSAPI.DLL
0x00007ffb1cad0000 - 0x00007ffb1cad9000 	C:\Windows\SYSTEM32\WSOCK32.dll
0x00007ffb1ba90000 - 0x00007ffb1ba9a000 	C:\Windows\SYSTEM32\VERSION.dll
0x00007ffb234b0000 - 0x00007ffb234d4000 	C:\Windows\SYSTEM32\WINMM.dll
0x00007ffb2a0f0000 - 0x00007ffb2a15d000 	C:\Windows\System32\WS2_32.dll
0x00007ffb23c00000 - 0x00007ffb23c2d000 	C:\Windows\SYSTEM32\WINMMBASE.dll
0x00007ffb26980000 - 0x00007ffb269ca000 	C:\Windows\System32\cfgmgr32.dll
0x0000000050030000 - 0x000000005003f000 	D:\ItProgram\Java\jdk1.8.0_131\jre\bin\verify.dll
0x0000000050000000 - 0x0000000050029000 	D:\ItProgram\Java\jdk1.8.0_131\jre\bin\java.dll
0x0000000077860000 - 0x0000000077895000 	D:\ItProgram\Java\jdk1.8.0_131\jre\bin\jdwp.dll
0x0000000077850000 - 0x0000000077858000 	D:\ItProgram\Java\jdk1.8.0_131\jre\bin\npt.dll
0x0000000077830000 - 0x0000000077846000 	D:\ItProgram\Java\jdk1.8.0_131\jre\bin\zip.dll
0x00007ffb27bb0000 - 0x00007ffb290a4000 	C:\Windows\System32\SHELL32.dll
0x00007ffb2a300000 - 0x00007ffb2a3a8000 	C:\Windows\System32\shcore.dll
0x00007ffb27080000 - 0x00007ffb277cd000 	C:\Windows\System32\windows.storage.dll
0x00007ffb265a0000 - 0x00007ffb265c4000 	C:\Windows\System32\profapi.dll
0x00007ffb265f0000 - 0x00007ffb2664d000 	C:\Windows\System32\powrprof.dll
0x00007ffb293b0000 - 0x00007ffb29402000 	C:\Windows\System32\shlwapi.dll
0x00007ffb265d0000 - 0x00007ffb265e1000 	C:\Windows\System32\kernel.appcore.dll
0x00007ffb27060000 - 0x00007ffb27077000 	C:\Windows\System32\cryptsp.dll
0x0000000077820000 - 0x0000000077829000 	D:\ItProgram\Java\jdk1.8.0_131\jre\bin\dt_socket.dll
0x00007ffb061d0000 - 0x00007ffb061e6000 	C:\Windows\system32\napinsp.dll
0x00007ffb06170000 - 0x00007ffb0618a000 	C:\Windows\system32\pnrpnsp.dll
0x00007ffb25e10000 - 0x00007ffb25e77000 	C:\Windows\System32\mswsock.dll
0x00007ffb25b70000 - 0x00007ffb25c36000 	C:\Windows\SYSTEM32\DNSAPI.dll
0x00007ffb293a0000 - 0x00007ffb293a8000 	C:\Windows\System32\NSI.dll
0x00007ffb25b30000 - 0x00007ffb25b6d000 	C:\Windows\SYSTEM32\IPHLPAPI.DLL
0x00007ffb06160000 - 0x00007ffb0616e000 	C:\Windows\System32\winrnr.dll
0x00007ffb23120000 - 0x00007ffb2313b000 	C:\Windows\system32\NLAapi.dll
0x00007ffb0abf0000 - 0x00007ffb0ac05000 	C:\Windows\system32\wshbth.dll
0x00007ffb19cb0000 - 0x00007ffb19d29000 	C:\Windows\System32\fwpuclnt.dll
0x00007ffb26af0000 - 0x00007ffb26b16000 	C:\Windows\System32\bcrypt.dll
0x00007ffb1a890000 - 0x00007ffb1a89a000 	C:\Windows\System32\rasadhlp.dll
0x0000000077800000 - 0x000000007781a000 	D:\ItProgram\Java\jdk1.8.0_131\jre\bin\net.dll
0x00000000777e0000 - 0x00000000777f1000 	D:\ItProgram\Java\jdk1.8.0_131\jre\bin\nio.dll
0x00007ffb25990000 - 0x00007ffb259c3000 	C:\Windows\system32\rsaenh.dll
0x00007ffb264a0000 - 0x00007ffb264c8000 	C:\Windows\SYSTEM32\USERENV.dll
0x00007ffb25fe0000 - 0x00007ffb25fec000 	C:\Windows\SYSTEM32\CRYPTBASE.dll
0x00007ffb1b490000 - 0x00007ffb1b4a6000 	C:\Windows\SYSTEM32\dhcpcsvc6.DLL
0x00007ffb1b470000 - 0x00007ffb1b48c000 	C:\Windows\SYSTEM32\dhcpcsvc.DLL
0x00000000777d0000 - 0x00000000777dd000 	D:\ItProgram\Java\jdk1.8.0_131\jre\bin\management.dll

VM Arguments:
jvm_args: -agentlib:jdwp=transport=dt_socket,suspend=y,address=localhost:14571 -Dmaven.home=D:\ItProgram\apache-maven-3.3.9 -Dclassworlds.conf=D:\itElse\javaWorkspa2\.metadata\.plugins\org.eclipse.m2e.launching\launches\m2conf6507365742594382123.tmp -Dmaven.multiModuleProjectDirectory=D:\itElse\javaWorkspa2\taotao-search -Dfile.encoding=UTF-8 
java_command: org.codehaus.plexus.classworlds.launcher.Launcher -B -s D:\ItProgram\apache-maven-3.6.1\conf\settings.xml clean tomcat7:run
java_class_path (initial): D:\ItProgram\apache-maven-3.3.9\boot\plexus-classworlds-2.5.2.jar
Launcher Type: SUN_STANDARD

Environment Variables:
JAVA_HOME=D:\ItProgram\Java\jdk1.8.0_131
PATH=D:\ItProgram\Java\jdk1.8.0_131\jre\bin;D:\ItProgram\Python\Python38\Scripts\;D:\ItProgram\Python\Python38\;C:\ProgramData\Oracle\Java\javapath;D:\ItProgram\Java\jdk1.8.0_131\bin;C:\Windows\system32;C:\Windows;C:\Windows\System32\Wbem;C:\Windows\System32\WindowsPowerShell\v1.0\;C:\Windows\System32\OpenSSH\;C:\Program Files (x86)\NVIDIA Corporation\PhysX\Common;C:\Program Files\NVIDIA Corporation\NVIDIA NvDLISR;D:\ItProgram\apache-maven-3.3.9\bin;D:\ItProgram\MySQL\MySQL Server 5.5\bin;C:\Program Files\MySQL\MySQL Server 5.5\bin;C:\Program Files (x86)\Microsoft SQL Server\100\Tools\Binn\;C:\Program Files\Microsoft SQL Server\100\Tools\Binn\;C:\Program Files\Microsoft SQL Server\100\DTS\Binn\;D:\ItProgram\VisualSVN Server\bin;D:\ItProgram\TortoiseSVN\bin;D:\ItProgram\nodejs\;D:\ItProgram\nodejs\node_global;C:\Users\myPc\AppData\Local\Microsoft\WindowsApps;D:\general\Bandizip\;C:\Users\myPc\AppData\Roaming\npm;D:\ItProgram\nodejs\node_modules;;D:\ItProgram\Fiddler
USERNAME=myPc
OS=Windows_NT
PROCESSOR_IDENTIFIER=Intel64 Family 6 Model 158 Stepping 10, GenuineIntel



---------------  S Y S T E M  ---------------

OS: Windows 10.0 , 64 bit Build 17763 (10.0.17763.475)

CPU:total 12 (initial active 12) (6 cores per cpu, 2 threads per core) family 6 model 158 stepping 10, cmov, cx8, fxsr, mmx, sse, sse2, sse3, ssse3, sse4.1, sse4.2, popcnt, avx, avx2, aes, clmul, erms, 3dnowpref, lzcnt, ht, tsc, tscinvbit, bmi1, bmi2, adx

Memory: 4k page, physical 8256756k(415188k free), swap 31824368k(3228k free)

vm_info: Java HotSpot(TM) 64-Bit Server VM (25.131-b11) for windows-amd64 JRE (1.8.0_131-b11), built on Mar 15 2017 01:23:53 by "java_re" with MS VC++ 10.0 (VS2010)

time: Wed Mar 11 22:07:02 2020
elapsed time: 11 seconds (0d 0h 0m 11s)

