#
# There is insufficient memory for the Java Runtime Environment to continue.
# Native memory allocation (malloc) failed to allocate 32744 bytes for ChunkPool::allocate
# Possible reasons:
#   The system is out of physical RAM or swap space
#   In 32 bit mode, the process size limit was hit
# Possible solutions:
#   Reduce memory load on the system
#   Increase physical memory or swap space
#   Check if swap backing store is full
#   Use 64 bit Java on a 64 bit OS
#   Decrease Java heap size (-Xmx/-Xms)
#   Decrease number of Java threads
#   Decrease Java thread stack sizes (-Xss)
#   Set larger code cache with -XX:ReservedCodeCacheSize=
# This output file may be truncated or incomplete.
#
#  Out of Memory Error (allocation.cpp:273), pid=15292, tid=0x000000000000bf18
#
# JRE version: Java(TM) SE Runtime Environment (8.0_131-b11) (build 1.8.0_131-b11)
# Java VM: Java HotSpot(TM) 64-Bit Server VM (25.131-b11 mixed mode windows-amd64 compressed oops)
# Failed to write core dump. Minidumps are not enabled by default on client versions of Windows
#

---------------  T H R E A D  ---------------

Current thread (0x0000000019e1d800):  JavaThread "C2 CompilerThread1" daemon [_thread_in_native, id=48920, stack(0x000000001b750000,0x000000001b850000)]

Stack: [0x000000001b750000,0x000000001b850000]
[error occurred during error reporting (printing stack bounds), id 0xc0000005]

Native frames: (J=compiled Java code, j=interpreted, Vv=VM code, C=native code)


Current CompileTask:
C2:   3754 1781   !   4       java.net.URLClassLoader$1::run (63 bytes)


---------------  P R O C E S S  ---------------

Java Threads: ( => current thread )
  0x0000000019ec2800 JavaThread "Service Thread" daemon [_thread_blocked, id=52204, stack(0x000000001ba50000,0x000000001bb50000)]
  0x0000000019e28000 JavaThread "C1 CompilerThread3" daemon [_thread_blocked, id=14744, stack(0x000000001b950000,0x000000001ba50000)]
  0x0000000019e27800 JavaThread "C2 CompilerThread2" daemon [_thread_in_native, id=30484, stack(0x000000001b850000,0x000000001b950000)]
=>0x0000000019e1d800 JavaThread "C2 CompilerThread1" daemon [_thread_in_native, id=48920, stack(0x000000001b750000,0x000000001b850000)]
  0x0000000019e1a000 JavaThread "C2 CompilerThread0" daemon [_thread_in_native, id=19620, stack(0x000000001b650000,0x000000001b750000)]
  0x0000000019e0d000 JavaThread "JDWP Command Reader" daemon [_thread_in_native, id=50132, stack(0x000000001b550000,0x000000001b650000)]
  0x0000000019e08000 JavaThread "JDWP Event Helper Thread" daemon [_thread_blocked, id=44048, stack(0x000000001b450000,0x000000001b550000)]
  0x0000000019dfd000 JavaThread "JDWP Transport Listener: dt_socket" daemon [_thread_blocked, id=35184, stack(0x000000001b350000,0x000000001b450000)]
  0x0000000019dfa000 JavaThread "Attach Listener" daemon [_thread_blocked, id=37836, stack(0x000000001b250000,0x000000001b350000)]
  0x0000000019df9000 JavaThread "Signal Dispatcher" daemon [_thread_blocked, id=32068, stack(0x000000001b150000,0x000000001b250000)]
  0x0000000019d83000 JavaThread "Finalizer" daemon [_thread_blocked, id=20060, stack(0x000000001aff0000,0x000000001b0f0000)]
  0x000000000353b000 JavaThread "Reference Handler" daemon [_thread_blocked, id=31176, stack(0x000000001aef0000,0x000000001aff0000)]
  0x00000000032ce800 JavaThread "main" [_thread_in_vm, id=15916, stack(0x0000000003340000,0x0000000003440000)]

Other Threads:
  0x0000000018675800 VMThread [stack: 0x000000001adf0000,0x000000001aef0000] [id=16996]
  0x0000000019ee2800 WatcherThread [stack: 0x000000001bb50000,0x000000001bc50000] [id=45960]

VM state:not at safepoint (normal execution)

VM Mutex/Monitor currently owned by a thread: None

Heap:
 PSYoungGen      total 37888K, used 5739K [0x00000000d6000000, 0x00000000daa00000, 0x0000000100000000)
  eden space 32768K, 1% used [0x00000000d6000000,0x00000000d60a0c28,0x00000000d8000000)
  from space 5120K, 99% used [0x00000000d8000000,0x00000000d84fa040,0x00000000d8500000)
  to   space 5120K, 0% used [0x00000000da500000,0x00000000da500000,0x00000000daa00000)
 ParOldGen       total 86016K, used 5817K [0x0000000082000000, 0x0000000087400000, 0x00000000d6000000)
  object space 86016K, 6% used [0x0000000082000000,0x00000000825ae630,0x0000000087400000)
 Metaspace       used 15210K, capacity 15486K, committed 15872K, reserved 1062912K
  class space    used 1847K, capacity 1947K, committed 2048K, reserved 1048576K

Card table byte_map: [0x0000000012900000,0x0000000012d00000] byte_map_base: 0x00000000124f0000

Marking Bits: (ParMarkBitMap*) 0x0000000076c7c720
 Begin Bits: [0x00000000139a0000, 0x0000000015920000)
 End Bits:   [0x0000000015920000, 0x00000000178a0000)

Polling page: 0x0000000000dc0000

CodeCache: size=245760Kb used=7410Kb max_used=7410Kb free=238349Kb
 bounds [0x0000000003540000, 0x0000000003c90000, 0x0000000012540000]
 total_blobs=2381 nmethods=2047 adapters=254
 compilation: enabled

Compilation events (10 events):
Event: 3.732 Thread 0x0000000019e28000 2060       3       java.util.Collections$UnmodifiableMap::isEmpty (10 bytes)
Event: 3.732 Thread 0x0000000019e28000 nmethod 2060 0x0000000003c73910 code [0x0000000003c73a80, 0x0000000003c73ca8]
Event: 3.732 Thread 0x0000000019e28000 2061       3       java.util.Collections$UnmodifiableMap::size (10 bytes)
Event: 3.733 Thread 0x0000000019e28000 nmethod 2061 0x0000000003c7a1d0 code [0x0000000003c7a340, 0x0000000003c7a568]
Event: 3.733 Thread 0x0000000019e28000 2062       3       org.apache.maven.model.ConfigurationContainer::setConfiguration (6 bytes)
Event: 3.733 Thread 0x0000000019e28000 nmethod 2062 0x0000000003c79e90 code [0x0000000003c79fe0, 0x0000000003c7a150]
Event: 3.733 Thread 0x0000000019e28000 2063       1       org.eclipse.aether.resolution.ArtifactRequest::getArtifact (5 bytes)
Event: 3.733 Thread 0x0000000019e28000 nmethod 2063 0x0000000003c79bd0 code [0x0000000003c79d20, 0x0000000003c79e30]
Event: 3.735 Thread 0x0000000019e28000 2064       1       sun.nio.ch.NativeThread::current (2 bytes)
Event: 3.735 Thread 0x0000000019e28000 nmethod 2064 0x0000000003c79910 code [0x0000000003c79a60, 0x0000000003c79b50]

GC Heap History (5 events):
Event: 1.322 GC heap before
{Heap before GC invocations=1 (full 0):
 PSYoungGen      total 37888K, used 32768K [0x00000000d6000000, 0x00000000d8a00000, 0x0000000100000000)
  eden space 32768K, 100% used [0x00000000d6000000,0x00000000d8000000,0x00000000d8000000)
  from space 5120K, 0% used [0x00000000d8500000,0x00000000d8500000,0x00000000d8a00000)
  to   space 5120K, 0% used [0x00000000d8000000,0x00000000d8000000,0x00000000d8500000)
 ParOldGen       total 86016K, used 0K [0x0000000082000000, 0x0000000087400000, 0x00000000d6000000)
  object space 86016K, 0% used [0x0000000082000000,0x0000000082000000,0x0000000087400000)
 Metaspace       used 8146K, capacity 8352K, committed 8576K, reserved 1056768K
  class space    used 1013K, capacity 1084K, committed 1152K, reserved 1048576K
Event: 1.330 GC heap after
Heap after GC invocations=1 (full 0):
 PSYoungGen      total 37888K, used 5106K [0x00000000d6000000, 0x00000000d8a00000, 0x0000000100000000)
  eden space 32768K, 0% used [0x00000000d6000000,0x00000000d6000000,0x00000000d8000000)
  from space 5120K, 99% used [0x00000000d8000000,0x00000000d84fc8d0,0x00000000d8500000)
  to   space 5120K, 0% used [0x00000000d8500000,0x00000000d8500000,0x00000000d8a00000)
 ParOldGen       total 86016K, used 185K [0x0000000082000000, 0x0000000087400000, 0x00000000d6000000)
  object space 86016K, 0% used [0x0000000082000000,0x000000008202e660,0x0000000087400000)
 Metaspace       used 8146K, capacity 8352K, committed 8576K, reserved 1056768K
  class space    used 1013K, capacity 1084K, committed 1152K, reserved 1048576K
}
Event: 2.376 GC heap before
{Heap before GC invocations=2 (full 0):
 PSYoungGen      total 37888K, used 37874K [0x00000000d6000000, 0x00000000d8a00000, 0x0000000100000000)
  eden space 32768K, 100% used [0x00000000d6000000,0x00000000d8000000,0x00000000d8000000)
  from space 5120K, 99% used [0x00000000d8000000,0x00000000d84fc8d0,0x00000000d8500000)
  to   space 5120K, 0% used [0x00000000d8500000,0x00000000d8500000,0x00000000d8a00000)
 ParOldGen       total 86016K, used 185K [0x0000000082000000, 0x0000000087400000, 0x00000000d6000000)
  object space 86016K, 0% used [0x0000000082000000,0x000000008202e660,0x0000000087400000)
 Metaspace       used 12572K, capacity 12760K, committed 13056K, reserved 1060864K
  class space    used 1593K, capacity 1674K, committed 1792K, reserved 1048576K
Event: 2.396 GC heap after
Heap after GC invocations=2 (full 0):
 PSYoungGen      total 37888K, used 5118K [0x00000000d6000000, 0x00000000daa00000, 0x0000000100000000)
  eden space 32768K, 0% used [0x00000000d6000000,0x00000000d6000000,0x00000000d8000000)
  from space 5120K, 99% used [0x00000000d8500000,0x00000000d89ff9e0,0x00000000d8a00000)
  to   space 5120K, 0% used [0x00000000d8000000,0x00000000d8000000,0x00000000d8500000)
 ParOldGen       total 86016K, used 3115K [0x0000000082000000, 0x0000000087400000, 0x00000000d6000000)
  object space 86016K, 3% used [0x0000000082000000,0x000000008230adb8,0x0000000087400000)
 Metaspace       used 12572K, capacity 12760K, committed 13056K, reserved 1060864K
  class space    used 1593K, capacity 1674K, committed 1792K, reserved 1048576K
}
Event: 3.737 GC heap before
{Heap before GC invocations=3 (full 0):
 PSYoungGen      total 37888K, used 37886K [0x00000000d6000000, 0x00000000daa00000, 0x0000000100000000)
  eden space 32768K, 100% used [0x00000000d6000000,0x00000000d8000000,0x00000000d8000000)
  from space 5120K, 99% used [0x00000000d8500000,0x00000000d89ff9e0,0x00000000d8a00000)
  to   space 5120K, 0% used [0x00000000d8000000,0x00000000d8000000,0x00000000d8500000)
 ParOldGen       total 86016K, used 3115K [0x0000000082000000, 0x0000000087400000, 0x00000000d6000000)
  object space 86016K, 3% used [0x0000000082000000,0x000000008230adb8,0x0000000087400000)
 Metaspace       used 15210K, capacity 15486K, committed 15872K, reserved 1062912K
  class space    used 1847K, capacity 1947K, committed 2048K, reserved 1048576K

Deoptimization events (10 events):
Event: 3.520 Thread 0x00000000032ce800 Uncommon trap: reason=unhandled action=none pc=0x0000000003ac90d4 method=java.net.URLClassLoader.findClass(Ljava/lang/String;)Ljava/lang/Class; @ 44
Event: 3.520 Thread 0x00000000032ce800 Uncommon trap: reason=unhandled action=none pc=0x0000000003ac90d4 method=java.net.URLClassLoader.findClass(Ljava/lang/String;)Ljava/lang/Class; @ 44
Event: 3.524 Thread 0x00000000032ce800 Uncommon trap: reason=unhandled action=none pc=0x0000000003ac90d4 method=java.net.URLClassLoader.findClass(Ljava/lang/String;)Ljava/lang/Class; @ 44
Event: 3.524 Thread 0x00000000032ce800 Uncommon trap: reason=unhandled action=none pc=0x0000000003ac90d4 method=java.net.URLClassLoader.findClass(Ljava/lang/String;)Ljava/lang/Class; @ 44
Event: 3.567 Thread 0x00000000032ce800 Uncommon trap: reason=speculate_class_check action=maybe_recompile pc=0x0000000003beaedc method=java.nio.charset.CharsetDecoder.decode(Ljava/nio/ByteBuffer;Ljava/nio/CharBuffer;Z)Ljava/nio/charset/CoderResult; @ 57
Event: 3.568 Thread 0x00000000032ce800 Uncommon trap: reason=speculate_class_check action=maybe_recompile pc=0x0000000003beaedc method=java.nio.charset.CharsetDecoder.decode(Ljava/nio/ByteBuffer;Ljava/nio/CharBuffer;Z)Ljava/nio/charset/CoderResult; @ 57
Event: 3.569 Thread 0x00000000032ce800 Uncommon trap: reason=speculate_class_check action=maybe_recompile pc=0x0000000003beaedc method=java.nio.charset.CharsetDecoder.decode(Ljava/nio/ByteBuffer;Ljava/nio/CharBuffer;Z)Ljava/nio/charset/CoderResult; @ 57
Event: 3.570 Thread 0x00000000032ce800 Uncommon trap: reason=speculate_class_check action=maybe_recompile pc=0x0000000003beaedc method=java.nio.charset.CharsetDecoder.decode(Ljava/nio/ByteBuffer;Ljava/nio/CharBuffer;Z)Ljava/nio/charset/CoderResult; @ 57
Event: 3.603 Thread 0x00000000032ce800 Uncommon trap: reason=unhandled action=none pc=0x0000000003ac90d4 method=java.net.URLClassLoader.findClass(Ljava/lang/String;)Ljava/lang/Class; @ 44
Event: 3.603 Thread 0x00000000032ce800 Uncommon trap: reason=unhandled action=none pc=0x0000000003ac90d4 method=java.net.URLClassLoader.findClass(Ljava/lang/String;)Ljava/lang/Class; @ 44

Internal exceptions (10 events):
Event: 2.660 Thread 0x00000000032ce800 Exception <a 'java/lang/NullPointerException'> (0x00000000d6596580) thrown at [C:\re\workspace\8-2-build-windows-amd64-cygwin\jdk8u131\8869\hotspot\src\share\vm\interpreter\linkResolver.cpp, line 1197]
Event: 2.920 Thread 0x00000000032ce800 Exception <a 'java/lang/ArrayIndexOutOfBoundsException': 65> (0x00000000d6aa7e98) thrown at [C:\re\workspace\8-2-build-windows-amd64-cygwin\jdk8u131\8869\hotspot\src\share\vm\interpreter\interpreterRuntime.cpp, line 366]
Event: 2.921 Thread 0x00000000032ce800 Exception <a 'java/lang/ArrayIndexOutOfBoundsException': 89> (0x00000000d6aaac88) thrown at [C:\re\workspace\8-2-build-windows-amd64-cygwin\jdk8u131\8869\hotspot\src\share\vm\interpreter\interpreterRuntime.cpp, line 366]
Event: 3.003 Thread 0x00000000032ce800 Exception <a 'java/lang/ArrayIndexOutOfBoundsException': 89> (0x00000000d6c06de8) thrown at [C:\re\workspace\8-2-build-windows-amd64-cygwin\jdk8u131\8869\hotspot\src\share\vm\interpreter\interpreterRuntime.cpp, line 366]
Event: 3.024 Thread 0x00000000032ce800 Exception <a 'java/lang/ArrayIndexOutOfBoundsException': 89> (0x00000000d6c5b240) thrown at [C:\re\workspace\8-2-build-windows-amd64-cygwin\jdk8u131\8869\hotspot\src\share\vm\interpreter\interpreterRuntime.cpp, line 366]
Event: 3.319 Thread 0x00000000032ce800 Implicit null exception at 0x0000000003bc078b to 0x0000000003bc0f79
Event: 3.443 Thread 0x00000000032ce800 Implicit null exception at 0x000000000390b914 to 0x000000000390bb91
Event: 3.443 Thread 0x00000000032ce800 Implicit null exception at 0x00000000038f59af to 0x00000000038f5a1d
Event: 3.447 Thread 0x00000000032ce800 Implicit null exception at 0x0000000003b39f47 to 0x0000000003b3a081
Event: 3.447 Thread 0x00000000032ce800 Implicit null exception at 0x00000000039aeb58 to 0x00000000039aebe6

Events (10 events):
Event: 3.671 Thread 0x00000000032ce800 DEOPT UNPACKING pc=0x000000000358787f sp=0x000000000343c900 mode 0
Event: 3.681 Thread 0x00000000032ce800 DEOPT PACKING pc=0x0000000003bf643d sp=0x000000000343c880
Event: 3.681 Thread 0x00000000032ce800 DEOPT UNPACKING pc=0x000000000358787f sp=0x000000000343c7a0 mode 0
Event: 3.717 Thread 0x00000000032ce800 DEOPT PACKING pc=0x0000000003bf643d sp=0x000000000343c880
Event: 3.717 Thread 0x00000000032ce800 DEOPT UNPACKING pc=0x000000000358787f sp=0x000000000343c7a0 mode 0
Event: 3.732 Thread 0x00000000032ce800 DEOPT PACKING pc=0x0000000003bf643d sp=0x000000000343c680
Event: 3.732 Thread 0x00000000032ce800 DEOPT UNPACKING pc=0x000000000358787f sp=0x000000000343c5a0 mode 0
Event: 3.736 Thread 0x00000000032ce800 DEOPT PACKING pc=0x0000000003ace1cd sp=0x000000000343ca60
Event: 3.736 Thread 0x00000000032ce800 DEOPT UNPACKING pc=0x000000000358787f sp=0x000000000343c810 mode 0
Event: 3.736 Executing VM operation: ParallelGCFailedAllocation


Dynamic libraries:
0x00007ff6f42f0000 - 0x00007ff6f4327000 	D:\ItProgram\Java\jdk1.8.0_131\bin\javaw.exe
0x00007ffb2a5b0000 - 0x00007ffb2a79d000 	C:\Windows\SYSTEM32\ntdll.dll
0x00007ffb291e0000 - 0x00007ffb29293000 	C:\Windows\System32\KERNEL32.DLL
0x00007ffb26b20000 - 0x00007ffb26db3000 	C:\Windows\System32\KERNELBASE.dll
0x00007ffb29b40000 - 0x00007ffb29be3000 	C:\Windows\System32\ADVAPI32.dll
0x00007ffb29300000 - 0x00007ffb2939e000 	C:\Windows\System32\msvcrt.dll
0x00007ffb27af0000 - 0x00007ffb27b8e000 	C:\Windows\System32\sechost.dll
0x00007ffb29480000 - 0x00007ffb295a2000 	C:\Windows\System32\RPCRT4.dll
0x00007ffb2a160000 - 0x00007ffb2a2f7000 	C:\Windows\System32\USER32.dll
0x00007ffb26670000 - 0x00007ffb26690000 	C:\Windows\System32\win32u.dll
0x00007ffb29a90000 - 0x00007ffb29ab9000 	C:\Windows\System32\GDI32.dll
0x00007ffb26dc0000 - 0x00007ffb26f59000 	C:\Windows\System32\gdi32full.dll
0x00007ffb26a50000 - 0x00007ffb26af0000 	C:\Windows\System32\msvcp_win.dll
0x00007ffb26f60000 - 0x00007ffb2705a000 	C:\Windows\System32\ucrtbase.dll
0x00007ffb0e370000 - 0x00007ffb0e5e9000 	C:\Windows\WinSxS\amd64_microsoft.windows.common-controls_6595b64144ccf1df_6.0.17763.1039_none_de701650534c7021\COMCTL32.dll
0x00007ffb295b0000 - 0x00007ffb298dc000 	C:\Windows\System32\combase.dll
0x00007ffb269d0000 - 0x00007ffb26a4e000 	C:\Windows\System32\bcryptPrimitives.dll
0x00007ffb277d0000 - 0x00007ffb277fe000 	C:\Windows\System32\IMM32.DLL
0x00000000778a0000 - 0x0000000077972000 	D:\ItProgram\Java\jdk1.8.0_131\jre\bin\msvcr100.dll
0x0000000076460000 - 0x0000000076cfc000 	D:\ItProgram\Java\jdk1.8.0_131\jre\bin\server\jvm.dll
0x00007ffb27980000 - 0x00007ffb27988000 	C:\Windows\System32\PSAPI.DLL
0x00007ffb1cad0000 - 0x00007ffb1cad9000 	C:\Windows\SYSTEM32\WSOCK32.dll
0x00007ffb234b0000 - 0x00007ffb234d4000 	C:\Windows\SYSTEM32\WINMM.dll
0x00007ffb1ba90000 - 0x00007ffb1ba9a000 	C:\Windows\SYSTEM32\VERSION.dll
0x00007ffb2a0f0000 - 0x00007ffb2a15d000 	C:\Windows\System32\WS2_32.dll
0x00007ffb23c00000 - 0x00007ffb23c2d000 	C:\Windows\SYSTEM32\WINMMBASE.dll
0x00007ffb26980000 - 0x00007ffb269ca000 	C:\Windows\System32\cfgmgr32.dll
0x0000000050030000 - 0x000000005003f000 	D:\ItProgram\Java\jdk1.8.0_131\jre\bin\verify.dll
0x0000000050000000 - 0x0000000050029000 	D:\ItProgram\Java\jdk1.8.0_131\jre\bin\java.dll
0x0000000077860000 - 0x0000000077895000 	D:\ItProgram\Java\jdk1.8.0_131\jre\bin\jdwp.dll
0x0000000077850000 - 0x0000000077858000 	D:\ItProgram\Java\jdk1.8.0_131\jre\bin\npt.dll
0x0000000077830000 - 0x0000000077846000 	D:\ItProgram\Java\jdk1.8.0_131\jre\bin\zip.dll
0x00007ffb27bb0000 - 0x00007ffb290a4000 	C:\Windows\System32\SHELL32.dll
0x00007ffb2a300000 - 0x00007ffb2a3a8000 	C:\Windows\System32\shcore.dll
0x00007ffb27080000 - 0x00007ffb277cd000 	C:\Windows\System32\windows.storage.dll
0x00007ffb265a0000 - 0x00007ffb265c4000 	C:\Windows\System32\profapi.dll
0x00007ffb265f0000 - 0x00007ffb2664d000 	C:\Windows\System32\powrprof.dll
0x00007ffb293b0000 - 0x00007ffb29402000 	C:\Windows\System32\shlwapi.dll
0x00007ffb265d0000 - 0x00007ffb265e1000 	C:\Windows\System32\kernel.appcore.dll
0x00007ffb27060000 - 0x00007ffb27077000 	C:\Windows\System32\cryptsp.dll
0x0000000077820000 - 0x0000000077829000 	D:\ItProgram\Java\jdk1.8.0_131\jre\bin\dt_socket.dll
0x00007ffb061d0000 - 0x00007ffb061e6000 	C:\Windows\system32\napinsp.dll
0x00007ffb06170000 - 0x00007ffb0618a000 	C:\Windows\system32\pnrpnsp.dll
0x00007ffb25e10000 - 0x00007ffb25e77000 	C:\Windows\System32\mswsock.dll
0x00007ffb25b70000 - 0x00007ffb25c36000 	C:\Windows\SYSTEM32\DNSAPI.dll
0x00007ffb293a0000 - 0x00007ffb293a8000 	C:\Windows\System32\NSI.dll
0x00007ffb25b30000 - 0x00007ffb25b6d000 	C:\Windows\SYSTEM32\IPHLPAPI.DLL
0x00007ffb06160000 - 0x00007ffb0616e000 	C:\Windows\System32\winrnr.dll
0x00007ffb23120000 - 0x00007ffb2313b000 	C:\Windows\system32\NLAapi.dll
0x00007ffb0abf0000 - 0x00007ffb0ac05000 	C:\Windows\system32\wshbth.dll
0x00007ffb19cb0000 - 0x00007ffb19d29000 	C:\Windows\System32\fwpuclnt.dll
0x00007ffb26af0000 - 0x00007ffb26b16000 	C:\Windows\System32\bcrypt.dll
0x00007ffb1a890000 - 0x00007ffb1a89a000 	C:\Windows\System32\rasadhlp.dll
0x0000000077800000 - 0x000000007781a000 	D:\ItProgram\Java\jdk1.8.0_131\jre\bin\net.dll
0x00000000777e0000 - 0x00000000777f1000 	D:\ItProgram\Java\jdk1.8.0_131\jre\bin\nio.dll

VM Arguments:
jvm_args: -agentlib:jdwp=transport=dt_socket,suspend=y,address=localhost:13152 -Dmaven.home=D:\ItProgram\apache-maven-3.3.9 -Dclassworlds.conf=D:\itElse\javaWorkspa2\.metadata\.plugins\org.eclipse.m2e.launching\launches\m2conf13633232042669643982.tmp -Dmaven.multiModuleProjectDirectory=D:\itElse\javaWorkspa2\taotao-search -Dfile.encoding=UTF-8 
java_command: org.codehaus.plexus.classworlds.launcher.Launcher -B -s D:\ItProgram\apache-maven-3.6.1\conf\settings.xml clean tomcat7:run
java_class_path (initial): D:\ItProgram\apache-maven-3.3.9\boot\plexus-classworlds-2.5.2.jar
Launcher Type: SUN_STANDARD

Environment Variables:
JAVA_HOME=D:\ItProgram\Java\jdk1.8.0_131
PATH=D:\ItProgram\Java\jdk1.8.0_131\jre\bin;D:\ItProgram\Python\Python38\Scripts\;D:\ItProgram\Python\Python38\;C:\ProgramData\Oracle\Java\javapath;D:\ItProgram\Java\jdk1.8.0_131\bin;C:\Windows\system32;C:\Windows;C:\Windows\System32\Wbem;C:\Windows\System32\WindowsPowerShell\v1.0\;C:\Windows\System32\OpenSSH\;C:\Program Files (x86)\NVIDIA Corporation\PhysX\Common;C:\Program Files\NVIDIA Corporation\NVIDIA NvDLISR;D:\ItProgram\apache-maven-3.3.9\bin;D:\ItProgram\MySQL\MySQL Server 5.5\bin;C:\Program Files\MySQL\MySQL Server 5.5\bin;C:\Program Files (x86)\Microsoft SQL Server\100\Tools\Binn\;C:\Program Files\Microsoft SQL Server\100\Tools\Binn\;C:\Program Files\Microsoft SQL Server\100\DTS\Binn\;D:\ItProgram\VisualSVN Server\bin;D:\ItProgram\TortoiseSVN\bin;D:\ItProgram\nodejs\;D:\ItProgram\nodejs\node_global;C:\Users\myPc\AppData\Local\Microsoft\WindowsApps;D:\general\Bandizip\;C:\Users\myPc\AppData\Roaming\npm;D:\ItProgram\nodejs\node_modules;;D:\ItProgram\Fiddler
USERNAME=myPc
OS=Windows_NT
PROCESSOR_IDENTIFIER=Intel64 Family 6 Model 158 Stepping 10, GenuineIntel



---------------  S Y S T E M  ---------------

OS: Windows 10.0 , 64 bit Build 17763 (10.0.17763.475)

CPU:total 12 (initial active 12) (6 cores per cpu, 2 threads per core) family 6 model 158 stepping 10, cmov, cx8, fxsr, mmx, sse, sse2, sse3, ssse3, sse4.1, sse4.2, popcnt, avx, avx2, aes, clmul, erms, 3dnowpref, lzcnt, ht, tsc, tscinvbit, bmi1, bmi2, adx

Memory: 4k page, physical 8256756k(365692k free), swap 31824368k(3004k free)

vm_info: Java HotSpot(TM) 64-Bit Server VM (25.131-b11) for windows-amd64 JRE (1.8.0_131-b11), built on Mar 15 2017 01:23:53 by "java_re" with MS VC++ 10.0 (VS2010)

time: Wed Mar 11 21:59:45 2020
elapsed time: 3 seconds (0d 0h 0m 3s)

