#
# There is insufficient memory for the Java Runtime Environment to continue.
# Native memory allocation (malloc) failed to allocate 198656 bytes for Chunk::new
# Possible reasons:
#   The system is out of physical RAM or swap space
#   In 32 bit mode, the process size limit was hit
# Possible solutions:
#   Reduce memory load on the system
#   Increase physical memory or swap space
#   Check if swap backing store is full
#   Use 64 bit Java on a 64 bit OS
#   Decrease Java heap size (-Xmx/-Xms)
#   Decrease number of Java threads
#   Decrease Java thread stack sizes (-Xss)
#   Set larger code cache with -XX:ReservedCodeCacheSize=
# This output file may be truncated or incomplete.
#
#  Out of Memory Error (allocation.cpp:390), pid=31504, tid=0x0000000000000f24
#
# JRE version: Java(TM) SE Runtime Environment (8.0_131-b11) (build 1.8.0_131-b11)
# Java VM: Java HotSpot(TM) 64-Bit Server VM (25.131-b11 mixed mode windows-amd64 compressed oops)
# Failed to write core dump. Minidumps are not enabled by default on client versions of Windows
#

---------------  T H R E A D  ---------------

Current thread (0x000000001980b800):  JavaThread "C2 CompilerThread0" daemon [_thread_in_native, id=3876, stack(0x000000001b070000,0x000000001b170000)]

Stack: [0x000000001b070000,0x000000001b170000]
[error occurred during error reporting (printing stack bounds), id 0xc0000005]

Native frames: (J=compiled Java code, j=interpreted, Vv=VM code, C=native code)


Current CompileTask:
C2:   4320 2390       4       sun.nio.cs.StreamDecoder::implRead (243 bytes)


---------------  P R O C E S S  ---------------

Java Threads: ( => current thread )
  0x00000000198b0800 JavaThread "Service Thread" daemon [_thread_blocked, id=26444, stack(0x000000001b470000,0x000000001b570000)]
  0x0000000019816000 JavaThread "C1 CompilerThread3" daemon [_thread_in_native, id=52780, stack(0x000000001b370000,0x000000001b470000)]
  0x0000000019815000 JavaThread "C2 CompilerThread2" daemon [_thread_in_native, id=27028, stack(0x000000001b270000,0x000000001b370000)]
  0x000000001980f800 JavaThread "C2 CompilerThread1" daemon [_thread_blocked, id=12544, stack(0x000000001b170000,0x000000001b270000)]
=>0x000000001980b800 JavaThread "C2 CompilerThread0" daemon [_thread_in_native, id=3876, stack(0x000000001b070000,0x000000001b170000)]
  0x00000000197fe800 JavaThread "JDWP Command Reader" daemon [_thread_in_native, id=22852, stack(0x000000001af70000,0x000000001b070000)]
  0x00000000197f9800 JavaThread "JDWP Event Helper Thread" daemon [_thread_blocked, id=28624, stack(0x000000001ae70000,0x000000001af70000)]
  0x00000000197f0800 JavaThread "JDWP Transport Listener: dt_socket" daemon [_thread_blocked, id=16784, stack(0x000000001ad70000,0x000000001ae70000)]
  0x000000001978e000 JavaThread "Attach Listener" daemon [_thread_blocked, id=19300, stack(0x000000001ac70000,0x000000001ad70000)]
  0x00000000197e2000 JavaThread "Signal Dispatcher" daemon [_thread_blocked, id=46232, stack(0x000000001ab70000,0x000000001ac70000)]
  0x0000000002f6b000 JavaThread "Finalizer" daemon [_thread_blocked, id=24456, stack(0x000000001aa10000,0x000000001ab10000)]
  0x00000000180ad800 JavaThread "Reference Handler" daemon [_thread_blocked, id=16868, stack(0x000000001a910000,0x000000001aa10000)]
  0x000000000294e800 JavaThread "main" [_thread_in_Java, id=29236, stack(0x0000000002d70000,0x0000000002e70000)]

Other Threads:
  0x0000000019752800 VMThread [stack: 0x000000001a810000,0x000000001a910000] [id=34940]
  0x00000000198ff000 WatcherThread [stack: 0x000000001b570000,0x000000001b670000] [id=1436]

VM state:not at safepoint (normal execution)

VM Mutex/Monitor currently owned by a thread: None

Heap:
 PSYoungGen      total 37888K, used 22797K [0x00000000d6000000, 0x00000000d8a00000, 0x0000000100000000)
  eden space 32768K, 53% used [0x00000000d6000000,0x00000000d7145698,0x00000000d8000000)
  from space 5120K, 99% used [0x00000000d8000000,0x00000000d84fe010,0x00000000d8500000)
  to   space 5120K, 0% used [0x00000000d8500000,0x00000000d8500000,0x00000000d8a00000)
 ParOldGen       total 86016K, used 5871K [0x0000000082000000, 0x0000000087400000, 0x00000000d6000000)
  object space 86016K, 6% used [0x0000000082000000,0x00000000825bbdd0,0x0000000087400000)
 Metaspace       used 15768K, capacity 16146K, committed 16384K, reserved 1062912K
  class space    used 1917K, capacity 2019K, committed 2048K, reserved 1048576K

Card table byte_map: [0x0000000012330000,0x0000000012730000] byte_map_base: 0x0000000011f20000

Marking Bits: (ParMarkBitMap*) 0x0000000076c7c720
 Begin Bits: [0x00000000133d0000, 0x0000000015350000)
 End Bits:   [0x0000000015350000, 0x00000000172d0000)

Polling page: 0x0000000000ba0000

CodeCache: size=245760Kb used=8417Kb max_used=8417Kb free=237342Kb
 bounds [0x0000000002f70000, 0x00000000037b0000, 0x0000000011f70000]
 total_blobs=2734 nmethods=2398 adapters=255
 compilation: disabled (not enough contiguous free space left)

Compilation events (10 events):
Event: 4.314 Thread 0x0000000019816000 2392       3       org.apache.maven.model.RepositoryBase::getLocation (25 bytes)
Event: 4.314 Thread 0x0000000019816000 nmethod 2392 0x00000000037a83d0 code [0x00000000037a8540, 0x00000000037a88a8]
Event: 4.314 Thread 0x0000000019816000 2393       3       org.apache.maven.model.RepositoryBase::setLocation (35 bytes)
Event: 4.314 Thread 0x0000000019816000 nmethod 2393 0x00000000037a8990 code [0x00000000037a8b20, 0x00000000037a8fe8]
Event: 4.315 Thread 0x0000000019816000 2394       3       org.slf4j.impl.SimpleLogger::isLevelEnabled (14 bytes)
Event: 4.315 Thread 0x0000000019816000 nmethod 2394 0x00000000037a9210 code [0x00000000037a9360, 0x00000000037a9510]
Event: 4.315 Thread 0x0000000019816000 2395       3       org.apache.maven.model.building.ModelData::getGroupId (17 bytes)
Event: 4.315 Thread 0x0000000019816000 nmethod 2395 0x00000000037a9590 code [0x00000000037a96e0, 0x00000000037a9890]
Event: 4.315 Thread 0x0000000019816000 2396       3       org.apache.maven.model.building.ModelData::getVersion (17 bytes)
Event: 4.315 Thread 0x0000000019816000 nmethod 2396 0x00000000037a9910 code [0x00000000037a9a60, 0x00000000037a9c10]

GC Heap History (6 events):
Event: 1.470 GC heap before
{Heap before GC invocations=1 (full 0):
 PSYoungGen      total 37888K, used 32768K [0x00000000d6000000, 0x00000000d8a00000, 0x0000000100000000)
  eden space 32768K, 100% used [0x00000000d6000000,0x00000000d8000000,0x00000000d8000000)
  from space 5120K, 0% used [0x00000000d8500000,0x00000000d8500000,0x00000000d8a00000)
  to   space 5120K, 0% used [0x00000000d8000000,0x00000000d8000000,0x00000000d8500000)
 ParOldGen       total 86016K, used 0K [0x0000000082000000, 0x0000000087400000, 0x00000000d6000000)
  object space 86016K, 0% used [0x0000000082000000,0x0000000082000000,0x0000000087400000)
 Metaspace       used 8172K, capacity 8348K, committed 8576K, reserved 1056768K
  class space    used 1013K, capacity 1084K, committed 1152K, reserved 1048576K
Event: 1.479 GC heap after
Heap after GC invocations=1 (full 0):
 PSYoungGen      total 37888K, used 5096K [0x00000000d6000000, 0x00000000d8a00000, 0x0000000100000000)
  eden space 32768K, 0% used [0x00000000d6000000,0x00000000d6000000,0x00000000d8000000)
  from space 5120K, 99% used [0x00000000d8000000,0x00000000d84fa3b8,0x00000000d8500000)
  to   space 5120K, 0% used [0x00000000d8500000,0x00000000d8500000,0x00000000d8a00000)
 ParOldGen       total 86016K, used 144K [0x0000000082000000, 0x0000000087400000, 0x00000000d6000000)
  object space 86016K, 0% used [0x0000000082000000,0x0000000082024228,0x0000000087400000)
 Metaspace       used 8172K, capacity 8348K, committed 8576K, reserved 1056768K
  class space    used 1013K, capacity 1084K, committed 1152K, reserved 1048576K
}
Event: 2.486 GC heap before
{Heap before GC invocations=2 (full 0):
 PSYoungGen      total 37888K, used 37864K [0x00000000d6000000, 0x00000000d8a00000, 0x0000000100000000)
  eden space 32768K, 100% used [0x00000000d6000000,0x00000000d8000000,0x00000000d8000000)
  from space 5120K, 99% used [0x00000000d8000000,0x00000000d84fa3b8,0x00000000d8500000)
  to   space 5120K, 0% used [0x00000000d8500000,0x00000000d8500000,0x00000000d8a00000)
 ParOldGen       total 86016K, used 144K [0x0000000082000000, 0x0000000087400000, 0x00000000d6000000)
  object space 86016K, 0% used [0x0000000082000000,0x0000000082024228,0x0000000087400000)
 Metaspace       used 12556K, capacity 12820K, committed 13056K, reserved 1060864K
  class space    used 1591K, capacity 1674K, committed 1792K, reserved 1048576K
Event: 2.498 GC heap after
Heap after GC invocations=2 (full 0):
 PSYoungGen      total 37888K, used 5102K [0x00000000d6000000, 0x00000000d8a00000, 0x0000000100000000)
  eden space 32768K, 0% used [0x00000000d6000000,0x00000000d6000000,0x00000000d8000000)
  from space 5120K, 99% used [0x00000000d8500000,0x00000000d89fb9d0,0x00000000d8a00000)
  to   space 5120K, 0% used [0x00000000d8000000,0x00000000d8000000,0x00000000d8500000)
 ParOldGen       total 86016K, used 3141K [0x0000000082000000, 0x0000000087400000, 0x00000000d6000000)
  object space 86016K, 3% used [0x0000000082000000,0x0000000082311568,0x0000000087400000)
 Metaspace       used 12556K, capacity 12820K, committed 13056K, reserved 1060864K
  class space    used 1591K, capacity 1674K, committed 1792K, reserved 1048576K
}
Event: 3.622 GC heap before
{Heap before GC invocations=3 (full 0):
 PSYoungGen      total 37888K, used 37870K [0x00000000d6000000, 0x00000000d8a00000, 0x0000000100000000)
  eden space 32768K, 100% used [0x00000000d6000000,0x00000000d8000000,0x00000000d8000000)
  from space 5120K, 99% used [0x00000000d8500000,0x00000000d89fb9d0,0x00000000d8a00000)
  to   space 5120K, 0% used [0x00000000d8000000,0x00000000d8000000,0x00000000d8500000)
 ParOldGen       total 86016K, used 3141K [0x0000000082000000, 0x0000000087400000, 0x00000000d6000000)
  object space 86016K, 3% used [0x0000000082000000,0x0000000082311568,0x0000000087400000)
 Metaspace       used 15226K, capacity 15546K, committed 15872K, reserved 1062912K
  class space    used 1847K, capacity 1947K, committed 2048K, reserved 1048576K
Event: 3.635 GC heap after
Heap after GC invocations=3 (full 0):
 PSYoungGen      total 37888K, used 5112K [0x00000000d6000000, 0x00000000d8a00000, 0x0000000100000000)
  eden space 32768K, 0% used [0x00000000d6000000,0x00000000d6000000,0x00000000d8000000)
  from space 5120K, 99% used [0x00000000d8000000,0x00000000d84fe010,0x00000000d8500000)
  to   space 5120K, 0% used [0x00000000d8500000,0x00000000d8500000,0x00000000d8a00000)
 ParOldGen       total 86016K, used 5871K [0x0000000082000000, 0x0000000087400000, 0x00000000d6000000)
  object space 86016K, 6% used [0x0000000082000000,0x00000000825bbdd0,0x0000000087400000)
 Metaspace       used 15226K, capacity 15546K, committed 15872K, reserved 1062912K
  class space    used 1847K, capacity 1947K, committed 2048K, reserved 1048576K
}

Deoptimization events (10 events):
Event: 3.966 Thread 0x000000000294e800 Uncommon trap: reason=range_check action=none pc=0x00000000031ad69c method=sun.reflect.generics.parser.SignatureParser.current()C @ 34
Event: 3.966 Thread 0x000000000294e800 Uncommon trap: reason=range_check action=none pc=0x00000000031ad69c method=sun.reflect.generics.parser.SignatureParser.current()C @ 34
Event: 3.966 Thread 0x000000000294e800 Uncommon trap: reason=range_check action=none pc=0x00000000031ad69c method=sun.reflect.generics.parser.SignatureParser.current()C @ 34
Event: 3.967 Thread 0x000000000294e800 Uncommon trap: reason=range_check action=none pc=0x00000000031ad69c method=sun.reflect.generics.parser.SignatureParser.current()C @ 34
Event: 3.968 Thread 0x000000000294e800 Uncommon trap: reason=range_check action=none pc=0x00000000031ad69c method=sun.reflect.generics.parser.SignatureParser.current()C @ 34
Event: 4.000 Thread 0x000000000294e800 Uncommon trap: reason=range_check action=none pc=0x00000000031ad69c method=sun.reflect.generics.parser.SignatureParser.current()C @ 34
Event: 4.004 Thread 0x000000000294e800 Uncommon trap: reason=range_check action=none pc=0x00000000031ad69c method=sun.reflect.generics.parser.SignatureParser.current()C @ 34
Event: 4.005 Thread 0x000000000294e800 Uncommon trap: reason=range_check action=none pc=0x00000000031ad69c method=sun.reflect.generics.parser.SignatureParser.current()C @ 34
Event: 4.005 Thread 0x000000000294e800 Uncommon trap: reason=range_check action=none pc=0x00000000031ad69c method=sun.reflect.generics.parser.SignatureParser.current()C @ 34
Event: 4.037 Thread 0x000000000294e800 Uncommon trap: reason=bimorphic action=maybe_recompile pc=0x0000000003513a84 method=java.util.regex.Pattern$CharProperty.match(Ljava/util/regex/Matcher;ILjava/lang/CharSequence;)Z @ 37

Internal exceptions (10 events):
Event: 3.966 Thread 0x000000000294e800 Exception <a 'java/lang/ArrayIndexOutOfBoundsException': 113> (0x00000000d6742a88) thrown at [C:\re\workspace\8-2-build-windows-amd64-cygwin\jdk8u131\8869\hotspot\src\share\vm\interpreter\interpreterRuntime.cpp, line 366]
Event: 3.966 Thread 0x000000000294e800 Exception <a 'java/lang/ArrayIndexOutOfBoundsException': 112> (0x00000000d6744a58) thrown at [C:\re\workspace\8-2-build-windows-amd64-cygwin\jdk8u131\8869\hotspot\src\share\vm\interpreter\interpreterRuntime.cpp, line 366]
Event: 3.966 Thread 0x000000000294e800 Exception <a 'java/lang/ArrayIndexOutOfBoundsException': 24> (0x00000000d6745ca0) thrown at [C:\re\workspace\8-2-build-windows-amd64-cygwin\jdk8u131\8869\hotspot\src\share\vm\interpreter\interpreterRuntime.cpp, line 366]
Event: 3.967 Thread 0x000000000294e800 Exception <a 'java/lang/ArrayIndexOutOfBoundsException': 86> (0x00000000d6747350) thrown at [C:\re\workspace\8-2-build-windows-amd64-cygwin\jdk8u131\8869\hotspot\src\share\vm\interpreter\interpreterRuntime.cpp, line 366]
Event: 3.967 Thread 0x000000000294e800 Exception <a 'java/lang/ArrayIndexOutOfBoundsException': 100> (0x00000000d6748a80) thrown at [C:\re\workspace\8-2-build-windows-amd64-cygwin\jdk8u131\8869\hotspot\src\share\vm\interpreter\interpreterRuntime.cpp, line 366]
Event: 3.968 Thread 0x000000000294e800 Exception <a 'java/lang/ArrayIndexOutOfBoundsException': 73> (0x00000000d674a940) thrown at [C:\re\workspace\8-2-build-windows-amd64-cygwin\jdk8u131\8869\hotspot\src\share\vm\interpreter\interpreterRuntime.cpp, line 366]
Event: 4.003 Thread 0x000000000294e800 Exception <a 'java/lang/ArrayIndexOutOfBoundsException': 37> (0x00000000d67a7ad0) thrown at [C:\re\workspace\8-2-build-windows-amd64-cygwin\jdk8u131\8869\hotspot\src\share\vm\interpreter\interpreterRuntime.cpp, line 366]
Event: 4.004 Thread 0x000000000294e800 Exception <a 'java/lang/ArrayIndexOutOfBoundsException': 72> (0x00000000d67a8f30) thrown at [C:\re\workspace\8-2-build-windows-amd64-cygwin\jdk8u131\8869\hotspot\src\share\vm\interpreter\interpreterRuntime.cpp, line 366]
Event: 4.005 Thread 0x000000000294e800 Exception <a 'java/lang/ArrayIndexOutOfBoundsException': 83> (0x00000000d67aa800) thrown at [C:\re\workspace\8-2-build-windows-amd64-cygwin\jdk8u131\8869\hotspot\src\share\vm\interpreter\interpreterRuntime.cpp, line 366]
Event: 4.005 Thread 0x000000000294e800 Exception <a 'java/lang/ArrayIndexOutOfBoundsException': 83> (0x00000000d67abff0) thrown at [C:\re\workspace\8-2-build-windows-amd64-cygwin\jdk8u131\8869\hotspot\src\share\vm\interpreter\interpreterRuntime.cpp, line 366]

Events (10 events):
Event: 4.163 Thread 0x000000000294e800 DEOPT PACKING pc=0x00000000033faaf8 sp=0x0000000002e6c8b0
Event: 4.163 Thread 0x000000000294e800 DEOPT UNPACKING pc=0x0000000002fb787f sp=0x0000000002e6c650 mode 1
Event: 4.163 Thread 0x000000000294e800 DEOPT PACKING pc=0x00000000033fb07c sp=0x0000000002e6c9c0
Event: 4.163 Thread 0x000000000294e800 DEOPT UNPACKING pc=0x0000000002fb787f sp=0x0000000002e6c638 mode 1
Event: 4.163 Thread 0x000000000294e800 DEOPT PACKING pc=0x0000000003106d01 sp=0x0000000002e6c860
Event: 4.163 Thread 0x000000000294e800 DEOPT UNPACKING pc=0x0000000002fb787f sp=0x0000000002e6c5c0 mode 1
Event: 4.163 Thread 0x000000000294e800 DEOPT PACKING pc=0x0000000003168261 sp=0x0000000002e6c9b0
Event: 4.163 Thread 0x000000000294e800 DEOPT UNPACKING pc=0x0000000002fb787f sp=0x0000000002e6c6f0 mode 1
Event: 4.163 Thread 0x000000000294e800 DEOPT PACKING pc=0x0000000003760a1c sp=0x0000000002e6cad0
Event: 4.163 Thread 0x000000000294e800 DEOPT UNPACKING pc=0x0000000002fb787f sp=0x0000000002e6c768 mode 1


Dynamic libraries:
0x00007ff6f42f0000 - 0x00007ff6f4327000 	D:\ItProgram\Java\jdk1.8.0_131\bin\javaw.exe
0x00007ffb2a5b0000 - 0x00007ffb2a79d000 	C:\Windows\SYSTEM32\ntdll.dll
0x00007ffb291e0000 - 0x00007ffb29293000 	C:\Windows\System32\KERNEL32.DLL
0x00007ffb26b20000 - 0x00007ffb26db3000 	C:\Windows\System32\KERNELBASE.dll
0x00007ffb29b40000 - 0x00007ffb29be3000 	C:\Windows\System32\ADVAPI32.dll
0x00007ffb29300000 - 0x00007ffb2939e000 	C:\Windows\System32\msvcrt.dll
0x00007ffb27af0000 - 0x00007ffb27b8e000 	C:\Windows\System32\sechost.dll
0x00007ffb29480000 - 0x00007ffb295a2000 	C:\Windows\System32\RPCRT4.dll
0x00007ffb2a160000 - 0x00007ffb2a2f7000 	C:\Windows\System32\USER32.dll
0x00007ffb26670000 - 0x00007ffb26690000 	C:\Windows\System32\win32u.dll
0x00007ffb29a90000 - 0x00007ffb29ab9000 	C:\Windows\System32\GDI32.dll
0x00007ffb26dc0000 - 0x00007ffb26f59000 	C:\Windows\System32\gdi32full.dll
0x00007ffb26a50000 - 0x00007ffb26af0000 	C:\Windows\System32\msvcp_win.dll
0x00007ffb26f60000 - 0x00007ffb2705a000 	C:\Windows\System32\ucrtbase.dll
0x00007ffb0e370000 - 0x00007ffb0e5e9000 	C:\Windows\WinSxS\amd64_microsoft.windows.common-controls_6595b64144ccf1df_6.0.17763.1039_none_de701650534c7021\COMCTL32.dll
0x00007ffb295b0000 - 0x00007ffb298dc000 	C:\Windows\System32\combase.dll
0x00007ffb269d0000 - 0x00007ffb26a4e000 	C:\Windows\System32\bcryptPrimitives.dll
0x00007ffb277d0000 - 0x00007ffb277fe000 	C:\Windows\System32\IMM32.DLL
0x00000000778a0000 - 0x0000000077972000 	D:\ItProgram\Java\jdk1.8.0_131\jre\bin\msvcr100.dll
0x0000000076460000 - 0x0000000076cfc000 	D:\ItProgram\Java\jdk1.8.0_131\jre\bin\server\jvm.dll
0x00007ffb27980000 - 0x00007ffb27988000 	C:\Windows\System32\PSAPI.DLL
0x00007ffb234b0000 - 0x00007ffb234d4000 	C:\Windows\SYSTEM32\WINMM.dll
0x00007ffb1ba90000 - 0x00007ffb1ba9a000 	C:\Windows\SYSTEM32\VERSION.dll
0x00007ffb1cad0000 - 0x00007ffb1cad9000 	C:\Windows\SYSTEM32\WSOCK32.dll
0x00007ffb2a0f0000 - 0x00007ffb2a15d000 	C:\Windows\System32\WS2_32.dll
0x00007ffb23c00000 - 0x00007ffb23c2d000 	C:\Windows\SYSTEM32\WINMMBASE.dll
0x00007ffb26980000 - 0x00007ffb269ca000 	C:\Windows\System32\cfgmgr32.dll
0x0000000050030000 - 0x000000005003f000 	D:\ItProgram\Java\jdk1.8.0_131\jre\bin\verify.dll
0x0000000050000000 - 0x0000000050029000 	D:\ItProgram\Java\jdk1.8.0_131\jre\bin\java.dll
0x0000000077860000 - 0x0000000077895000 	D:\ItProgram\Java\jdk1.8.0_131\jre\bin\jdwp.dll
0x0000000077850000 - 0x0000000077858000 	D:\ItProgram\Java\jdk1.8.0_131\jre\bin\npt.dll
0x0000000077830000 - 0x0000000077846000 	D:\ItProgram\Java\jdk1.8.0_131\jre\bin\zip.dll
0x00007ffb27bb0000 - 0x00007ffb290a4000 	C:\Windows\System32\SHELL32.dll
0x00007ffb2a300000 - 0x00007ffb2a3a8000 	C:\Windows\System32\shcore.dll
0x00007ffb27080000 - 0x00007ffb277cd000 	C:\Windows\System32\windows.storage.dll
0x00007ffb265a0000 - 0x00007ffb265c4000 	C:\Windows\System32\profapi.dll
0x00007ffb265f0000 - 0x00007ffb2664d000 	C:\Windows\System32\powrprof.dll
0x00007ffb293b0000 - 0x00007ffb29402000 	C:\Windows\System32\shlwapi.dll
0x00007ffb265d0000 - 0x00007ffb265e1000 	C:\Windows\System32\kernel.appcore.dll
0x00007ffb27060000 - 0x00007ffb27077000 	C:\Windows\System32\cryptsp.dll
0x0000000077820000 - 0x0000000077829000 	D:\ItProgram\Java\jdk1.8.0_131\jre\bin\dt_socket.dll
0x00007ffb061d0000 - 0x00007ffb061e6000 	C:\Windows\system32\napinsp.dll
0x00007ffb06170000 - 0x00007ffb0618a000 	C:\Windows\system32\pnrpnsp.dll
0x00007ffb25e10000 - 0x00007ffb25e77000 	C:\Windows\System32\mswsock.dll
0x00007ffb25b70000 - 0x00007ffb25c36000 	C:\Windows\SYSTEM32\DNSAPI.dll
0x00007ffb293a0000 - 0x00007ffb293a8000 	C:\Windows\System32\NSI.dll
0x00007ffb25b30000 - 0x00007ffb25b6d000 	C:\Windows\SYSTEM32\IPHLPAPI.DLL
0x00007ffb06160000 - 0x00007ffb0616e000 	C:\Windows\System32\winrnr.dll
0x00007ffb23120000 - 0x00007ffb2313b000 	C:\Windows\system32\NLAapi.dll
0x00007ffb0abf0000 - 0x00007ffb0ac05000 	C:\Windows\system32\wshbth.dll
0x00007ffb19cb0000 - 0x00007ffb19d29000 	C:\Windows\System32\fwpuclnt.dll
0x00007ffb26af0000 - 0x00007ffb26b16000 	C:\Windows\System32\bcrypt.dll
0x00007ffb1a890000 - 0x00007ffb1a89a000 	C:\Windows\System32\rasadhlp.dll
0x0000000077800000 - 0x000000007781a000 	D:\ItProgram\Java\jdk1.8.0_131\jre\bin\net.dll
0x00000000777e0000 - 0x00000000777f1000 	D:\ItProgram\Java\jdk1.8.0_131\jre\bin\nio.dll

VM Arguments:
jvm_args: -agentlib:jdwp=transport=dt_socket,suspend=y,address=localhost:13148 -Dmaven.home=D:\ItProgram\apache-maven-3.3.9 -Dclassworlds.conf=D:\itElse\javaWorkspa2\.metadata\.plugins\org.eclipse.m2e.launching\launches\m2conf14547197800624585986.tmp -Dmaven.multiModuleProjectDirectory=D:\itElse\javaWorkspa2\taotao-sso -Dfile.encoding=UTF-8 
java_command: org.codehaus.plexus.classworlds.launcher.Launcher -B -s D:\ItProgram\apache-maven-3.6.1\conf\settings.xml clean tomcat7:run
java_class_path (initial): D:\ItProgram\apache-maven-3.3.9\boot\plexus-classworlds-2.5.2.jar
Launcher Type: SUN_STANDARD

Environment Variables:
JAVA_HOME=D:\ItProgram\Java\jdk1.8.0_131
PATH=D:\ItProgram\Java\jdk1.8.0_131\jre\bin;D:\ItProgram\Python\Python38\Scripts\;D:\ItProgram\Python\Python38\;C:\ProgramData\Oracle\Java\javapath;D:\ItProgram\Java\jdk1.8.0_131\bin;C:\Windows\system32;C:\Windows;C:\Windows\System32\Wbem;C:\Windows\System32\WindowsPowerShell\v1.0\;C:\Windows\System32\OpenSSH\;C:\Program Files (x86)\NVIDIA Corporation\PhysX\Common;C:\Program Files\NVIDIA Corporation\NVIDIA NvDLISR;D:\ItProgram\apache-maven-3.3.9\bin;D:\ItProgram\MySQL\MySQL Server 5.5\bin;C:\Program Files\MySQL\MySQL Server 5.5\bin;C:\Program Files (x86)\Microsoft SQL Server\100\Tools\Binn\;C:\Program Files\Microsoft SQL Server\100\Tools\Binn\;C:\Program Files\Microsoft SQL Server\100\DTS\Binn\;D:\ItProgram\VisualSVN Server\bin;D:\ItProgram\TortoiseSVN\bin;D:\ItProgram\nodejs\;D:\ItProgram\nodejs\node_global;C:\Users\myPc\AppData\Local\Microsoft\WindowsApps;D:\general\Bandizip\;C:\Users\myPc\AppData\Roaming\npm;D:\ItProgram\nodejs\node_modules;;D:\ItProgram\Fiddler
USERNAME=myPc
OS=Windows_NT
PROCESSOR_IDENTIFIER=Intel64 Family 6 Model 158 Stepping 10, GenuineIntel



---------------  S Y S T E M  ---------------

OS: Windows 10.0 , 64 bit Build 17763 (10.0.17763.475)

CPU:total 12 (initial active 12) (6 cores per cpu, 2 threads per core) family 6 model 158 stepping 10, cmov, cx8, fxsr, mmx, sse, sse2, sse3, ssse3, sse4.1, sse4.2, popcnt, avx, avx2, aes, clmul, erms, 3dnowpref, lzcnt, ht, tsc, tscinvbit, bmi1, bmi2, adx

Memory: 4k page, physical 8256756k(365824k free), swap 31824368k(1984k free)

vm_info: Java HotSpot(TM) 64-Bit Server VM (25.131-b11) for windows-amd64 JRE (1.8.0_131-b11), built on Mar 15 2017 01:23:53 by "java_re" with MS VC++ 10.0 (VS2010)

time: Wed Mar 11 21:59:45 2020
elapsed time: 4 seconds (0d 0h 0m 4s)

