#
# There is insufficient memory for the Java Runtime Environment to continue.
# Native memory allocation (malloc) failed to allocate 130576 bytes for Chunk::new
# Possible reasons:
#   The system is out of physical RAM or swap space
#   In 32 bit mode, the process size limit was hit
# Possible solutions:
#   Reduce memory load on the system
#   Increase physical memory or swap space
#   Check if swap backing store is full
#   Use 64 bit Java on a 64 bit OS
#   Decrease Java heap size (-Xmx/-Xms)
#   Decrease number of Java threads
#   Decrease Java thread stack sizes (-Xss)
#   Set larger code cache with -XX:ReservedCodeCacheSize=
# This output file may be truncated or incomplete.
#
#  Out of Memory Error (allocation.cpp:323), pid=37200, tid=28224
#
# JRE version: Java(TM) SE Runtime Environment (7.0_80-b15) (build 1.7.0_80-b15)
# Java VM: Java HotSpot(TM) 64-Bit Server VM (24.80-b11 mixed mode windows-amd64 compressed oops)
# Failed to write core dump. Minidumps are not enabled by default on client versions of Windows
#

---------------  T H R E A D  ---------------

Current thread (0x000000000c969000):  JavaThread "C2 CompilerThread0" daemon [_thread_in_native, id=28224, stack(0x000000000e1b0000,0x000000000e2b0000)]

Stack: [0x000000000e1b0000,0x000000000e2b0000]
[error occurred during error reporting (printing stack bounds), id 0xc0000005]


[error occurred during error reporting (printing native stack), id 0xc0000005]


Current CompileTask:
C2:    257   28             sun.nio.cs.UTF_8$Decoder::decodeArrayLoop (543 bytes)


---------------  P R O C E S S  ---------------

Java Threads: ( => current thread )
  0x000000000c971800 JavaThread "Service Thread" daemon [_thread_blocked, id=41416, stack(0x000000000e3b0000,0x000000000e4b0000)]
  0x000000000c96a800 JavaThread "C2 CompilerThread1" daemon [_thread_blocked, id=37532, stack(0x000000000e2b0000,0x000000000e3b0000)]
=>0x000000000c969000 JavaThread "C2 CompilerThread0" daemon [_thread_in_native, id=28224, stack(0x000000000e1b0000,0x000000000e2b0000)]
  0x000000000c956000 JavaThread "JDWP Command Reader" daemon [_thread_in_native, id=3384, stack(0x000000000e0b0000,0x000000000e1b0000)]
  0x000000000c955000 JavaThread "JDWP Event Helper Thread" daemon [_thread_blocked, id=31648, stack(0x000000000dfb0000,0x000000000e0b0000)]
  0x000000000c951000 JavaThread "JDWP Transport Listener: dt_socket" daemon [_thread_blocked, id=22632, stack(0x000000000deb0000,0x000000000dfb0000)]
  0x000000000c944000 JavaThread "Attach Listener" daemon [_thread_blocked, id=480, stack(0x000000000dda0000,0x000000000dea0000)]
  0x000000000c943800 JavaThread "Signal Dispatcher" daemon [_thread_blocked, id=38040, stack(0x000000000dca0000,0x000000000dda0000)]
  0x000000000b265000 JavaThread "Finalizer" daemon [_thread_blocked, id=44612, stack(0x000000000dba0000,0x000000000dca0000)]
  0x000000000b25a800 JavaThread "Reference Handler" daemon [_thread_blocked, id=36688, stack(0x000000000daa0000,0x000000000dba0000)]
  0x00000000026ce000 JavaThread "main" [_thread_in_native, id=43704, stack(0x0000000002740000,0x0000000002840000)]

Other Threads:
  0x000000000c912800 VMThread [stack: 0x000000000d9a0000,0x000000000daa0000] [id=44212]
  0x000000000c985000 WatcherThread [stack: 0x000000000e4b0000,0x000000000e5b0000] [id=35788]

VM state:not at safepoint (normal execution)

VM Mutex/Monitor currently owned by a thread: None

Heap
 PSYoungGen      total 37888K, used 7267K [0x00000007d6000000, 0x00000007d8a00000, 0x0000000800000000)
  eden space 32768K, 22% used [0x00000007d6000000,0x00000007d6718d88,0x00000007d8000000)
  from space 5120K, 0% used [0x00000007d8500000,0x00000007d8500000,0x00000007d8a00000)
  to   space 5120K, 0% used [0x00000007d8000000,0x00000007d8000000,0x00000007d8500000)
 ParOldGen       total 86016K, used 0K [0x0000000782000000, 0x0000000787400000, 0x00000007d6000000)
  object space 86016K, 0% used [0x0000000782000000,0x0000000782000000,0x0000000787400000)
 PSPermGen       total 21504K, used 4960K [0x000000077ce00000, 0x000000077e300000, 0x0000000782000000)
  object space 21504K, 23% used [0x000000077ce00000,0x000000077d2d8360,0x000000077e300000)

Card table byte_map: [0x0000000005a00000,0x0000000005e20000] byte_map_base: 0x0000000001e19000

Polling page: 0x00000000005d0000

Code Cache  [0x0000000002940000, 0x0000000002bb0000, 0x0000000005940000)
 total_blobs=250 nmethods=28 adapters=183 free_code_cache=48701Kb largest_free_block=49857792

Compilation events (10 events):
Event: 0.210 Thread 0x000000000c96a800   24 %           java.lang.String::indexOf @ 69 (166 bytes)
Event: 0.213 Thread 0x000000000c969000   25             java.util.TreeMap::parentOf (13 bytes)
Event: 0.213 Thread 0x000000000c969000 nmethod 25 0x00000000029a5ad0 code [0x00000000029a5c00, 0x00000000029a5c58]
Event: 0.215 Thread 0x000000000c96a800 nmethod 24% 0x00000000029a9290 code [0x00000000029a93e0, 0x00000000029a9c78]
Event: 0.222 Thread 0x000000000c969000   26             java.lang.String::indexOf (166 bytes)
Event: 0.225 Thread 0x000000000c969000 nmethod 26 0x00000000029b0d90 code [0x00000000029b0ee0, 0x00000000029b13d8]
Event: 0.228 Thread 0x000000000c96a800   27             java.util.jar.Manifest$FastInputStream::readLine (167 bytes)
Event: 0.231 Thread 0x000000000c96a800 nmethod 27 0x00000000029ae5d0 code [0x00000000029ae720, 0x00000000029aece8]
Event: 0.250 Thread 0x000000000c969000   28             sun.nio.cs.UTF_8$Decoder::decodeArrayLoop (543 bytes)
Event: 0.252 Thread 0x000000000c96a800   29             sun.nio.cs.UTF_8$Decoder::decode (640 bytes)

GC Heap History (0 events):
No events

Deoptimization events (3 events):
Event: 0.140 Thread 0x00000000026ce000 Uncommon trap: reason=unstable_if action=reinterpret pc=0x00000000029a3fa0 method=java.lang.String.indexOf(II)I @ 49
Event: 0.186 Thread 0x00000000026ce000 Uncommon trap: reason=unstable_if action=reinterpret pc=0x00000000029a7b14 method=java.lang.String.indexOf([CII[CIII)I @ 123
Event: 0.227 Thread 0x00000000026ce000 Uncommon trap: reason=unstable_if action=reinterpret pc=0x00000000029b1338 method=java.lang.String.indexOf([CII[CIII)I @ 3

Internal exceptions (10 events):
Event: 0.252 Thread 0x00000000026ce000 Threw 0x00000007d6618dc0 at C:\re\jdk7u80\2329\hotspot\src\share\vm\prims\jvm.cpp:1319
Event: 0.252 Thread 0x00000000026ce000 Threw 0x00000007d6619260 at C:\re\jdk7u80\2329\hotspot\src\share\vm\prims\jvm.cpp:1319
Event: 0.253 Thread 0x00000000026ce000 Threw 0x00000007d66349f8 at C:\re\jdk7u80\2329\hotspot\src\share\vm\prims\jvm.cpp:1319
Event: 0.253 Thread 0x00000000026ce000 Threw 0x00000007d66350e8 at C:\re\jdk7u80\2329\hotspot\src\share\vm\prims\jvm.cpp:1319
Event: 0.254 Thread 0x00000000026ce000 Threw 0x00000007d663ba78 at C:\re\jdk7u80\2329\hotspot\src\share\vm\prims\jvm.cpp:1319
Event: 0.254 Thread 0x00000000026ce000 Threw 0x00000007d663bf28 at C:\re\jdk7u80\2329\hotspot\src\share\vm\prims\jvm.cpp:1319
Event: 0.254 Thread 0x00000000026ce000 Threw 0x00000007d664d450 at C:\re\jdk7u80\2329\hotspot\src\share\vm\prims\jvm.cpp:1319
Event: 0.254 Thread 0x00000000026ce000 Threw 0x00000007d664d958 at C:\re\jdk7u80\2329\hotspot\src\share\vm\prims\jvm.cpp:1319
Event: 0.255 Thread 0x00000000026ce000 Threw 0x00000007d6652588 at C:\re\jdk7u80\2329\hotspot\src\share\vm\prims\jvm.cpp:1319
Event: 0.255 Thread 0x00000000026ce000 Threw 0x00000007d6652c48 at C:\re\jdk7u80\2329\hotspot\src\share\vm\prims\jvm.cpp:1319

Events (10 events):
Event: 0.252 loading class 0x000000000e5c9850
Event: 0.252 loading class 0x000000000e5c9850 done
Event: 0.253 loading class 0x000000000e5cdcb0
Event: 0.253 loading class 0x000000000e5cdcb0 done
Event: 0.254 loading class 0x000000000e5cd270
Event: 0.254 loading class 0x000000000e5cd270 done
Event: 0.254 loading class 0x000000000e5c6e50
Event: 0.254 loading class 0x000000000e5c6e50 done
Event: 0.255 loading class 0x000000000e5cdc70
Event: 0.255 loading class 0x000000000e5cdc70 done


Dynamic libraries:
0x00007ff7f0cb0000 - 0x00007ff7f0ce3000 	D:\ItProgram\Java\jdk1.7.0_80\bin\javaw.exe
0x00007ffc0cb10000 - 0x00007ffc0ccfd000 	C:\Windows\SYSTEM32\ntdll.dll
0x00007ffc0b2b0000 - 0x00007ffc0b363000 	C:\Windows\System32\KERNEL32.DLL
0x00007ffc09140000 - 0x00007ffc093d3000 	C:\Windows\System32\KERNELBASE.dll
0x00007ffc0a870000 - 0x00007ffc0a913000 	C:\Windows\System32\ADVAPI32.dll
0x00007ffc0a9f0000 - 0x00007ffc0aa8e000 	C:\Windows\System32\msvcrt.dll
0x00007ffc0b210000 - 0x00007ffc0b2ae000 	C:\Windows\System32\sechost.dll
0x00007ffc0a1b0000 - 0x00007ffc0a2d2000 	C:\Windows\System32\RPCRT4.dll
0x00007ffc0a660000 - 0x00007ffc0a7f7000 	C:\Windows\System32\USER32.dll
0x00007ffc08dd0000 - 0x00007ffc08df0000 	C:\Windows\System32\win32u.dll
0x00007ffc0b370000 - 0x00007ffc0b399000 	C:\Windows\System32\GDI32.dll
0x00007ffc08bd0000 - 0x00007ffc08d69000 	C:\Windows\System32\gdi32full.dll
0x00007ffc090a0000 - 0x00007ffc09140000 	C:\Windows\System32\msvcp_win.dll
0x00007ffc093e0000 - 0x00007ffc094da000 	C:\Windows\System32\ucrtbase.dll
0x00007ffbf3d50000 - 0x00007ffbf3fc9000 	C:\Windows\WinSxS\amd64_microsoft.windows.common-controls_6595b64144ccf1df_6.0.17763.973_none_05b245900721eb81\COMCTL32.dll
0x00007ffc0acf0000 - 0x00007ffc0b01c000 	C:\Windows\System32\combase.dll
0x00007ffc08fd0000 - 0x00007ffc0904e000 	C:\Windows\System32\bcryptPrimitives.dll
0x00007ffc0b020000 - 0x00007ffc0b04e000 	C:\Windows\System32\IMM32.DLL
0x000000005b980000 - 0x000000005ba52000 	D:\ItProgram\Java\jdk1.7.0_80\jre\bin\msvcr100.dll
0x000000005b1a0000 - 0x000000005b979000 	D:\ItProgram\Java\jdk1.7.0_80\jre\bin\server\jvm.dll
0x00007ffc0ac00000 - 0x00007ffc0ac08000 	C:\Windows\System32\PSAPI.DLL
0x00007ffc05ca0000 - 0x00007ffc05ca9000 	C:\Windows\SYSTEM32\WSOCK32.dll
0x00007ffc062a0000 - 0x00007ffc062c4000 	C:\Windows\SYSTEM32\WINMM.dll
0x00007ffc0a800000 - 0x00007ffc0a86d000 	C:\Windows\System32\WS2_32.dll
0x00007ffc060e0000 - 0x00007ffc0610d000 	C:\Windows\SYSTEM32\WINMMBASE.dll
0x00007ffc09050000 - 0x00007ffc0909a000 	C:\Windows\System32\cfgmgr32.dll
0x000000005b190000 - 0x000000005b19f000 	D:\ItProgram\Java\jdk1.7.0_80\jre\bin\verify.dll
0x000000005b160000 - 0x000000005b188000 	D:\ItProgram\Java\jdk1.7.0_80\jre\bin\java.dll
0x000000005b120000 - 0x000000005b155000 	D:\ItProgram\Java\jdk1.7.0_80\jre\bin\jdwp.dll
0x000000005b110000 - 0x000000005b118000 	D:\ItProgram\Java\jdk1.7.0_80\jre\bin\npt.dll
0x000000005b0f0000 - 0x000000005b106000 	D:\ItProgram\Java\jdk1.7.0_80\jre\bin\zip.dll
0x000000005b0e0000 - 0x000000005b0e9000 	D:\ItProgram\Java\jdk1.7.0_80\jre\bin\dt_socket.dll
0x00007ffbe56c0000 - 0x00007ffbe56d6000 	C:\Windows\system32\napinsp.dll
0x00007ffbe56a0000 - 0x00007ffbe56ba000 	C:\Windows\system32\pnrpnsp.dll
0x00007ffc08370000 - 0x00007ffc083d7000 	C:\Windows\System32\mswsock.dll
0x00007ffc080d0000 - 0x00007ffc08196000 	C:\Windows\SYSTEM32\DNSAPI.dll
0x00007ffc0b050000 - 0x00007ffc0b058000 	C:\Windows\System32\NSI.dll
0x00007ffc08090000 - 0x00007ffc080cd000 	C:\Windows\SYSTEM32\IPHLPAPI.DLL
0x00007ffbe7f00000 - 0x00007ffbe7f0e000 	C:\Windows\System32\winrnr.dll
0x00007ffc04860000 - 0x00007ffc0487b000 	C:\Windows\system32\NLAapi.dll
0x00007ffbeda80000 - 0x00007ffbeda95000 	C:\Windows\system32\wshbth.dll
0x00007ffbfbe00000 - 0x00007ffbfbe79000 	C:\Windows\System32\fwpuclnt.dll
0x00007ffc09c30000 - 0x00007ffc09c56000 	C:\Windows\System32\bcrypt.dll
0x00007ffbfbd60000 - 0x00007ffbfbd6a000 	C:\Windows\System32\rasadhlp.dll
0x000000005b0c0000 - 0x000000005b0da000 	D:\ItProgram\Java\jdk1.7.0_80\jre\bin\net.dll
0x000000005b0a0000 - 0x000000005b0b1000 	D:\ItProgram\Java\jdk1.7.0_80\jre\bin\nio.dll

VM Arguments:
jvm_args: -agentlib:jdwp=transport=dt_socket,suspend=y,address=localhost:9444 -Dmaven.home=D:\ItProgram\apache-maven-3.3.9 -Dclassworlds.conf=D:\itElse\javaWorkspa2\.metadata\.plugins\org.eclipse.m2e.launching\launches\m2conf12979933531177550588.tmp -Dmaven.multiModuleProjectDirectory=D:\itElse\javaWorkspa2\taotao-sso -Dfile.encoding=UTF-8 
java_command: org.codehaus.plexus.classworlds.launcher.Launcher -B -s D:\ItProgram\apache-maven-3.6.1\conf\settings.xml clean tomcat7:run
Launcher Type: SUN_STANDARD

Environment Variables:
JAVA_HOME=D:\ItProgram\Java\jdk1.7.0_80
PATH=D:\ItProgram\Java\jdk1.7.0_80\jre\bin;D:\ItProgram\Python\Python38\Scripts\;D:\ItProgram\Python\Python38\;C:\ProgramData\Oracle\Java\javapath;D:\ItProgram\Java\jdk1.7.0_80\bin;C:\Windows\system32;C:\Windows;C:\Windows\System32\Wbem;C:\Windows\System32\WindowsPowerShell\v1.0\;C:\Windows\System32\OpenSSH\;C:\Program Files (x86)\NVIDIA Corporation\PhysX\Common;C:\Program Files\NVIDIA Corporation\NVIDIA NvDLISR;D:\ItProgram\apache-maven-3.6.1\bin;D:\ItProgram\MySQL\MySQL Server 5.5\bin;C:\Program Files\MySQL\MySQL Server 5.5\bin;C:\Program Files (x86)\Microsoft SQL Server\100\Tools\Binn\;C:\Program Files\Microsoft SQL Server\100\Tools\Binn\;C:\Program Files\Microsoft SQL Server\100\DTS\Binn\;D:\ItProgram\VisualSVN Server\bin;D:\ItProgram\TortoiseSVN\bin;C:\Users\myPc\AppData\Local\Microsoft\WindowsApps;D:\general\Bandizip\
USERNAME=myPc
OS=Windows_NT
PROCESSOR_IDENTIFIER=Intel64 Family 6 Model 158 Stepping 10, GenuineIntel



---------------  S Y S T E M  ---------------

OS: Windows 8.1 , 64 bit Build 9600 

CPU:total 12 (6 cores per cpu, 2 threads per core) family 6 model 158 stepping 10, cmov, cx8, fxsr, mmx, sse, sse2, sse3, ssse3, sse4.1, sse4.2, popcnt, avx, avx2, aes, erms, ht, tsc, tscinvbit

Memory: 4k page, physical 8256756k(574504k free), swap 21363952k(4152k free)

vm_info: Java HotSpot(TM) 64-Bit Server VM (24.80-b11) for windows-amd64 JRE (1.7.0_80-b15), built on Apr 10 2015 11:26:34 by "java_re" with unknown MS VC++:1600

time: Wed Feb 12 12:55:33 2020
elapsed time: 0 seconds

