#
# There is insufficient memory for the Java Runtime Environment to continue.
# Native memory allocation (malloc) failed to allocate 1692656 bytes for Chunk::new
# Possible reasons:
#   The system is out of physical RAM or swap space
#   In 32 bit mode, the process size limit was hit
# Possible solutions:
#   Reduce memory load on the system
#   Increase physical memory or swap space
#   Check if swap backing store is full
#   Use 64 bit Java on a 64 bit OS
#   Decrease Java heap size (-Xmx/-Xms)
#   Decrease number of Java threads
#   Decrease Java thread stack sizes (-Xss)
#   Set larger code cache with -XX:ReservedCodeCacheSize=
# This output file may be truncated or incomplete.
#
#  Out of Memory Error (allocation.cpp:323), pid=27784, tid=32040
#
# JRE version: Java(TM) SE Runtime Environment (7.0_80-b15) (build 1.7.0_80-b15)
# Java VM: Java HotSpot(TM) 64-Bit Server VM (24.80-b11 mixed mode windows-amd64 compressed oops)
# Failed to write core dump. Minidumps are not enabled by default on client versions of Windows
#

---------------  T H R E A D  ---------------

Current thread (0x000000000d32a000):  JavaThread "C2 CompilerThread1" daemon [_thread_in_native, id=32040, stack(0x000000000ec50000,0x000000000ed50000)]

Stack: [0x000000000ec50000,0x000000000ed50000]
[error occurred during error reporting (printing stack bounds), id 0xc0000005]


[error occurred during error reporting (printing native stack), id 0xc0000005]


Current CompileTask:
C2:  13601  857   !         org.apache.catalina.startup.ContextConfig::populateJavaClassCache (159 bytes)


---------------  P R O C E S S  ---------------

Java Threads: ( => current thread )
  0x000000000f9be000 JavaThread "localhost-startStop-1" daemon [_thread_in_Java, id=2484, stack(0x00000000108f0000,0x00000000109f0000)]
  0x000000000fe0e800 JavaThread "Tomcat-startStop-1" daemon [_thread_blocked, id=32656, stack(0x00000000107f0000,0x00000000108f0000)]
  0x000000000d330800 JavaThread "Service Thread" daemon [_thread_blocked, id=32440, stack(0x000000000ed50000,0x000000000ee50000)]
=>0x000000000d32a000 JavaThread "C2 CompilerThread1" daemon [_thread_in_native, id=32040, stack(0x000000000ec50000,0x000000000ed50000)]
  0x000000000d328800 JavaThread "C2 CompilerThread0" daemon [_thread_blocked, id=3780, stack(0x000000000eb50000,0x000000000ec50000)]
  0x000000000d317000 JavaThread "JDWP Command Reader" daemon [_thread_in_native, id=13220, stack(0x000000000ea50000,0x000000000eb50000)]
  0x000000000d316000 JavaThread "JDWP Event Helper Thread" daemon [_thread_blocked, id=31436, stack(0x000000000e950000,0x000000000ea50000)]
  0x000000000d309000 JavaThread "JDWP Transport Listener: dt_socket" daemon [_thread_blocked, id=2196, stack(0x000000000e850000,0x000000000e950000)]
  0x000000000d304800 JavaThread "Attach Listener" daemon [_thread_blocked, id=25860, stack(0x000000000e750000,0x000000000e850000)]
  0x000000000d304000 JavaThread "Signal Dispatcher" daemon [_thread_blocked, id=31008, stack(0x000000000e650000,0x000000000e750000)]
  0x000000000bc22800 JavaThread "Finalizer" daemon [_thread_blocked, id=30948, stack(0x000000000e550000,0x000000000e650000)]
  0x000000000bc17800 JavaThread "Reference Handler" daemon [_thread_blocked, id=28424, stack(0x000000000e450000,0x000000000e550000)]
  0x00000000031fe000 JavaThread "main" [_thread_blocked, id=12776, stack(0x00000000030b0000,0x00000000031b0000)]

Other Threads:
  0x000000000d2d2800 VMThread [stack: 0x000000000e350000,0x000000000e450000] [id=30568]
  0x000000000d34b800 WatcherThread [stack: 0x000000000ee50000,0x000000000ef50000] [id=27672]

VM state:not at safepoint (normal execution)

VM Mutex/Monitor currently owned by a thread: None

Heap
 PSYoungGen      total 154624K, used 72679K [0x00000007d6000000, 0x00000007e8e00000, 0x0000000800000000)
  eden space 129536K, 36% used [0x00000007d6000000,0x00000007d8e7d880,0x00000007dde80000)
  from space 25088K, 99% used [0x00000007e7580000,0x00000007e8dfc6a0,0x00000007e8e00000)
  to   space 15872K, 0% used [0x00000007dde80000,0x00000007dde80000,0x00000007dee00000)
 ParOldGen       total 86016K, used 38058K [0x0000000782000000, 0x0000000787400000, 0x00000007d6000000)
  object space 86016K, 44% used [0x0000000782000000,0x000000078452aa68,0x0000000787400000)
 PSPermGen       total 27136K, used 26815K [0x000000077ce00000, 0x000000077e880000, 0x0000000782000000)
  object space 27136K, 98% used [0x000000077ce00000,0x000000077e82ff48,0x000000077e880000)

Card table byte_map: [0x00000000063c0000,0x00000000067e0000] byte_map_base: 0x00000000027d9000

Polling page: 0x0000000000f80000

Code Cache  [0x0000000003300000, 0x00000000035d0000, 0x0000000006300000)
 total_blobs=1069 nmethods=724 adapters=304 free_code_cache=46477Kb largest_free_block=47439552

Compilation events (10 events):
Event: 13.490 Thread 0x000000000d328800 nmethod 854 0x0000000003513b10 code [0x0000000003513d60, 0x0000000003514a90]
Event: 13.507 Thread 0x000000000d32a000  855             org.apache.tomcat.util.bcel.classfile.JavaClass::getClassName (5 bytes)
Event: 13.507 Thread 0x000000000d32a000 nmethod 855 0x00000000033835d0 code [0x0000000003383700, 0x0000000003383778]
Event: 13.536 Thread 0x000000000d328800  856             java.util.jar.JarFile::maybeInstantiateVerifier (96 bytes)
Event: 13.546 Thread 0x000000000d328800 nmethod 856 0x00000000034bf910 code [0x00000000034bfaa0, 0x00000000034c0018]
Event: 13.550 Thread 0x000000000d32a000  857   !         org.apache.catalina.startup.ContextConfig::populateJavaClassCache (159 bytes)
Event: 13.556 Thread 0x000000000d328800  858             java.util.jar.JarFile$JarFileEntry::<init> (11 bytes)
Event: 13.558 Thread 0x000000000d328800 nmethod 858 0x0000000003495050 code [0x0000000003495180, 0x00000000034952d8]
Event: 13.558 Thread 0x000000000d328800  859             java.util.zip.ZipFile::getZipEntry (235 bytes)
Event: 13.568 Thread 0x000000000d328800 nmethod 859 0x0000000003397690 code [0x00000000033978c0, 0x0000000003398340]

GC Heap History (10 events):
Event: 4.032 GC heap before
{Heap before GC invocations=4 (full 0):
 PSYoungGen      total 37888K, used 37880K [0x00000007d6000000, 0x00000007daa00000, 0x0000000800000000)
  eden space 32768K, 100% used [0x00000007d6000000,0x00000007d8000000,0x00000007d8000000)
  from space 5120K, 99% used [0x00000007d8000000,0x00000007d84fe030,0x00000007d8500000)
  to   space 5120K, 0% used [0x00000007da500000,0x00000007da500000,0x00000007daa00000)
 ParOldGen       total 86016K, used 5026K [0x0000000782000000, 0x0000000787400000, 0x00000007d6000000)
  object space 86016K, 5% used [0x0000000782000000,0x00000007824e89a0,0x0000000787400000)
 PSPermGen       total 21504K, used 15505K [0x000000077ce00000, 0x000000077e300000, 0x0000000782000000)
  object space 21504K, 72% used [0x000000077ce00000,0x000000077dd245b0,0x000000077e300000)
Event: 4.085 GC heap after
Heap after GC invocations=4 (full 0):
 PSYoungGen      total 70656K, used 5120K [0x00000007d6000000, 0x00000007daa00000, 0x0000000800000000)
  eden space 65536K, 0% used [0x00000007d6000000,0x00000007d6000000,0x00000007da000000)
  from space 5120K, 100% used [0x00000007da500000,0x00000007daa00000,0x00000007daa00000)
  to   space 5120K, 0% used [0x00000007da000000,0x00000007da000000,0x00000007da500000)
 ParOldGen       total 86016K, used 7063K [0x0000000782000000, 0x0000000787400000, 0x00000007d6000000)
  object space 86016K, 8% used [0x0000000782000000,0x00000007826e5d00,0x0000000787400000)
 PSPermGen       total 21504K, used 15505K [0x000000077ce00000, 0x000000077e300000, 0x0000000782000000)
  object space 21504K, 72% used [0x000000077ce00000,0x000000077dd245b0,0x000000077e300000)
}
Event: 6.568 GC heap before
{Heap before GC invocations=5 (full 0):
 PSYoungGen      total 70656K, used 70656K [0x00000007d6000000, 0x00000007daa00000, 0x0000000800000000)
  eden space 65536K, 100% used [0x00000007d6000000,0x00000007da000000,0x00000007da000000)
  from space 5120K, 100% used [0x00000007da500000,0x00000007daa00000,0x00000007daa00000)
  to   space 5120K, 0% used [0x00000007da000000,0x00000007da000000,0x00000007da500000)
 ParOldGen       total 86016K, used 7063K [0x0000000782000000, 0x0000000787400000, 0x00000007d6000000)
  object space 86016K, 8% used [0x0000000782000000,0x00000007826e5d00,0x0000000787400000)
 PSPermGen       total 21504K, used 20062K [0x000000077ce00000, 0x000000077e300000, 0x0000000782000000)
  object space 21504K, 93% used [0x000000077ce00000,0x000000077e1978e0,0x000000077e300000)
Event: 6.586 GC heap after
Heap after GC invocations=5 (full 0):
 PSYoungGen      total 70656K, used 5104K [0x00000007d6000000, 0x00000007dfc00000, 0x0000000800000000)
  eden space 65536K, 0% used [0x00000007d6000000,0x00000007d6000000,0x00000007da000000)
  from space 5120K, 99% used [0x00000007da000000,0x00000007da4fc010,0x00000007da500000)
  to   space 14336K, 0% used [0x00000007dee00000,0x00000007dee00000,0x00000007dfc00000)
 ParOldGen       total 86016K, used 17398K [0x0000000782000000, 0x0000000787400000, 0x00000007d6000000)
  object space 86016K, 20% used [0x0000000782000000,0x00000007830fdbc8,0x0000000787400000)
 PSPermGen       total 21504K, used 20062K [0x000000077ce00000, 0x000000077e300000, 0x0000000782000000)
  object space 21504K, 93% used [0x000000077ce00000,0x000000077e1978e0,0x000000077e300000)
}
Event: 11.096 GC heap before
{Heap before GC invocations=6 (full 0):
 PSYoungGen      total 70656K, used 70640K [0x00000007d6000000, 0x00000007dfc00000, 0x0000000800000000)
  eden space 65536K, 100% used [0x00000007d6000000,0x00000007da000000,0x00000007da000000)
  from space 5120K, 99% used [0x00000007da000000,0x00000007da4fc010,0x00000007da500000)
  to   space 14336K, 0% used [0x00000007dee00000,0x00000007dee00000,0x00000007dfc00000)
 ParOldGen       total 86016K, used 17398K [0x0000000782000000, 0x0000000787400000, 0x00000007d6000000)
  object space 86016K, 20% used [0x0000000782000000,0x00000007830fdbc8,0x0000000787400000)
 PSPermGen       total 26624K, used 26376K [0x000000077ce00000, 0x000000077e800000, 0x0000000782000000)
  object space 26624K, 99% used [0x000000077ce00000,0x000000077e7c2288,0x000000077e800000)
Event: 11.126 GC heap after
Heap after GC invocations=6 (full 0):
 PSYoungGen      total 143872K, used 13105K [0x00000007d6000000, 0x00000007dff00000, 0x0000000800000000)
  eden space 129536K, 0% used [0x00000007d6000000,0x00000007d6000000,0x00000007dde80000)
  from space 14336K, 91% used [0x00000007dee00000,0x00000007dfacc6b8,0x00000007dfc00000)
  to   space 15872K, 0% used [0x00000007dde80000,0x00000007dde80000,0x00000007dee00000)
 ParOldGen       total 86016K, used 17406K [0x0000000782000000, 0x0000000787400000, 0x00000007d6000000)
  object space 86016K, 20% used [0x0000000782000000,0x00000007830ffbc8,0x0000000787400000)
 PSPermGen       total 26624K, used 26376K [0x000000077ce00000, 0x000000077e800000, 0x0000000782000000)
  object space 26624K, 99% used [0x000000077ce00000,0x000000077e7c2288,0x000000077e800000)
}
Event: 12.427 GC heap before
{Heap before GC invocations=7 (full 0):
 PSYoungGen      total 143872K, used 142641K [0x00000007d6000000, 0x00000007dff00000, 0x0000000800000000)
  eden space 129536K, 100% used [0x00000007d6000000,0x00000007dde80000,0x00000007dde80000)
  from space 14336K, 91% used [0x00000007dee00000,0x00000007dfacc6b8,0x00000007dfc00000)
  to   space 15872K, 0% used [0x00000007dde80000,0x00000007dde80000,0x00000007dee00000)
 ParOldGen       total 86016K, used 17406K [0x0000000782000000, 0x0000000787400000, 0x00000007d6000000)
  object space 86016K, 20% used [0x0000000782000000,0x00000007830ffbc8,0x0000000787400000)
 PSPermGen       total 27136K, used 26785K [0x000000077ce00000, 0x000000077e880000, 0x0000000782000000)
  object space 27136K, 98% used [0x000000077ce00000,0x000000077e828710,0x000000077e880000)
Event: 12.454 GC heap after
Heap after GC invocations=7 (full 0):
 PSYoungGen      total 145408K, used 15849K [0x00000007d6000000, 0x00000007e8e00000, 0x0000000800000000)
  eden space 129536K, 0% used [0x00000007d6000000,0x00000007d6000000,0x00000007dde80000)
  from space 15872K, 99% used [0x00000007dde80000,0x00000007dedfa760,0x00000007dee00000)
  to   space 25088K, 0% used [0x00000007e7580000,0x00000007e7580000,0x00000007e8e00000)
 ParOldGen       total 86016K, used 30873K [0x0000000782000000, 0x0000000787400000, 0x00000007d6000000)
  object space 86016K, 35% used [0x0000000782000000,0x0000000783e264c0,0x0000000787400000)
 PSPermGen       total 27136K, used 26785K [0x000000077ce00000, 0x000000077e880000, 0x0000000782000000)
  object space 27136K, 98% used [0x000000077ce00000,0x000000077e828710,0x000000077e880000)
}
Event: 13.330 GC heap before
{Heap before GC invocations=8 (full 0):
 PSYoungGen      total 145408K, used 145385K [0x00000007d6000000, 0x00000007e8e00000, 0x0000000800000000)
  eden space 129536K, 100% used [0x00000007d6000000,0x00000007dde80000,0x00000007dde80000)
  from space 15872K, 99% used [0x00000007dde80000,0x00000007dedfa760,0x00000007dee00000)
  to   space 25088K, 0% used [0x00000007e7580000,0x00000007e7580000,0x00000007e8e00000)
 ParOldGen       total 86016K, used 30873K [0x0000000782000000, 0x0000000787400000, 0x00000007d6000000)
  object space 86016K, 35% used [0x0000000782000000,0x0000000783e264c0,0x0000000787400000)
 PSPermGen       total 27136K, used 26812K [0x000000077ce00000, 0x000000077e880000, 0x0000000782000000)
  object space 27136K, 98% used [0x000000077ce00000,0x000000077e82f2d0,0x000000077e880000)
Event: 13.359 GC heap after
Heap after GC invocations=8 (full 0):
 PSYoungGen      total 154624K, used 25073K [0x00000007d6000000, 0x00000007e8e00000, 0x0000000800000000)
  eden space 129536K, 0% used [0x00000007d6000000,0x00000007d6000000,0x00000007dde80000)
  from space 25088K, 99% used [0x00000007e7580000,0x00000007e8dfc6a0,0x00000007e8e00000)
  to   space 15872K, 0% used [0x00000007dde80000,0x00000007dde80000,0x00000007dee00000)
 ParOldGen       total 86016K, used 38058K [0x0000000782000000, 0x0000000787400000, 0x00000007d6000000)
  object space 86016K, 44% used [0x0000000782000000,0x000000078452aa68,0x0000000787400000)
 PSPermGen       total 27136K, used 26812K [0x000000077ce00000, 0x000000077e880000, 0x0000000782000000)
  object space 27136K, 98% used [0x000000077ce00000,0x000000077e82f2d0,0x000000077e880000)
}

Deoptimization events (10 events):
Event: 11.857 Thread 0x000000000f9be000 Uncommon trap: reason=unstable_if action=reinterpret pc=0x0000000003579920 method=org.apache.tomcat.util.bcel.classfile.ConstantUtf8$1.removeEldestEntry(Ljava/util/Map$Entry;)Z @ 7
Event: 11.884 Thread 0x000000000f9be000 Uncommon trap: reason=unstable_if action=reinterpret pc=0x0000000003516a80 method=org.codehaus.plexus.classworlds.realm.Entry.matches(Ljava/lang/String;)Z @ 209
Event: 11.885 Thread 0x000000000f9be000 Uncommon trap: reason=unstable_if action=reinterpret pc=0x000000000351060c method=org.codehaus.plexus.classworlds.realm.Entry.matches(Ljava/lang/String;)Z @ 209
Event: 12.454 Thread 0x000000000bc22800 Uncommon trap: reason=bimorphic action=maybe_recompile pc=0x00000000033aa8bc method=java.util.WeakHashMap.eq(Ljava/lang/Object;Ljava/lang/Object;)Z @ 7
Event: 12.482 Thread 0x000000000f9be000 Uncommon trap: reason=null_check action=make_not_entrant pc=0x00000000035b4950 method=org.apache.catalina.startup.ContextConfig.populateSCIsForCacheEntry(Lorg/apache/catalina/startup/ContextConfig$JavaClassCacheEntry;)V @ 23
Event: 12.598 Thread 0x000000000f9be000 Uncommon trap: reason=null_check action=make_not_entrant pc=0x00000000035ba5b4 method=org.apache.catalina.startup.ContextConfig.populateSCIsForCacheEntry(Lorg/apache/catalina/startup/ContextConfig$JavaClassCacheEntry;)V @ 131
Event: 13.229 Thread 0x000000000f9be000 Uncommon trap: reason=class_check action=maybe_recompile pc=0x00000000035bf540 method=org.apache.catalina.startup.ContextConfig.checkHandlesTypes(Lorg/apache/tomcat/util/bcel/classfile/JavaClass;)V @ 178
Event: 13.230 Thread 0x000000000f9be000 Uncommon trap: reason=class_check action=maybe_recompile pc=0x00000000035bf540 method=org.apache.catalina.startup.ContextConfig.checkHandlesTypes(Lorg/apache/tomcat/util/bcel/classfile/JavaClass;)V @ 178
Event: 13.231 Thread 0x000000000f9be000 Uncommon trap: reason=class_check action=maybe_recompile pc=0x00000000035bf540 method=org.apache.catalina.startup.ContextConfig.checkHandlesTypes(Lorg/apache/tomcat/util/bcel/classfile/JavaClass;)V @ 178
Event: 13.246 Thread 0x000000000f9be000 Uncommon trap: reason=unstable_if action=reinterpret pc=0x000000000350c4f0 method=org.codehaus.plexus.classworlds.realm.Entry.matches(Ljava/lang/String;)Z @ 131

Internal exceptions (10 events):
Event: 13.228 Thread 0x000000000f9be000 Threw 0x00000007dce9ce58 at C:\re\jdk7u80\2329\hotspot\src\share\vm\prims\jvm.cpp:1319
Event: 13.229 Thread 0x000000000f9be000 Threw 0x00000007dce9ddc8 at C:\re\jdk7u80\2329\hotspot\src\share\vm\prims\jvm.cpp:1319
Event: 13.230 Thread 0x000000000f9be000 Threw 0x00000007dcea8ea8 at C:\re\jdk7u80\2329\hotspot\src\share\vm\prims\jvm.cpp:1319
Event: 13.230 Thread 0x000000000f9be000 Threw 0x00000007dcea93d8 at C:\re\jdk7u80\2329\hotspot\src\share\vm\prims\jvm.cpp:1319
Event: 13.230 Thread 0x000000000f9be000 Threw 0x00000007dceae960 at C:\re\jdk7u80\2329\hotspot\src\share\vm\prims\jvm.cpp:1319
Event: 13.230 Thread 0x000000000f9be000 Threw 0x00000007dceaf8d8 at C:\re\jdk7u80\2329\hotspot\src\share\vm\prims\jvm.cpp:1319
Event: 13.231 Thread 0x000000000f9be000 Threw 0x00000007dceb9698 at C:\re\jdk7u80\2329\hotspot\src\share\vm\prims\jvm.cpp:1319
Event: 13.231 Thread 0x000000000f9be000 Threw 0x00000007dceb9bc8 at C:\re\jdk7u80\2329\hotspot\src\share\vm\prims\jvm.cpp:1319
Event: 13.231 Thread 0x000000000f9be000 Threw 0x00000007dcebf150 at C:\re\jdk7u80\2329\hotspot\src\share\vm\prims\jvm.cpp:1319
Event: 13.231 Thread 0x000000000f9be000 Threw 0x00000007dcec00c8 at C:\re\jdk7u80\2329\hotspot\src\share\vm\prims\jvm.cpp:1319

Events (10 events):
Event: 13.364 Executing VM operation: RevokeBias done
Event: 13.365 Executing VM operation: RevokeBias
Event: 13.365 Executing VM operation: RevokeBias done
Event: 13.365 Executing VM operation: RevokeBias
Event: 13.365 Executing VM operation: RevokeBias done
Event: 13.365 Executing VM operation: RevokeBias
Event: 13.365 Executing VM operation: RevokeBias done
Event: 13.365 Executing VM operation: RevokeBias
Event: 13.365 Executing VM operation: RevokeBias done
Event: 13.400 Thread 0x000000000d32a000 flushing nmethod 0x0000000003391dd0


Dynamic libraries:
0x00007ff6d9a40000 - 0x00007ff6d9a73000 	D:\ItProgram\Java\jdk1.7.0_80\bin\javaw.exe
0x00007ffcbce00000 - 0x00007ffcbcfed000 	C:\Windows\SYSTEM32\ntdll.dll
0x00007ffcbb210000 - 0x00007ffcbb2c3000 	C:\Windows\System32\KERNEL32.DLL
0x00007ffcb8ef0000 - 0x00007ffcb9183000 	C:\Windows\System32\KERNELBASE.dll
0x00007ffcbc950000 - 0x00007ffcbc9f3000 	C:\Windows\System32\ADVAPI32.dll
0x00007ffcbc840000 - 0x00007ffcbc8de000 	C:\Windows\System32\msvcrt.dll
0x00007ffcbcd30000 - 0x00007ffcbcdce000 	C:\Windows\System32\sechost.dll
0x00007ffcba020000 - 0x00007ffcba142000 	C:\Windows\System32\RPCRT4.dll
0x00007ffcbcab0000 - 0x00007ffcbcc47000 	C:\Windows\System32\USER32.dll
0x00007ffcb9d80000 - 0x00007ffcb9da0000 	C:\Windows\System32\win32u.dll
0x00007ffcbc8f0000 - 0x00007ffcbc919000 	C:\Windows\System32\GDI32.dll
0x00007ffcb9be0000 - 0x00007ffcb9d79000 	C:\Windows\System32\gdi32full.dll
0x00007ffcb9f80000 - 0x00007ffcba020000 	C:\Windows\System32\msvcp_win.dll
0x00007ffcb92e0000 - 0x00007ffcb93da000 	C:\Windows\System32\ucrtbase.dll
0x00007ffca6cc0000 - 0x00007ffca6f39000 	C:\Windows\WinSxS\amd64_microsoft.windows.common-controls_6595b64144ccf1df_6.0.17763.973_none_05b245900721eb81\COMCTL32.dll
0x00007ffcba7e0000 - 0x00007ffcbab0c000 	C:\Windows\System32\combase.dll
0x00007ffcb9240000 - 0x00007ffcb92be000 	C:\Windows\System32\bcryptPrimitives.dll
0x00007ffcbc920000 - 0x00007ffcbc94e000 	C:\Windows\System32\IMM32.DLL
0x000000005dbd0000 - 0x000000005dca2000 	D:\ItProgram\Java\jdk1.7.0_80\jre\bin\msvcr100.dll
0x000000005c040000 - 0x000000005c819000 	D:\ItProgram\Java\jdk1.7.0_80\jre\bin\server\jvm.dll
0x00007ffcbcd20000 - 0x00007ffcbcd28000 	C:\Windows\System32\PSAPI.DLL
0x00007ffcae080000 - 0x00007ffcae089000 	C:\Windows\SYSTEM32\WSOCK32.dll
0x00007ffcbccb0000 - 0x00007ffcbcd1d000 	C:\Windows\System32\WS2_32.dll
0x00007ffcb5c70000 - 0x00007ffcb5c94000 	C:\Windows\SYSTEM32\WINMM.dll
0x00007ffcb5680000 - 0x00007ffcb56ad000 	C:\Windows\SYSTEM32\WINMMBASE.dll
0x00007ffcb9b30000 - 0x00007ffcb9b7a000 	C:\Windows\System32\cfgmgr32.dll
0x000000005dbc0000 - 0x000000005dbcf000 	D:\ItProgram\Java\jdk1.7.0_80\jre\bin\verify.dll
0x000000005db90000 - 0x000000005dbb8000 	D:\ItProgram\Java\jdk1.7.0_80\jre\bin\java.dll
0x000000005db50000 - 0x000000005db85000 	D:\ItProgram\Java\jdk1.7.0_80\jre\bin\jdwp.dll
0x000000005db40000 - 0x000000005db48000 	D:\ItProgram\Java\jdk1.7.0_80\jre\bin\npt.dll
0x000000005db20000 - 0x000000005db36000 	D:\ItProgram\Java\jdk1.7.0_80\jre\bin\zip.dll
0x000000005db10000 - 0x000000005db19000 	D:\ItProgram\Java\jdk1.7.0_80\jre\bin\dt_socket.dll
0x00007ffca2000000 - 0x00007ffca2016000 	C:\Windows\system32\napinsp.dll
0x00007ffc975b0000 - 0x00007ffc975ca000 	C:\Windows\system32\pnrpnsp.dll
0x00007ffcb8660000 - 0x00007ffcb86c7000 	C:\Windows\System32\mswsock.dll
0x00007ffcb83c0000 - 0x00007ffcb8486000 	C:\Windows\SYSTEM32\DNSAPI.dll
0x00007ffcbc8e0000 - 0x00007ffcbc8e8000 	C:\Windows\System32\NSI.dll
0x00007ffcb8380000 - 0x00007ffcb83bd000 	C:\Windows\SYSTEM32\IPHLPAPI.DLL
0x00007ffca1a40000 - 0x00007ffca1a4e000 	C:\Windows\System32\winrnr.dll
0x00007ffcb49c0000 - 0x00007ffcb49db000 	C:\Windows\system32\NLAapi.dll
0x00007ffc9b7d0000 - 0x00007ffc9b7e5000 	C:\Windows\system32\wshbth.dll
0x00007ffcab260000 - 0x00007ffcab2d9000 	C:\Windows\System32\fwpuclnt.dll
0x00007ffcb8ec0000 - 0x00007ffcb8ee6000 	C:\Windows\System32\bcrypt.dll
0x00007ffcab930000 - 0x00007ffcab93a000 	C:\Windows\System32\rasadhlp.dll
0x000000005daf0000 - 0x000000005db0a000 	D:\ItProgram\Java\jdk1.7.0_80\jre\bin\net.dll
0x000000005dad0000 - 0x000000005dae1000 	D:\ItProgram\Java\jdk1.7.0_80\jre\bin\nio.dll
0x00007ffcb92c0000 - 0x00007ffcb92d7000 	C:\Windows\System32\CRYPTSP.dll
0x00007ffcb81e0000 - 0x00007ffcb8213000 	C:\Windows\system32\rsaenh.dll
0x00007ffcb8d20000 - 0x00007ffcb8d48000 	C:\Windows\SYSTEM32\USERENV.dll
0x00007ffcb8e70000 - 0x00007ffcb8e94000 	C:\Windows\System32\profapi.dll
0x00007ffcb8830000 - 0x00007ffcb883c000 	C:\Windows\SYSTEM32\CRYPTBASE.dll
0x00007ffcac750000 - 0x00007ffcac766000 	C:\Windows\SYSTEM32\dhcpcsvc6.DLL
0x00007ffcac6f0000 - 0x00007ffcac70c000 	C:\Windows\SYSTEM32\dhcpcsvc.DLL
0x000000005dac0000 - 0x000000005dacb000 	D:\ItProgram\Java\jdk1.7.0_80\jre\bin\management.dll

VM Arguments:
jvm_args: -agentlib:jdwp=transport=dt_socket,suspend=y,address=localhost:5373 -Dmaven.home=D:\ItProgram\apache-maven-3.3.9 -Dclassworlds.conf=D:\itElse\javaWorkspa2\.metadata\.plugins\org.eclipse.m2e.launching\launches\m2conf15839668718325569474.tmp -Dmaven.multiModuleProjectDirectory=D:\itElse\javaWorkspa2\taotao-portal-web -Dfile.encoding=UTF-8 
java_command: org.codehaus.plexus.classworlds.launcher.Launcher -B -s D:\ItProgram\apache-maven-3.3.9\conf\settings.xml clean tomcat7:run
Launcher Type: SUN_STANDARD

Environment Variables:
JAVA_HOME=D:\ItProgram\Java\jdk1.7.0_80
PATH=D:\ItProgram\Java\jdk1.7.0_80\jre\bin;C:\ProgramData\Oracle\Java\javapath;D:\ItProgram\Java\jdk1.7.0_80\bin;C:\Windows\system32;C:\Windows;C:\Windows\System32\Wbem;C:\Windows\System32\WindowsPowerShell\v1.0\;C:\Windows\System32\OpenSSH\;C:\Program Files (x86)\NVIDIA Corporation\PhysX\Common;C:\Program Files\NVIDIA Corporation\NVIDIA NvDLISR;D:\ItProgram\apache-maven-3.6.1\bin;D:\ItProgram\MySQL\MySQL Server 5.5\bin;C:\Program Files\MySQL\MySQL Server 5.5\bin;D:\ItProgram\VisualSVN Server\bin;C:\Program Files (x86)\Microsoft SQL Server\100\Tools\Binn\;C:\Program Files\Microsoft SQL Server\100\Tools\Binn\;C:\Program Files\Microsoft SQL Server\100\DTS\Binn\;C:\Users\myPc\AppData\Local\Microsoft\WindowsApps;D:\general\Bandizip\
USERNAME=myPc
OS=Windows_NT
PROCESSOR_IDENTIFIER=Intel64 Family 6 Model 158 Stepping 10, GenuineIntel



---------------  S Y S T E M  ---------------

OS: Windows 8.1 , 64 bit Build 9600 

CPU:total 12 (6 cores per cpu, 2 threads per core) family 6 model 158 stepping 10, cmov, cx8, fxsr, mmx, sse, sse2, sse3, ssse3, sse4.1, sse4.2, popcnt, avx, avx2, aes, erms, ht, tsc, tscinvbit

Memory: 4k page, physical 8256756k(416520k free), swap 31824368k(5280k free)

vm_info: Java HotSpot(TM) 64-Bit Server VM (24.80-b11) for windows-amd64 JRE (1.7.0_80-b15), built on Apr 10 2015 11:26:34 by "java_re" with unknown MS VC++:1600

time: Thu Jan 30 13:01:21 2020
elapsed time: 13 seconds

