#
# There is insufficient memory for the Java Runtime Environment to continue.
# Native memory allocation (malloc) failed to allocate 2763952 bytes for Chunk::new
# Possible reasons:
#   The system is out of physical RAM or swap space
#   In 32 bit mode, the process size limit was hit
# Possible solutions:
#   Reduce memory load on the system
#   Increase physical memory or swap space
#   Check if swap backing store is full
#   Use 64 bit Java on a 64 bit OS
#   Decrease Java heap size (-Xmx/-Xms)
#   Decrease number of Java threads
#   Decrease Java thread stack sizes (-Xss)
#   Set larger code cache with -XX:ReservedCodeCacheSize=
# This output file may be truncated or incomplete.
#
#  Out of Memory Error (allocation.cpp:390), pid=74272, tid=0x0000000000011898
#
# JRE version: Java(TM) SE Runtime Environment (8.0_131-b11) (build 1.8.0_131-b11)
# Java VM: Java HotSpot(TM) 64-Bit Server VM (25.131-b11 mixed mode windows-amd64 compressed oops)
# Failed to write core dump. Minidumps are not enabled by default on client versions of Windows
#

---------------  T H R E A D  ---------------

Current thread (0x000000001978b800):  JavaThread "C2 CompilerThread0" daemon [_thread_in_native, id=71832, stack(0x000000001af70000,0x000000001b070000)]

Stack: [0x000000001af70000,0x000000001b070000]
[error occurred during error reporting (printing stack bounds), id 0xc0000005]

Native frames: (J=compiled Java code, j=interpreted, Vv=VM code, C=native code)


Current CompileTask:
C2:   4257 3082       4       java.net.URLClassLoader$1::run (5 bytes)


---------------  P R O C E S S  ---------------

Java Threads: ( => current thread )
  0x0000000019833800 JavaThread "Service Thread" daemon [_thread_blocked, id=69764, stack(0x000000001b370000,0x000000001b470000)]
  0x0000000019796000 JavaThread "C1 CompilerThread3" daemon [_thread_blocked, id=73924, stack(0x000000001b270000,0x000000001b370000)]
  0x0000000019795800 JavaThread "C2 CompilerThread2" daemon [_thread_in_native, id=71924, stack(0x000000001b170000,0x000000001b270000)]
  0x000000001978f800 JavaThread "C2 CompilerThread1" daemon [_thread_in_native, id=73904, stack(0x000000001b070000,0x000000001b170000)]
=>0x000000001978b800 JavaThread "C2 CompilerThread0" daemon [_thread_in_native, id=71832, stack(0x000000001af70000,0x000000001b070000)]
  0x000000001977a800 JavaThread "JDWP Command Reader" daemon [_thread_in_native, id=71720, stack(0x000000001ae70000,0x000000001af70000)]
  0x0000000019776000 JavaThread "JDWP Event Helper Thread" daemon [_thread_blocked, id=68772, stack(0x000000001ad70000,0x000000001ae70000)]
  0x000000001976c800 JavaThread "JDWP Transport Listener: dt_socket" daemon [_thread_blocked, id=72120, stack(0x000000001ac70000,0x000000001ad70000)]
  0x000000001970c000 JavaThread "Attach Listener" daemon [_thread_blocked, id=65972, stack(0x000000001ab70000,0x000000001ac70000)]
  0x000000001970b800 JavaThread "Signal Dispatcher" daemon [_thread_blocked, id=61100, stack(0x000000001aa70000,0x000000001ab70000)]
  0x00000000196f3000 JavaThread "Finalizer" daemon [_thread_blocked, id=74052, stack(0x000000001a970000,0x000000001aa70000)]
  0x000000001802c800 JavaThread "Reference Handler" daemon [_thread_blocked, id=72796, stack(0x000000001a870000,0x000000001a970000)]
  0x0000000002dee800 JavaThread "main" [_thread_in_native, id=71428, stack(0x0000000002c80000,0x0000000002d80000)]

Other Threads:
  0x00000000196d2800 VMThread [stack: 0x000000001a770000,0x000000001a870000] [id=75036]
  0x00000000198ae800 WatcherThread [stack: 0x000000001b470000,0x000000001b570000] [id=73596]

VM state:not at safepoint (normal execution)

VM Mutex/Monitor currently owned by a thread: None

Heap:
 PSYoungGen      total 70656K, used 19062K [0x00000000d6000000, 0x00000000daa00000, 0x0000000100000000)
  eden space 65536K, 29% used [0x00000000d6000000,0x00000000d729d880,0x00000000da000000)
  from space 5120K, 0% used [0x00000000da000000,0x00000000da000000,0x00000000da500000)
  to   space 5120K, 0% used [0x00000000da500000,0x00000000da500000,0x00000000daa00000)
 ParOldGen       total 68096K, used 12214K [0x0000000082000000, 0x0000000086280000, 0x00000000d6000000)
  object space 68096K, 17% used [0x0000000082000000,0x0000000082bedb88,0x0000000086280000)
 Metaspace       used 21218K, capacity 21716K, committed 21808K, reserved 1069056K
  class space    used 2542K, capacity 2684K, committed 2688K, reserved 1048576K

Card table byte_map: [0x00000000122b0000,0x00000000126b0000] byte_map_base: 0x0000000011ea0000

Marking Bits: (ParMarkBitMap*) 0x0000000076c7c720
 Begin Bits: [0x0000000013350000, 0x00000000152d0000)
 End Bits:   [0x00000000152d0000, 0x0000000017250000)

Polling page: 0x0000000000a50000

CodeCache: size=245760Kb used=11851Kb max_used=11851Kb free=233908Kb
 bounds [0x0000000002ef0000, 0x0000000003a90000, 0x0000000011ef0000]
 total_blobs=3681 nmethods=3314 adapters=287
 compilation: enabled

Compilation events (10 events):
Event: 4.253 Thread 0x0000000019796000 nmethod 3325 0x0000000003a889d0 code [0x0000000003a88b80, 0x0000000003a89078]
Event: 4.253 Thread 0x0000000019796000 3322       3       com.sun.tools.javac.file.ZipFileIndex$DirectoryEntry::access$100 (6 bytes)
Event: 4.253 Thread 0x0000000019796000 nmethod 3322 0x0000000003a7a410 code [0x0000000003a7a580, 0x0000000003a7a708]
Event: 4.253 Thread 0x0000000019796000 3323       3       com.sun.tools.javac.file.ZipFileIndex$DirectoryEntry::getEntry (44 bytes)
Event: 4.254 Thread 0x0000000019796000 nmethod 3323 0x0000000003a89390 code [0x0000000003a89560, 0x0000000003a89d68]
Event: 4.254 Thread 0x0000000019796000 3324       3       com.sun.tools.javac.file.ZipFileIndexArchive$ZipFileIndexFileObject::<init> (35 bytes)
Event: 4.254 Thread 0x0000000019796000 nmethod 3324 0x0000000003a8a010 code [0x0000000003a8a180, 0x0000000003a8a430]
Event: 4.254 Thread 0x0000000019796000 3327       3       com.sun.tools.javac.util.List$3::hasNext (16 bytes)
Event: 4.254 Thread 0x0000000019796000 nmethod 3327 0x0000000003a8a590 code [0x0000000003a8a6e0, 0x0000000003a8a890]
Event: 4.254 Thread 0x0000000019796000 3328       3       com.sun.tools.javac.util.List$3::next (39 bytes)

GC Heap History (10 events):
Event: 2.001 GC heap before
{Heap before GC invocations=2 (full 0):
 PSYoungGen      total 37888K, used 37862K [0x00000000d6000000, 0x00000000d8a00000, 0x0000000100000000)
  eden space 32768K, 100% used [0x00000000d6000000,0x00000000d8000000,0x00000000d8000000)
  from space 5120K, 99% used [0x00000000d8000000,0x00000000d84f98d8,0x00000000d8500000)
  to   space 5120K, 0% used [0x00000000d8500000,0x00000000d8500000,0x00000000d8a00000)
 ParOldGen       total 86016K, used 422K [0x0000000082000000, 0x0000000087400000, 0x00000000d6000000)
  object space 86016K, 0% used [0x0000000082000000,0x0000000082069850,0x0000000087400000)
 Metaspace       used 12564K, capacity 12756K, committed 13056K, reserved 1060864K
  class space    used 1592K, capacity 1674K, committed 1792K, reserved 1048576K
Event: 2.011 GC heap after
Heap after GC invocations=2 (full 0):
 PSYoungGen      total 37888K, used 5101K [0x00000000d6000000, 0x00000000d8a00000, 0x0000000100000000)
  eden space 32768K, 0% used [0x00000000d6000000,0x00000000d6000000,0x00000000d8000000)
  from space 5120K, 99% used [0x00000000d8500000,0x00000000d89fb640,0x00000000d8a00000)
  to   space 5120K, 0% used [0x00000000d8000000,0x00000000d8000000,0x00000000d8500000)
 ParOldGen       total 86016K, used 3243K [0x0000000082000000, 0x0000000087400000, 0x00000000d6000000)
  object space 86016K, 3% used [0x0000000082000000,0x000000008232ad18,0x0000000087400000)
 Metaspace       used 12564K, capacity 12756K, committed 13056K, reserved 1060864K
  class space    used 1592K, capacity 1674K, committed 1792K, reserved 1048576K
}
Event: 2.650 GC heap before
{Heap before GC invocations=3 (full 0):
 PSYoungGen      total 37888K, used 37869K [0x00000000d6000000, 0x00000000d8a00000, 0x0000000100000000)
  eden space 32768K, 100% used [0x00000000d6000000,0x00000000d8000000,0x00000000d8000000)
  from space 5120K, 99% used [0x00000000d8500000,0x00000000d89fb640,0x00000000d8a00000)
  to   space 5120K, 0% used [0x00000000d8000000,0x00000000d8000000,0x00000000d8500000)
 ParOldGen       total 86016K, used 3243K [0x0000000082000000, 0x0000000087400000, 0x00000000d6000000)
  object space 86016K, 3% used [0x0000000082000000,0x000000008232ad18,0x0000000087400000)
 Metaspace       used 15187K, capacity 15476K, committed 15616K, reserved 1062912K
  class space    used 1849K, capacity 1946K, committed 2048K, reserved 1048576K
Event: 2.658 GC heap after
Heap after GC invocations=3 (full 0):
 PSYoungGen      total 37888K, used 5096K [0x00000000d6000000, 0x00000000daa00000, 0x0000000100000000)
  eden space 32768K, 0% used [0x00000000d6000000,0x00000000d6000000,0x00000000d8000000)
  from space 5120K, 99% used [0x00000000d8000000,0x00000000d84fa060,0x00000000d8500000)
  to   space 5120K, 0% used [0x00000000da500000,0x00000000da500000,0x00000000daa00000)
 ParOldGen       total 86016K, used 6051K [0x0000000082000000, 0x0000000087400000, 0x00000000d6000000)
  object space 86016K, 7% used [0x0000000082000000,0x00000000825e8e10,0x0000000087400000)
 Metaspace       used 15187K, capacity 15476K, committed 15616K, reserved 1062912K
  class space    used 1849K, capacity 1946K, committed 2048K, reserved 1048576K
}
Event: 3.096 GC heap before
{Heap before GC invocations=4 (full 0):
 PSYoungGen      total 37888K, used 37864K [0x00000000d6000000, 0x00000000daa00000, 0x0000000100000000)
  eden space 32768K, 100% used [0x00000000d6000000,0x00000000d8000000,0x00000000d8000000)
  from space 5120K, 99% used [0x00000000d8000000,0x00000000d84fa060,0x00000000d8500000)
  to   space 5120K, 0% used [0x00000000da500000,0x00000000da500000,0x00000000daa00000)
 ParOldGen       total 86016K, used 6051K [0x0000000082000000, 0x0000000087400000, 0x00000000d6000000)
  object space 86016K, 7% used [0x0000000082000000,0x00000000825e8e10,0x0000000087400000)
 Metaspace       used 15959K, capacity 16338K, committed 16384K, reserved 1062912K
  class space    used 1920K, capacity 2019K, committed 2048K, reserved 1048576K
Event: 3.103 GC heap after
Heap after GC invocations=4 (full 0):
 PSYoungGen      total 70656K, used 5096K [0x00000000d6000000, 0x00000000daa00000, 0x0000000100000000)
  eden space 65536K, 0% used [0x00000000d6000000,0x00000000d6000000,0x00000000da000000)
  from space 5120K, 99% used [0x00000000da500000,0x00000000da9fa020,0x00000000daa00000)
  to   space 5120K, 0% used [0x00000000da000000,0x00000000da000000,0x00000000da500000)
 ParOldGen       total 86016K, used 8103K [0x0000000082000000, 0x0000000087400000, 0x00000000d6000000)
  object space 86016K, 9% used [0x0000000082000000,0x00000000827e9f20,0x0000000087400000)
 Metaspace       used 15959K, capacity 16338K, committed 16384K, reserved 1062912K
  class space    used 1920K, capacity 2019K, committed 2048K, reserved 1048576K
}
Event: 3.902 GC heap before
{Heap before GC invocations=5 (full 0):
 PSYoungGen      total 70656K, used 58367K [0x00000000d6000000, 0x00000000daa00000, 0x0000000100000000)
  eden space 65536K, 81% used [0x00000000d6000000,0x00000000d9405c28,0x00000000da000000)
  from space 5120K, 99% used [0x00000000da500000,0x00000000da9fa020,0x00000000daa00000)
  to   space 5120K, 0% used [0x00000000da000000,0x00000000da000000,0x00000000da500000)
 ParOldGen       total 86016K, used 8103K [0x0000000082000000, 0x0000000087400000, 0x00000000d6000000)
  object space 86016K, 9% used [0x0000000082000000,0x00000000827e9f20,0x0000000087400000)
 Metaspace       used 20694K, capacity 21140K, committed 21296K, reserved 1069056K
  class space    used 2500K, capacity 2620K, committed 2688K, reserved 1048576K
Event: 3.923 GC heap after
Heap after GC invocations=5 (full 0):
 PSYoungGen      total 70656K, used 5096K [0x00000000d6000000, 0x00000000daa00000, 0x0000000100000000)
  eden space 65536K, 0% used [0x00000000d6000000,0x00000000d6000000,0x00000000da000000)
  from space 5120K, 99% used [0x00000000da000000,0x00000000da4fa040,0x00000000da500000)
  to   space 5120K, 0% used [0x00000000da500000,0x00000000da500000,0x00000000daa00000)
 ParOldGen       total 86016K, used 12760K [0x0000000082000000, 0x0000000087400000, 0x00000000d6000000)
  object space 86016K, 14% used [0x0000000082000000,0x0000000082c76108,0x0000000087400000)
 Metaspace       used 20694K, capacity 21140K, committed 21296K, reserved 1069056K
  class space    used 2500K, capacity 2620K, committed 2688K, reserved 1048576K
}
Event: 3.923 GC heap before
{Heap before GC invocations=6 (full 1):
 PSYoungGen      total 70656K, used 5096K [0x00000000d6000000, 0x00000000daa00000, 0x0000000100000000)
  eden space 65536K, 0% used [0x00000000d6000000,0x00000000d6000000,0x00000000da000000)
  from space 5120K, 99% used [0x00000000da000000,0x00000000da4fa040,0x00000000da500000)
  to   space 5120K, 0% used [0x00000000da500000,0x00000000da500000,0x00000000daa00000)
 ParOldGen       total 86016K, used 12760K [0x0000000082000000, 0x0000000087400000, 0x00000000d6000000)
  object space 86016K, 14% used [0x0000000082000000,0x0000000082c76108,0x0000000087400000)
 Metaspace       used 20694K, capacity 21140K, committed 21296K, reserved 1069056K
  class space    used 2500K, capacity 2620K, committed 2688K, reserved 1048576K
Event: 3.989 GC heap after
Heap after GC invocations=6 (full 1):
 PSYoungGen      total 70656K, used 0K [0x00000000d6000000, 0x00000000daa00000, 0x0000000100000000)
  eden space 65536K, 0% used [0x00000000d6000000,0x00000000d6000000,0x00000000da000000)
  from space 5120K, 0% used [0x00000000da000000,0x00000000da000000,0x00000000da500000)
  to   space 5120K, 0% used [0x00000000da500000,0x00000000da500000,0x00000000daa00000)
 ParOldGen       total 68096K, used 12214K [0x0000000082000000, 0x0000000086280000, 0x00000000d6000000)
  object space 68096K, 17% used [0x0000000082000000,0x0000000082bedb88,0x0000000086280000)
 Metaspace       used 20694K, capacity 21140K, committed 21296K, reserved 1069056K
  class space    used 2500K, capacity 2620K, committed 2688K, reserved 1048576K
}

Deoptimization events (10 events):
Event: 4.236 Thread 0x0000000002dee800 Uncommon trap: reason=unhandled action=none pc=0x000000000345b5d4 method=java.net.URLClassLoader.findClass(Ljava/lang/String;)Ljava/lang/Class; @ 44
Event: 4.236 Thread 0x0000000002dee800 Uncommon trap: reason=unhandled action=none pc=0x000000000345b5d4 method=java.net.URLClassLoader.findClass(Ljava/lang/String;)Ljava/lang/Class; @ 44
Event: 4.238 Thread 0x0000000002dee800 Uncommon trap: reason=unhandled action=none pc=0x000000000345b5d4 method=java.net.URLClassLoader.findClass(Ljava/lang/String;)Ljava/lang/Class; @ 44
Event: 4.238 Thread 0x0000000002dee800 Uncommon trap: reason=unhandled action=none pc=0x000000000345b5d4 method=java.net.URLClassLoader.findClass(Ljava/lang/String;)Ljava/lang/Class; @ 44
Event: 4.241 Thread 0x0000000002dee800 Uncommon trap: reason=unhandled action=none pc=0x000000000345b5d4 method=java.net.URLClassLoader.findClass(Ljava/lang/String;)Ljava/lang/Class; @ 44
Event: 4.241 Thread 0x0000000002dee800 Uncommon trap: reason=unhandled action=none pc=0x000000000345b5d4 method=java.net.URLClassLoader.findClass(Ljava/lang/String;)Ljava/lang/Class; @ 44
Event: 4.242 Thread 0x0000000002dee800 Uncommon trap: reason=unhandled action=none pc=0x000000000345b5d4 method=java.net.URLClassLoader.findClass(Ljava/lang/String;)Ljava/lang/Class; @ 44
Event: 4.242 Thread 0x0000000002dee800 Uncommon trap: reason=unhandled action=none pc=0x000000000345b5d4 method=java.net.URLClassLoader.findClass(Ljava/lang/String;)Ljava/lang/Class; @ 44
Event: 4.242 Thread 0x0000000002dee800 Uncommon trap: reason=unhandled action=none pc=0x000000000345b5d4 method=java.net.URLClassLoader.findClass(Ljava/lang/String;)Ljava/lang/Class; @ 44
Event: 4.242 Thread 0x0000000002dee800 Uncommon trap: reason=unhandled action=none pc=0x000000000345b5d4 method=java.net.URLClassLoader.findClass(Ljava/lang/String;)Ljava/lang/Class; @ 44

Internal exceptions (10 events):
Event: 3.492 Thread 0x0000000002dee800 Exception <a 'java/lang/ArrayIndexOutOfBoundsException': 86> (0x00000000d80edda0) thrown at [C:\re\workspace\8-2-build-windows-amd64-cygwin\jdk8u131\8869\hotspot\src\share\vm\interpreter\interpreterRuntime.cpp, line 366]
Event: 3.492 Thread 0x0000000002dee800 Exception <a 'java/lang/ArrayIndexOutOfBoundsException': 24> (0x00000000d80eea98) thrown at [C:\re\workspace\8-2-build-windows-amd64-cygwin\jdk8u131\8869\hotspot\src\share\vm\interpreter\interpreterRuntime.cpp, line 366]
Event: 3.514 Thread 0x0000000002dee800 Exception <a 'java/lang/ArrayIndexOutOfBoundsException': 37> (0x00000000d81c4148) thrown at [C:\re\workspace\8-2-build-windows-amd64-cygwin\jdk8u131\8869\hotspot\src\share\vm\interpreter\interpreterRuntime.cpp, line 366]
Event: 3.514 Thread 0x0000000002dee800 Exception <a 'java/lang/ArrayIndexOutOfBoundsException': 72> (0x00000000d81c5790) thrown at [C:\re\workspace\8-2-build-windows-amd64-cygwin\jdk8u131\8869\hotspot\src\share\vm\interpreter\interpreterRuntime.cpp, line 366]
Event: 3.514 Thread 0x0000000002dee800 Exception <a 'java/lang/ArrayIndexOutOfBoundsException': 83> (0x00000000d81c7248) thrown at [C:\re\workspace\8-2-build-windows-amd64-cygwin\jdk8u131\8869\hotspot\src\share\vm\interpreter\interpreterRuntime.cpp, line 366]
Event: 3.515 Thread 0x0000000002dee800 Exception <a 'java/lang/ArrayIndexOutOfBoundsException': 83> (0x00000000d81c8c20) thrown at [C:\re\workspace\8-2-build-windows-amd64-cygwin\jdk8u131\8869\hotspot\src\share\vm\interpreter\interpreterRuntime.cpp, line 366]
Event: 3.533 Thread 0x0000000002dee800 Implicit null exception at 0x00000000037f5c18 to 0x00000000037f76a5
Event: 3.568 Thread 0x0000000002dee800 Exception <a 'java/lang/ClassNotFoundException': com/sun/tools/javac/api/JavacTool> (0x00000000d83e5de8) thrown at [C:\re\workspace\8-2-build-windows-amd64-cygwin\jdk8u131\8869\hotspot\src\share\vm\classfile\systemDictionary.cpp, line 210]
Event: 4.077 Thread 0x0000000002dee800 Exception <a 'java/io/FileNotFoundException'> (0x00000000d6546e90) thrown at [C:\re\workspace\8-2-build-windows-amd64-cygwin\jdk8u131\8869\hotspot\src\share\vm\prims\jni.cpp, line 709]
Event: 4.082 Thread 0x0000000002dee800 Exception <a 'java/io/FileNotFoundException'> (0x00000000d657b430) thrown at [C:\re\workspace\8-2-build-windows-amd64-cygwin\jdk8u131\8869\hotspot\src\share\vm\prims\jni.cpp, line 709]

Events (10 events):
Event: 4.242 Thread 0x0000000002dee800 Uncommon trap: trap_request=0xffffffa7 fr.pc=0x000000000345b5d4
Event: 4.242 Thread 0x0000000002dee800 DEOPT PACKING pc=0x000000000345b5d4 sp=0x0000000002d7c2d0
Event: 4.242 Thread 0x0000000002dee800 DEOPT UNPACKING pc=0x0000000002f3582a sp=0x0000000002d7c268 mode 2
Event: 4.242 Thread 0x0000000002dee800 DEOPT PACKING pc=0x000000000337c178 sp=0x0000000002d7c310
Event: 4.242 Thread 0x0000000002dee800 DEOPT UNPACKING pc=0x0000000002f3787f sp=0x0000000002d7c0b0 mode 1
Event: 4.242 Thread 0x0000000002dee800 DEOPT PACKING pc=0x000000000337c6fc sp=0x0000000002d7c420
Event: 4.242 Thread 0x0000000002dee800 DEOPT UNPACKING pc=0x0000000002f3787f sp=0x0000000002d7c098 mode 1
Event: 4.242 Thread 0x0000000002dee800 Uncommon trap: trap_request=0xffffffa7 fr.pc=0x000000000345b5d4
Event: 4.242 Thread 0x0000000002dee800 DEOPT PACKING pc=0x000000000345b5d4 sp=0x0000000002d7c300
Event: 4.242 Thread 0x0000000002dee800 DEOPT UNPACKING pc=0x0000000002f3582a sp=0x0000000002d7c2a8 mode 2


Dynamic libraries:
0x00007ff6db7e0000 - 0x00007ff6db817000 	D:\ItProgram\Java\jdk1.8.0_131\bin\javaw.exe
0x00007ffb2a5b0000 - 0x00007ffb2a79d000 	C:\Windows\SYSTEM32\ntdll.dll
0x00007ffb291e0000 - 0x00007ffb29293000 	C:\Windows\System32\KERNEL32.DLL
0x00007ffb26b20000 - 0x00007ffb26db3000 	C:\Windows\System32\KERNELBASE.dll
0x00007ffb29b40000 - 0x00007ffb29be3000 	C:\Windows\System32\ADVAPI32.dll
0x00007ffb29300000 - 0x00007ffb2939e000 	C:\Windows\System32\msvcrt.dll
0x00007ffb27af0000 - 0x00007ffb27b8e000 	C:\Windows\System32\sechost.dll
0x00007ffb29480000 - 0x00007ffb295a2000 	C:\Windows\System32\RPCRT4.dll
0x00007ffb2a160000 - 0x00007ffb2a2f7000 	C:\Windows\System32\USER32.dll
0x00007ffb26670000 - 0x00007ffb26690000 	C:\Windows\System32\win32u.dll
0x00007ffb29a90000 - 0x00007ffb29ab9000 	C:\Windows\System32\GDI32.dll
0x00007ffb26dc0000 - 0x00007ffb26f59000 	C:\Windows\System32\gdi32full.dll
0x00007ffb26a50000 - 0x00007ffb26af0000 	C:\Windows\System32\msvcp_win.dll
0x00007ffb26f60000 - 0x00007ffb2705a000 	C:\Windows\System32\ucrtbase.dll
0x00007ffb0e370000 - 0x00007ffb0e5e9000 	C:\Windows\WinSxS\amd64_microsoft.windows.common-controls_6595b64144ccf1df_6.0.17763.1039_none_de701650534c7021\COMCTL32.dll
0x00007ffb295b0000 - 0x00007ffb298dc000 	C:\Windows\System32\combase.dll
0x00007ffb269d0000 - 0x00007ffb26a4e000 	C:\Windows\System32\bcryptPrimitives.dll
0x00007ffb277d0000 - 0x00007ffb277fe000 	C:\Windows\System32\IMM32.DLL
0x00000000778a0000 - 0x0000000077972000 	D:\ItProgram\Java\jdk1.8.0_131\jre\bin\msvcr100.dll
0x0000000076460000 - 0x0000000076cfc000 	D:\ItProgram\Java\jdk1.8.0_131\jre\bin\server\jvm.dll
0x00007ffb27980000 - 0x00007ffb27988000 	C:\Windows\System32\PSAPI.DLL
0x00007ffb234b0000 - 0x00007ffb234d4000 	C:\Windows\SYSTEM32\WINMM.dll
0x00007ffb1cad0000 - 0x00007ffb1cad9000 	C:\Windows\SYSTEM32\WSOCK32.dll
0x00007ffb1ba90000 - 0x00007ffb1ba9a000 	C:\Windows\SYSTEM32\VERSION.dll
0x00007ffb2a0f0000 - 0x00007ffb2a15d000 	C:\Windows\System32\WS2_32.dll
0x00007ffb23c00000 - 0x00007ffb23c2d000 	C:\Windows\SYSTEM32\WINMMBASE.dll
0x00007ffb26980000 - 0x00007ffb269ca000 	C:\Windows\System32\cfgmgr32.dll
0x0000000050030000 - 0x000000005003f000 	D:\ItProgram\Java\jdk1.8.0_131\jre\bin\verify.dll
0x0000000050000000 - 0x0000000050029000 	D:\ItProgram\Java\jdk1.8.0_131\jre\bin\java.dll
0x0000000077860000 - 0x0000000077895000 	D:\ItProgram\Java\jdk1.8.0_131\jre\bin\jdwp.dll
0x0000000077850000 - 0x0000000077858000 	D:\ItProgram\Java\jdk1.8.0_131\jre\bin\npt.dll
0x0000000077830000 - 0x0000000077846000 	D:\ItProgram\Java\jdk1.8.0_131\jre\bin\zip.dll
0x00007ffb27bb0000 - 0x00007ffb290a4000 	C:\Windows\System32\SHELL32.dll
0x00007ffb2a300000 - 0x00007ffb2a3a8000 	C:\Windows\System32\shcore.dll
0x00007ffb27080000 - 0x00007ffb277cd000 	C:\Windows\System32\windows.storage.dll
0x00007ffb265a0000 - 0x00007ffb265c4000 	C:\Windows\System32\profapi.dll
0x00007ffb265f0000 - 0x00007ffb2664d000 	C:\Windows\System32\powrprof.dll
0x00007ffb293b0000 - 0x00007ffb29402000 	C:\Windows\System32\shlwapi.dll
0x00007ffb265d0000 - 0x00007ffb265e1000 	C:\Windows\System32\kernel.appcore.dll
0x00007ffb27060000 - 0x00007ffb27077000 	C:\Windows\System32\cryptsp.dll
0x0000000077820000 - 0x0000000077829000 	D:\ItProgram\Java\jdk1.8.0_131\jre\bin\dt_socket.dll
0x00007ffb061d0000 - 0x00007ffb061e6000 	C:\Windows\system32\napinsp.dll
0x00007ffb06170000 - 0x00007ffb0618a000 	C:\Windows\system32\pnrpnsp.dll
0x00007ffb25e10000 - 0x00007ffb25e77000 	C:\Windows\System32\mswsock.dll
0x00007ffb25b70000 - 0x00007ffb25c36000 	C:\Windows\SYSTEM32\DNSAPI.dll
0x00007ffb293a0000 - 0x00007ffb293a8000 	C:\Windows\System32\NSI.dll
0x00007ffb25b30000 - 0x00007ffb25b6d000 	C:\Windows\SYSTEM32\IPHLPAPI.DLL
0x00007ffb06160000 - 0x00007ffb0616e000 	C:\Windows\System32\winrnr.dll
0x00007ffb23120000 - 0x00007ffb2313b000 	C:\Windows\system32\NLAapi.dll
0x00007ffb0abf0000 - 0x00007ffb0ac05000 	C:\Windows\system32\wshbth.dll
0x00007ffb19cb0000 - 0x00007ffb19d29000 	C:\Windows\System32\fwpuclnt.dll
0x00007ffb26af0000 - 0x00007ffb26b16000 	C:\Windows\System32\bcrypt.dll
0x00007ffb1a890000 - 0x00007ffb1a89a000 	C:\Windows\System32\rasadhlp.dll
0x0000000077800000 - 0x000000007781a000 	D:\ItProgram\Java\jdk1.8.0_131\jre\bin\net.dll
0x00000000777e0000 - 0x00000000777f1000 	D:\ItProgram\Java\jdk1.8.0_131\jre\bin\nio.dll

VM Arguments:
jvm_args: -agentlib:jdwp=transport=dt_socket,suspend=y,address=localhost:16075 -Dmaven.home=D:\ItProgram\apache-maven-3.3.9 -Dclassworlds.conf=D:\itElse\javaWorkspa2\.metadata\.plugins\org.eclipse.m2e.launching\launches\m2conf11865269082188668709.tmp -Dmaven.multiModuleProjectDirectory=D:\itElse\javaWorkspa2\taotao-search-web -Dfile.encoding=UTF-8 
java_command: org.codehaus.plexus.classworlds.launcher.Launcher -B -s D:\ItProgram\apache-maven-3.6.1\conf\settings.xml clean tomcat7:run
java_class_path (initial): D:\ItProgram\apache-maven-3.3.9\boot\plexus-classworlds-2.5.2.jar
Launcher Type: SUN_STANDARD

Environment Variables:
JAVA_HOME=D:\ItProgram\Java\jdk1.8.0_131
PATH=D:\ItProgram\Java\jdk1.8.0_131\jre\bin;D:\ItProgram\Python\Python38\Scripts\;D:\ItProgram\Python\Python38\;C:\ProgramData\Oracle\Java\javapath;D:\ItProgram\Java\jdk1.8.0_131\bin;C:\Windows\system32;C:\Windows;C:\Windows\System32\Wbem;C:\Windows\System32\WindowsPowerShell\v1.0\;C:\Windows\System32\OpenSSH\;C:\Program Files (x86)\NVIDIA Corporation\PhysX\Common;C:\Program Files\NVIDIA Corporation\NVIDIA NvDLISR;D:\ItProgram\apache-maven-3.3.9\bin;D:\ItProgram\MySQL\MySQL Server 5.5\bin;C:\Program Files\MySQL\MySQL Server 5.5\bin;C:\Program Files (x86)\Microsoft SQL Server\100\Tools\Binn\;C:\Program Files\Microsoft SQL Server\100\Tools\Binn\;C:\Program Files\Microsoft SQL Server\100\DTS\Binn\;D:\ItProgram\VisualSVN Server\bin;D:\ItProgram\TortoiseSVN\bin;D:\ItProgram\nodejs\;D:\ItProgram\nodejs\node_global;C:\Users\myPc\AppData\Local\Microsoft\WindowsApps;D:\general\Bandizip\;C:\Users\myPc\AppData\Roaming\npm;D:\ItProgram\nodejs\node_modules;;D:\ItProgram\Fiddler
USERNAME=myPc
OS=Windows_NT
PROCESSOR_IDENTIFIER=Intel64 Family 6 Model 158 Stepping 10, GenuineIntel



---------------  S Y S T E M  ---------------

OS: Windows 10.0 , 64 bit Build 17763 (10.0.17763.475)

CPU:total 12 (initial active 12) (6 cores per cpu, 2 threads per core) family 6 model 158 stepping 10, cmov, cx8, fxsr, mmx, sse, sse2, sse3, ssse3, sse4.1, sse4.2, popcnt, avx, avx2, aes, clmul, erms, 3dnowpref, lzcnt, ht, tsc, tscinvbit, bmi1, bmi2, adx

Memory: 4k page, physical 8256756k(458400k free), swap 31824368k(5724k free)

vm_info: Java HotSpot(TM) 64-Bit Server VM (25.131-b11) for windows-amd64 JRE (1.8.0_131-b11), built on Mar 15 2017 01:23:53 by "java_re" with MS VC++ 10.0 (VS2010)

time: Wed Mar 11 22:16:08 2020
elapsed time: 4 seconds (0d 0h 0m 4s)

