#
# There is insufficient memory for the Java Runtime Environment to continue.
# Native memory allocation (malloc) failed to allocate 602176 bytes for Chunk::new
# Possible reasons:
#   The system is out of physical RAM or swap space
#   In 32 bit mode, the process size limit was hit
# Possible solutions:
#   Reduce memory load on the system
#   Increase physical memory or swap space
#   Check if swap backing store is full
#   Use 64 bit Java on a 64 bit OS
#   Decrease Java heap size (-Xmx/-Xms)
#   Decrease number of Java threads
#   Decrease Java thread stack sizes (-Xss)
#   Set larger code cache with -XX:ReservedCodeCacheSize=
# This output file may be truncated or incomplete.
#
#  Out of Memory Error (allocation.cpp:323), pid=30272, tid=45660
#
# JRE version: Java(TM) SE Runtime Environment (7.0_80-b15) (build 1.7.0_80-b15)
# Java VM: Java HotSpot(TM) 64-Bit Server VM (24.80-b11 mixed mode windows-amd64 compressed oops)
# Failed to write core dump. Minidumps are not enabled by default on client versions of Windows
#

---------------  T H R E A D  ---------------

Current thread (0x000000000c9d6000):  JavaThread "C2 CompilerThread1" daemon [_thread_in_native, id=45660, stack(0x000000000e020000,0x000000000e120000)]

Stack: [0x000000000e020000,0x000000000e120000]
[error occurred during error reporting (printing stack bounds), id 0xc0000005]


Current CompileTask:
C2:   8065 1030   !         com.sun.org.apache.xerces.internal.impl.xs.traversers.XSAttributeChecker::checkAttributes (1100 bytes)


---------------  P R O C E S S  ---------------

Java Threads: ( => current thread )
  0x000000001160f000 JavaThread "Thread-2" daemon [_thread_in_native, id=400, stack(0x0000000013d10000,0x0000000013e10000)]
  0x000000000cd44800 JavaThread "localhost-startStop-1" daemon [_thread_in_Java, id=2896, stack(0x0000000010ca0000,0x0000000010da0000)]
  0x000000000f57f800 JavaThread "Tomcat-startStop-1" daemon [_thread_blocked, id=45740, stack(0x0000000010ba0000,0x0000000010ca0000)]
  0x000000000c9e1800 JavaThread "Service Thread" daemon [_thread_blocked, id=45656, stack(0x000000000e120000,0x000000000e220000)]
=>0x000000000c9d6000 JavaThread "C2 CompilerThread1" daemon [_thread_in_native, id=45660, stack(0x000000000e020000,0x000000000e120000)]
  0x000000000c9d5000 JavaThread "C2 CompilerThread0" daemon [_thread_blocked, id=45568, stack(0x000000000df20000,0x000000000e020000)]
  0x000000000c9d4800 JavaThread "Attach Listener" daemon [_thread_blocked, id=2108, stack(0x000000000de20000,0x000000000df20000)]
  0x000000000c9d3800 JavaThread "Signal Dispatcher" daemon [_thread_blocked, id=44792, stack(0x000000000dd20000,0x000000000de20000)]
  0x000000000b2f4000 JavaThread "Finalizer" daemon [_thread_blocked, id=41416, stack(0x000000000dc20000,0x000000000dd20000)]
  0x000000000b2e9800 JavaThread "Reference Handler" daemon [_thread_blocked, id=5204, stack(0x000000000db20000,0x000000000dc20000)]
  0x00000000028d0800 JavaThread "main" [_thread_blocked, id=4384, stack(0x0000000002760000,0x0000000002860000)]

Other Threads:
  0x000000000b2e3000 VMThread [stack: 0x000000000da20000,0x000000000db20000] [id=21040]
  0x000000000c9f4800 WatcherThread [stack: 0x000000000e220000,0x000000000e320000] [id=45664]

VM state:not at safepoint (normal execution)

VM Mutex/Monitor currently owned by a thread: None

Heap
 PSYoungGen      total 136192K, used 49034K [0x00000007d6000000, 0x00000007dea00000, 0x0000000800000000)
  eden space 131072K, 37% used [0x00000007d6000000,0x00000007d8fe2b70,0x00000007de000000)
  from space 5120K, 0% used [0x00000007de500000,0x00000007de500000,0x00000007dea00000)
  to   space 5120K, 0% used [0x00000007de000000,0x00000007de000000,0x00000007de500000)
 ParOldGen       total 86016K, used 40312K [0x0000000782000000, 0x0000000787400000, 0x00000007d6000000)
  object space 86016K, 46% used [0x0000000782000000,0x000000078475e138,0x0000000787400000)
 PSPermGen       total 53248K, used 33113K [0x000000077ce00000, 0x0000000780200000, 0x0000000782000000)
  object space 53248K, 62% used [0x000000077ce00000,0x000000077ee56840,0x0000000780200000)

Card table byte_map: [0x0000000005a90000,0x0000000005eb0000] byte_map_base: 0x0000000001ea9000

Polling page: 0x0000000000bc0000

Code Cache  [0x00000000029d0000, 0x0000000002cc0000, 0x00000000059d0000)
 total_blobs=1248 nmethods=870 adapters=329 free_code_cache=46223Kb largest_free_block=47288256

Compilation events (10 events):
Event: 8.038 Thread 0x000000000c9d5000 1026             com.sun.org.apache.xerces.internal.util.XMLAttributesImpl::removeAllAttributes (6 bytes)
Event: 8.038 Thread 0x000000000c9d5000 nmethod 1026 0x0000000002cb4110 code [0x0000000002cb4240, 0x0000000002cb4298]
Event: 8.038 Thread 0x000000000c9d5000 1027             java.lang.String::regionMatches (91 bytes)
Event: 8.039 Thread 0x000000000c9d6000 nmethod 1024 0x0000000002cab810 code [0x0000000002cab980, 0x0000000002cabbd8]
Event: 8.040 Thread 0x000000000c9d5000 nmethod 1027 0x0000000002cab1d0 code [0x0000000002cab320, 0x0000000002cab5f8]
Event: 8.046 Thread 0x000000000c9d6000 1028  s          java.util.Vector::elementAt (48 bytes)
Event: 8.047 Thread 0x000000000c9d5000 1029             com.sun.org.apache.xerces.internal.util.NamespaceSupport::getURI (38 bytes)
Event: 8.048 Thread 0x000000000c9d6000 nmethod 1028 0x0000000002caacd0 code [0x0000000002caae20, 0x0000000002cab0b8]
Event: 8.048 Thread 0x000000000c9d5000 nmethod 1029 0x0000000002cb3d90 code [0x0000000002cb3ee0, 0x0000000002cb4018]
Event: 8.050 Thread 0x000000000c9d6000 1030   !         com.sun.org.apache.xerces.internal.impl.xs.traversers.XSAttributeChecker::checkAttributes (1100 bytes)

GC Heap History (10 events):
Event: 6.589 GC heap before
{Heap before GC invocations=11 (full 3):
 PSYoungGen      total 136192K, used 5091K [0x00000007d6000000, 0x00000007dea00000, 0x0000000800000000)
  eden space 131072K, 0% used [0x00000007d6000000,0x00000007d6000000,0x00000007de000000)
  from space 5120K, 99% used [0x00000007de500000,0x00000007de9f8c98,0x00000007dea00000)
  to   space 5120K, 0% used [0x00000007de000000,0x00000007de000000,0x00000007de500000)
 ParOldGen       total 86016K, used 68123K [0x0000000782000000, 0x0000000787400000, 0x00000007d6000000)
  object space 86016K, 79% used [0x0000000782000000,0x0000000786286db8,0x0000000787400000)
 PSPermGen       total 27136K, used 26625K [0x000000077ce00000, 0x000000077e880000, 0x0000000782000000)
  object space 27136K, 98% used [0x000000077ce00000,0x000000077e800648,0x000000077e880000)
Event: 6.710 GC heap after
Heap after GC invocations=11 (full 3):
 PSYoungGen      total 136192K, used 0K [0x00000007d6000000, 0x00000007dea00000, 0x0000000800000000)
  eden space 131072K, 0% used [0x00000007d6000000,0x00000007d6000000,0x00000007de000000)
  from space 5120K, 0% used [0x00000007de500000,0x00000007de500000,0x00000007dea00000)
  to   space 5120K, 0% used [0x00000007de000000,0x00000007de000000,0x00000007de500000)
 ParOldGen       total 86016K, used 45949K [0x0000000782000000, 0x0000000787400000, 0x00000007d6000000)
  object space 86016K, 53% used [0x0000000782000000,0x0000000784cdf4b8,0x0000000787400000)
 PSPermGen       total 27136K, used 26625K [0x000000077ce00000, 0x000000077e880000, 0x0000000782000000)
  object space 27136K, 98% used [0x000000077ce00000,0x000000077e800648,0x000000077e880000)
}
Event: 7.040 GC heap before
{Heap before GC invocations=12 (full 3):
 PSYoungGen      total 136192K, used 131072K [0x00000007d6000000, 0x00000007dea00000, 0x0000000800000000)
  eden space 131072K, 100% used [0x00000007d6000000,0x00000007de000000,0x00000007de000000)
  from space 5120K, 0% used [0x00000007de500000,0x00000007de500000,0x00000007dea00000)
  to   space 5120K, 0% used [0x00000007de000000,0x00000007de000000,0x00000007de500000)
 ParOldGen       total 86016K, used 45949K [0x0000000782000000, 0x0000000787400000, 0x00000007d6000000)
  object space 86016K, 53% used [0x0000000782000000,0x0000000784cdf4b8,0x0000000787400000)
 PSPermGen       total 27136K, used 26631K [0x000000077ce00000, 0x000000077e880000, 0x0000000782000000)
  object space 27136K, 98% used [0x000000077ce00000,0x000000077e801fd0,0x000000077e880000)
Event: 7.052 GC heap after
Heap after GC invocations=12 (full 3):
 PSYoungGen      total 136192K, used 5120K [0x00000007d6000000, 0x00000007dea00000, 0x0000000800000000)
  eden space 131072K, 0% used [0x00000007d6000000,0x00000007d6000000,0x00000007de000000)
  from space 5120K, 100% used [0x00000007de000000,0x00000007de500000,0x00000007de500000)
  to   space 5120K, 0% used [0x00000007de500000,0x00000007de500000,0x00000007dea00000)
 ParOldGen       total 86016K, used 67382K [0x0000000782000000, 0x0000000787400000, 0x00000007d6000000)
  object space 86016K, 78% used [0x0000000782000000,0x00000007861cdb40,0x0000000787400000)
 PSPermGen       total 27136K, used 26631K [0x000000077ce00000, 0x000000077e880000, 0x0000000782000000)
  object space 27136K, 98% used [0x000000077ce00000,0x000000077e801fd0,0x000000077e880000)
}
Event: 7.052 GC heap before
{Heap before GC invocations=13 (full 4):
 PSYoungGen      total 136192K, used 5120K [0x00000007d6000000, 0x00000007dea00000, 0x0000000800000000)
  eden space 131072K, 0% used [0x00000007d6000000,0x00000007d6000000,0x00000007de000000)
  from space 5120K, 100% used [0x00000007de000000,0x00000007de500000,0x00000007de500000)
  to   space 5120K, 0% used [0x00000007de500000,0x00000007de500000,0x00000007dea00000)
 ParOldGen       total 86016K, used 67382K [0x0000000782000000, 0x0000000787400000, 0x00000007d6000000)
  object space 86016K, 78% used [0x0000000782000000,0x00000007861cdb40,0x0000000787400000)
 PSPermGen       total 27136K, used 26631K [0x000000077ce00000, 0x000000077e880000, 0x0000000782000000)
  object space 27136K, 98% used [0x000000077ce00000,0x000000077e801fd0,0x000000077e880000)
Event: 7.097 GC heap after
Heap after GC invocations=13 (full 4):
 PSYoungGen      total 136192K, used 0K [0x00000007d6000000, 0x00000007dea00000, 0x0000000800000000)
  eden space 131072K, 0% used [0x00000007d6000000,0x00000007d6000000,0x00000007de000000)
  from space 5120K, 0% used [0x00000007de000000,0x00000007de000000,0x00000007de500000)
  to   space 5120K, 0% used [0x00000007de500000,0x00000007de500000,0x00000007dea00000)
 ParOldGen       total 86016K, used 47158K [0x0000000782000000, 0x0000000787400000, 0x00000007d6000000)
  object space 86016K, 54% used [0x0000000782000000,0x0000000784e0da78,0x0000000787400000)
 PSPermGen       total 27136K, used 26631K [0x000000077ce00000, 0x000000077e880000, 0x0000000782000000)
  object space 27136K, 98% used [0x000000077ce00000,0x000000077e801fd0,0x000000077e880000)
}
Event: 7.503 GC heap before
{Heap before GC invocations=14 (full 4):
 PSYoungGen      total 136192K, used 131072K [0x00000007d6000000, 0x00000007dea00000, 0x0000000800000000)
  eden space 131072K, 100% used [0x00000007d6000000,0x00000007de000000,0x00000007de000000)
  from space 5120K, 0% used [0x00000007de000000,0x00000007de000000,0x00000007de500000)
  to   space 5120K, 0% used [0x00000007de500000,0x00000007de500000,0x00000007dea00000)
 ParOldGen       total 86016K, used 47158K [0x0000000782000000, 0x0000000787400000, 0x00000007d6000000)
  object space 86016K, 54% used [0x0000000782000000,0x0000000784e0da78,0x0000000787400000)
 PSPermGen       total 27648K, used 27245K [0x000000077ce00000, 0x000000077e900000, 0x0000000782000000)
  object space 27648K, 98% used [0x000000077ce00000,0x000000077e89b608,0x000000077e900000)
Event: 7.512 GC heap after
Heap after GC invocations=14 (full 4):
 PSYoungGen      total 136192K, used 5113K [0x00000007d6000000, 0x00000007dea00000, 0x0000000800000000)
  eden space 131072K, 0% used [0x00000007d6000000,0x00000007d6000000,0x00000007de000000)
  from space 5120K, 99% used [0x00000007de500000,0x00000007de9fe7a8,0x00000007dea00000)
  to   space 5120K, 0% used [0x00000007de000000,0x00000007de000000,0x00000007de500000)
 ParOldGen       total 86016K, used 65533K [0x0000000782000000, 0x0000000787400000, 0x00000007d6000000)
  object space 86016K, 76% used [0x0000000782000000,0x0000000785fff7a0,0x0000000787400000)
 PSPermGen       total 27648K, used 27245K [0x000000077ce00000, 0x000000077e900000, 0x0000000782000000)
  object space 27648K, 98% used [0x000000077ce00000,0x000000077e89b608,0x000000077e900000)
}
Event: 7.512 GC heap before
{Heap before GC invocations=15 (full 5):
 PSYoungGen      total 136192K, used 5113K [0x00000007d6000000, 0x00000007dea00000, 0x0000000800000000)
  eden space 131072K, 0% used [0x00000007d6000000,0x00000007d6000000,0x00000007de000000)
  from space 5120K, 99% used [0x00000007de500000,0x00000007de9fe7a8,0x00000007dea00000)
  to   space 5120K, 0% used [0x00000007de000000,0x00000007de000000,0x00000007de500000)
 ParOldGen       total 86016K, used 65533K [0x0000000782000000, 0x0000000787400000, 0x00000007d6000000)
  object space 86016K, 76% used [0x0000000782000000,0x0000000785fff7a0,0x0000000787400000)
 PSPermGen       total 27648K, used 27245K [0x000000077ce00000, 0x000000077e900000, 0x0000000782000000)
  object space 27648K, 98% used [0x000000077ce00000,0x000000077e89b608,0x000000077e900000)
Event: 7.576 GC heap after
Heap after GC invocations=15 (full 5):
 PSYoungGen      total 136192K, used 0K [0x00000007d6000000, 0x00000007dea00000, 0x0000000800000000)
  eden space 131072K, 0% used [0x00000007d6000000,0x00000007d6000000,0x00000007de000000)
  from space 5120K, 0% used [0x00000007de500000,0x00000007de500000,0x00000007dea00000)
  to   space 5120K, 0% used [0x00000007de000000,0x00000007de000000,0x00000007de500000)
 ParOldGen       total 86016K, used 40312K [0x0000000782000000, 0x0000000787400000, 0x00000007d6000000)
  object space 86016K, 46% used [0x0000000782000000,0x000000078475e138,0x0000000787400000)
 PSPermGen       total 53248K, used 27245K [0x000000077ce00000, 0x0000000780200000, 0x0000000782000000)
  object space 53248K, 51% used [0x000000077ce00000,0x000000077e89b4e8,0x0000000780200000)
}

Deoptimization events (10 events):
Event: 7.884 Thread 0x000000000cd44800 Uncommon trap: reason=class_check action=maybe_recompile pc=0x0000000002c987f0 method=com.sun.org.apache.xerces.internal.impl.XMLDocumentFragmentScannerImpl$FragmentContentDriver.next()I @ 435
Event: 7.887 Thread 0x000000000cd44800 Uncommon trap: reason=predicate action=maybe_recompile pc=0x0000000002c51b90 method=com.sun.org.apache.xerces.internal.impl.XMLDocumentFragmentScannerImpl.scanDocument(Z)Z @ 13
Event: 7.916 Thread 0x000000000cd44800 Uncommon trap: reason=predicate action=maybe_recompile pc=0x0000000002a4fb9c method=com.sun.org.apache.xerces.internal.impl.XMLDocumentFragmentScannerImpl.scanDocument(Z)Z @ 13
Event: 7.965 Thread 0x000000000cd44800 Uncommon trap: reason=unstable_if action=reinterpret pc=0x0000000002ca3544 method=com.sun.org.apache.xerces.internal.impl.XMLEntityScanner.scanQName(Lcom/sun/org/apache/xerces/internal/xni/QName;)Z @ 246
Event: 8.006 Thread 0x000000000cd44800 Uncommon trap: reason=unstable_if action=reinterpret pc=0x0000000002b9c108 method=java.io.BufferedInputStream.read()I @ 23
Event: 8.023 Thread 0x000000000cd44800 Uncommon trap: reason=bimorphic action=maybe_recompile pc=0x0000000002b932b0 method=java.util.HashMap$EntrySet.iterator()Ljava/util/Iterator; @ 4
Event: 8.023 Thread 0x000000000cd44800 Uncommon trap: reason=unstable_if action=reinterpret pc=0x0000000002b1438c method=java.util.ArrayList.remove(Ljava/lang/Object;)Z @ 59
Event: 8.023 Thread 0x000000000cd44800 Uncommon trap: reason=bimorphic action=maybe_recompile pc=0x0000000002b3e744 method=java.util.HashMap.<init>(IF)V @ 115
Event: 8.023 Thread 0x000000000cd44800 Uncommon trap: reason=bimorphic action=maybe_recompile pc=0x0000000002b932b0 method=java.util.HashMap$EntrySet.iterator()Ljava/util/Iterator; @ 4
Event: 8.047 Thread 0x000000000cd44800 Uncommon trap: reason=unstable_if action=reinterpret pc=0x0000000002ba6d08 method=com.sun.org.apache.xerces.internal.util.SymbolTable.addSymbol([CII)Ljava/lang/String; @ 49

Internal exceptions (10 events):
Event: 8.060 Thread 0x000000000cd44800 Threw 0x00000007d8d87c30 at C:\re\jdk7u80\2329\hotspot\src\share\vm\prims\jvm.cpp:1319
Event: 8.060 Thread 0x000000000cd44800 Threw 0x00000007d8d88480 at C:\re\jdk7u80\2329\hotspot\src\share\vm\prims\jvm.cpp:1319
Event: 8.060 Thread 0x000000000cd44800 Threw 0x00000007d8d90f68 at C:\re\jdk7u80\2329\hotspot\src\share\vm\prims\jvm.cpp:1319
Event: 8.060 Thread 0x000000000cd44800 Threw 0x00000007d8d91788 at C:\re\jdk7u80\2329\hotspot\src\share\vm\prims\jvm.cpp:1319
Event: 8.060 Thread 0x000000000cd44800 Threw 0x00000007d8d9c360 at C:\re\jdk7u80\2329\hotspot\src\share\vm\prims\jvm.cpp:1319
Event: 8.060 Thread 0x000000000cd44800 Threw 0x00000007d8d9cd30 at C:\re\jdk7u80\2329\hotspot\src\share\vm\prims\jvm.cpp:1319
Event: 8.061 Thread 0x000000000cd44800 Threw 0x00000007d8dad6c8 at C:\re\jdk7u80\2329\hotspot\src\share\vm\prims\jvm.cpp:1319
Event: 8.061 Thread 0x000000000cd44800 Threw 0x00000007d8dae018 at C:\re\jdk7u80\2329\hotspot\src\share\vm\prims\jvm.cpp:1319
Event: 8.061 Thread 0x000000000cd44800 Threw 0x00000007d8db7368 at C:\re\jdk7u80\2329\hotspot\src\share\vm\prims\jvm.cpp:1319
Event: 8.061 Thread 0x000000000cd44800 Threw 0x00000007d8db7eb8 at C:\re\jdk7u80\2329\hotspot\src\share\vm\prims\jvm.cpp:1319

Events (10 events):
Event: 8.060 loading class 0x000000000e751d40
Event: 8.060 loading class 0x000000000e751d40 done
Event: 8.060 loading class 0x000000000f349ef0
Event: 8.060 loading class 0x000000000f349ef0 done
Event: 8.060 loading class 0x000000000f349890
Event: 8.060 loading class 0x000000000f349890 done
Event: 8.061 loading class 0x000000000f2845d0
Event: 8.061 loading class 0x000000000f2845d0 done
Event: 8.061 loading class 0x000000000f2840d0
Event: 8.061 loading class 0x000000000f2840d0 done


Dynamic libraries:
0x00007ff7f0cb0000 - 0x00007ff7f0ce3000 	D:\ItProgram\Java\jdk1.7.0_80\bin\javaw.exe
0x00007ffc0cb10000 - 0x00007ffc0ccfd000 	C:\Windows\SYSTEM32\ntdll.dll
0x00007ffc0b2b0000 - 0x00007ffc0b363000 	C:\Windows\System32\KERNEL32.DLL
0x00007ffc09140000 - 0x00007ffc093d3000 	C:\Windows\System32\KERNELBASE.dll
0x00007ffc0a870000 - 0x00007ffc0a913000 	C:\Windows\System32\ADVAPI32.dll
0x00007ffc0a9f0000 - 0x00007ffc0aa8e000 	C:\Windows\System32\msvcrt.dll
0x00007ffc0b210000 - 0x00007ffc0b2ae000 	C:\Windows\System32\sechost.dll
0x00007ffc0a1b0000 - 0x00007ffc0a2d2000 	C:\Windows\System32\RPCRT4.dll
0x00007ffc0a660000 - 0x00007ffc0a7f7000 	C:\Windows\System32\USER32.dll
0x00007ffc08dd0000 - 0x00007ffc08df0000 	C:\Windows\System32\win32u.dll
0x00007ffc0b370000 - 0x00007ffc0b399000 	C:\Windows\System32\GDI32.dll
0x00007ffc08bd0000 - 0x00007ffc08d69000 	C:\Windows\System32\gdi32full.dll
0x00007ffc090a0000 - 0x00007ffc09140000 	C:\Windows\System32\msvcp_win.dll
0x00007ffc093e0000 - 0x00007ffc094da000 	C:\Windows\System32\ucrtbase.dll
0x00007ffbf3d50000 - 0x00007ffbf3fc9000 	C:\Windows\WinSxS\amd64_microsoft.windows.common-controls_6595b64144ccf1df_6.0.17763.973_none_05b245900721eb81\COMCTL32.dll
0x00007ffc0acf0000 - 0x00007ffc0b01c000 	C:\Windows\System32\combase.dll
0x00007ffc08fd0000 - 0x00007ffc0904e000 	C:\Windows\System32\bcryptPrimitives.dll
0x00007ffc0b020000 - 0x00007ffc0b04e000 	C:\Windows\System32\IMM32.DLL
0x000000005b980000 - 0x000000005ba52000 	D:\ItProgram\Java\jdk1.7.0_80\jre\bin\msvcr100.dll
0x000000005b1a0000 - 0x000000005b979000 	D:\ItProgram\Java\jdk1.7.0_80\jre\bin\server\jvm.dll
0x00007ffc0ac00000 - 0x00007ffc0ac08000 	C:\Windows\System32\PSAPI.DLL
0x00007ffc05ca0000 - 0x00007ffc05ca9000 	C:\Windows\SYSTEM32\WSOCK32.dll
0x00007ffc062a0000 - 0x00007ffc062c4000 	C:\Windows\SYSTEM32\WINMM.dll
0x00007ffc0a800000 - 0x00007ffc0a86d000 	C:\Windows\System32\WS2_32.dll
0x00007ffc060e0000 - 0x00007ffc0610d000 	C:\Windows\SYSTEM32\WINMMBASE.dll
0x00007ffc09050000 - 0x00007ffc0909a000 	C:\Windows\System32\cfgmgr32.dll
0x000000005b190000 - 0x000000005b19f000 	D:\ItProgram\Java\jdk1.7.0_80\jre\bin\verify.dll
0x000000005b160000 - 0x000000005b188000 	D:\ItProgram\Java\jdk1.7.0_80\jre\bin\java.dll
0x000000005b0f0000 - 0x000000005b106000 	D:\ItProgram\Java\jdk1.7.0_80\jre\bin\zip.dll
0x000000005b0c0000 - 0x000000005b0da000 	D:\ItProgram\Java\jdk1.7.0_80\jre\bin\net.dll
0x00007ffc08370000 - 0x00007ffc083d7000 	C:\Windows\system32\mswsock.dll
0x000000005b0a0000 - 0x000000005b0b1000 	D:\ItProgram\Java\jdk1.7.0_80\jre\bin\nio.dll
0x00007ffc09c60000 - 0x00007ffc09c77000 	C:\Windows\System32\CRYPTSP.dll
0x00007ffc07ef0000 - 0x00007ffc07f23000 	C:\Windows\system32\rsaenh.dll
0x00007ffc09c30000 - 0x00007ffc09c56000 	C:\Windows\System32\bcrypt.dll
0x00007ffc08a00000 - 0x00007ffc08a28000 	C:\Windows\SYSTEM32\USERENV.dll
0x00007ffc08b20000 - 0x00007ffc08b44000 	C:\Windows\System32\profapi.dll
0x00007ffc08540000 - 0x00007ffc0854c000 	C:\Windows\SYSTEM32\CRYPTBASE.dll
0x00007ffc08090000 - 0x00007ffc080cd000 	C:\Windows\SYSTEM32\IPHLPAPI.DLL
0x00007ffc0b050000 - 0x00007ffc0b058000 	C:\Windows\System32\NSI.dll
0x00007ffbfd9f0000 - 0x00007ffbfda06000 	C:\Windows\SYSTEM32\dhcpcsvc6.DLL
0x00007ffbfd9d0000 - 0x00007ffbfd9ec000 	C:\Windows\SYSTEM32\dhcpcsvc.DLL
0x00007ffc080d0000 - 0x00007ffc08196000 	C:\Windows\SYSTEM32\DNSAPI.dll
0x000000005b090000 - 0x000000005b09b000 	D:\ItProgram\Java\jdk1.7.0_80\jre\bin\management.dll

VM Arguments:
jvm_args: -Dmaven.home=D:\ItProgram\apache-maven-3.3.9 -Dclassworlds.conf=D:\itElse\javaWorkspa2\.metadata\.plugins\org.eclipse.m2e.launching\launches\m2conf3787232925079798324.tmp -Dmaven.multiModuleProjectDirectory=D:\itElse\javaWorkspa2\taotao-rest -Dfile.encoding=UTF-8 
java_command: org.codehaus.plexus.classworlds.launcher.Launcher -B -s D:\ItProgram\apache-maven-3.6.1\conf\settings.xml clean tomcat7:run
Launcher Type: SUN_STANDARD

Environment Variables:
JAVA_HOME=D:\ItProgram\Java\jdk1.7.0_80
PATH=D:\ItProgram\Python\Python38\Scripts\;D:\ItProgram\Python\Python38\;C:\ProgramData\Oracle\Java\javapath;D:\ItProgram\Java\jdk1.7.0_80\bin;C:\Windows\system32;C:\Windows;C:\Windows\System32\Wbem;C:\Windows\System32\WindowsPowerShell\v1.0\;C:\Windows\System32\OpenSSH\;C:\Program Files (x86)\NVIDIA Corporation\PhysX\Common;C:\Program Files\NVIDIA Corporation\NVIDIA NvDLISR;D:\ItProgram\apache-maven-3.6.1\bin;D:\ItProgram\MySQL\MySQL Server 5.5\bin;C:\Program Files\MySQL\MySQL Server 5.5\bin;C:\Program Files (x86)\Microsoft SQL Server\100\Tools\Binn\;C:\Program Files\Microsoft SQL Server\100\Tools\Binn\;C:\Program Files\Microsoft SQL Server\100\DTS\Binn\;D:\ItProgram\VisualSVN Server\bin;D:\ItProgram\TortoiseSVN\bin;C:\Users\myPc\AppData\Local\Microsoft\WindowsApps;D:\general\Bandizip\
USERNAME=myPc
OS=Windows_NT
PROCESSOR_IDENTIFIER=Intel64 Family 6 Model 158 Stepping 10, GenuineIntel



---------------  S Y S T E M  ---------------

OS: Windows 8.1 , 64 bit Build 9600 

CPU:total 12 (6 cores per cpu, 2 threads per core) family 6 model 158 stepping 10, cmov, cx8, fxsr, mmx, sse, sse2, sse3, ssse3, sse4.1, sse4.2, popcnt, avx, avx2, aes, erms, ht, tsc, tscinvbit

Memory: 4k page, physical 8256756k(459036k free), swap 21363952k(4704k free)

vm_info: Java HotSpot(TM) 64-Bit Server VM (24.80-b11) for windows-amd64 JRE (1.7.0_80-b15), built on Apr 10 2015 11:26:34 by "java_re" with unknown MS VC++:1600

time: Wed Feb 12 12:58:53 2020
elapsed time: 8 seconds

