#
# There is insufficient memory for the Java Runtime Environment to continue.
# Native memory allocation (malloc) failed to allocate 1283536 bytes for Chunk::new
# Possible reasons:
#   The system is out of physical RAM or swap space
#   In 32 bit mode, the process size limit was hit
# Possible solutions:
#   Reduce memory load on the system
#   Increase physical memory or swap space
#   Check if swap backing store is full
#   Use 64 bit Java on a 64 bit OS
#   Decrease Java heap size (-Xmx/-Xms)
#   Decrease number of Java threads
#   Decrease Java thread stack sizes (-Xss)
#   Set larger code cache with -XX:ReservedCodeCacheSize=
# This output file may be truncated or incomplete.
#
#  Out of Memory Error (allocation.cpp:323), pid=44872, tid=37468
#
# JRE version: Java(TM) SE Runtime Environment (7.0_80-b15) (build 1.7.0_80-b15)
# Java VM: Java HotSpot(TM) 64-Bit Server VM (24.80-b11 mixed mode windows-amd64 compressed oops)
# Failed to write core dump. Minidumps are not enabled by default on client versions of Windows
#

---------------  T H R E A D  ---------------

Current thread (0x000000000cd09000):  JavaThread "C2 CompilerThread1" daemon [_thread_in_native, id=37468, stack(0x000000000e660000,0x000000000e760000)]

Stack: [0x000000000e660000,0x000000000e760000]
[error occurred during error reporting (printing stack bounds), id 0xc0000005]


[error occurred during error reporting (printing native stack), id 0xc0000005]


Current CompileTask:
C2:   2955  633   !         sun.nio.cs.StreamDecoder::read0 (116 bytes)


---------------  P R O C E S S  ---------------

Java Threads: ( => current thread )
  0x000000000cd10000 JavaThread "Service Thread" daemon [_thread_blocked, id=20856, stack(0x000000000e760000,0x000000000e860000)]
=>0x000000000cd09000 JavaThread "C2 CompilerThread1" daemon [_thread_in_native, id=37468, stack(0x000000000e660000,0x000000000e760000)]
  0x000000000cd04000 JavaThread "C2 CompilerThread0" daemon [_thread_in_native, id=31688, stack(0x000000000e560000,0x000000000e660000)]
  0x000000000ccf8800 JavaThread "JDWP Command Reader" daemon [_thread_in_native, id=14012, stack(0x000000000e460000,0x000000000e560000)]
  0x000000000ccf7800 JavaThread "JDWP Event Helper Thread" daemon [_thread_blocked, id=44732, stack(0x000000000e360000,0x000000000e460000)]
  0x0000000002c9a000 JavaThread "JDWP Transport Listener: dt_socket" daemon [_thread_blocked, id=7476, stack(0x000000000e260000,0x000000000e360000)]
  0x000000000cce6800 JavaThread "Attach Listener" daemon [_thread_blocked, id=14360, stack(0x000000000e140000,0x000000000e240000)]
  0x000000000cce6000 JavaThread "Signal Dispatcher" daemon [_thread_blocked, id=540, stack(0x000000000e040000,0x000000000e140000)]
  0x000000000b5f5800 JavaThread "Finalizer" daemon [_thread_blocked, id=6044, stack(0x000000000df40000,0x000000000e040000)]
  0x000000000b5eb000 JavaThread "Reference Handler" daemon [_thread_blocked, id=12412, stack(0x000000000de40000,0x000000000df40000)]
  0x000000000271e000 JavaThread "main" [_thread_in_Java, id=45120, stack(0x0000000002aa0000,0x0000000002ba0000)]

Other Threads:
  0x000000000b5e2800 VMThread [stack: 0x000000000dd40000,0x000000000de40000] [id=32204]
  0x000000000cd2b800 WatcherThread [stack: 0x000000000e860000,0x000000000e960000] [id=19488]

VM state:not at safepoint (normal execution)

VM Mutex/Monitor currently owned by a thread: None

Heap
 PSYoungGen      total 70656K, used 44275K [0x00000007d6000000, 0x00000007dfd00000, 0x0000000800000000)
  eden space 65536K, 59% used [0x00000007d6000000,0x00000007d863d988,0x00000007da000000)
  from space 5120K, 99% used [0x00000007da000000,0x00000007da4ff330,0x00000007da500000)
  to   space 14848K, 0% used [0x00000007dee80000,0x00000007dee80000,0x00000007dfd00000)
 ParOldGen       total 86016K, used 18443K [0x0000000782000000, 0x0000000787400000, 0x00000007d6000000)
  object space 86016K, 21% used [0x0000000782000000,0x0000000783202e28,0x0000000787400000)
 PSPermGen       total 21504K, used 20985K [0x000000077ce00000, 0x000000077e300000, 0x0000000782000000)
  object space 21504K, 97% used [0x000000077ce00000,0x000000077e27fef0,0x000000077e300000)

Card table byte_map: [0x0000000005d60000,0x0000000006180000] byte_map_base: 0x0000000002179000

Polling page: 0x0000000000e50000

Code Cache  [0x0000000002ca0000, 0x0000000002f10000, 0x0000000005ca0000)
 total_blobs=915 nmethods=595 adapters=280 free_code_cache=47000Kb largest_free_block=48025152

Compilation events (10 events):
Event: 2.887 Thread 0x000000000cd09000 nmethod 629 0x0000000002e5ce10 code [0x0000000002e5cfc0, 0x0000000002e5d588]
Event: 2.887 Thread 0x000000000cd09000  630             sun.reflect.generics.parser.SignatureParser::parseIdentifier (115 bytes)
Event: 2.889 Thread 0x000000000cd04000 nmethod 628 0x0000000002d42890 code [0x0000000002d42c00, 0x0000000002d444f8]
Event: 2.889 Thread 0x000000000cd04000  631 % !         java.util.jar.Attributes::read @ 177 (410 bytes)
Event: 2.895 Thread 0x000000000cd09000 nmethod 630 0x0000000002d9d950 code [0x0000000002d9db00, 0x0000000002d9e6b8]
Event: 2.895 Thread 0x000000000cd09000  632             java.util.zip.ZipFile::access$400 (5 bytes)
Event: 2.895 Thread 0x000000000cd09000 nmethod 632 0x0000000002d49390 code [0x0000000002d494c0, 0x0000000002d49538]
Event: 2.895 Thread 0x000000000cd09000  633   !         sun.nio.cs.StreamDecoder::read0 (116 bytes)
Event: 2.923 Thread 0x000000000cd04000 nmethod 631% 0x0000000002ece6d0 code [0x0000000002ece9c0, 0x0000000002ed1060]
Event: 2.923 Thread 0x000000000cd04000  634   !         sun.nio.cs.StreamDecoder::read (196 bytes)

GC Heap History (10 events):
Event: 0.664 GC heap before
{Heap before GC invocations=1 (full 0):
 PSYoungGen      total 37888K, used 32768K [0x00000007d6000000, 0x00000007d8a00000, 0x0000000800000000)
  eden space 32768K, 100% used [0x00000007d6000000,0x00000007d8000000,0x00000007d8000000)
  from space 5120K, 0% used [0x00000007d8500000,0x00000007d8500000,0x00000007d8a00000)
  to   space 5120K, 0% used [0x00000007d8000000,0x00000007d8000000,0x00000007d8500000)
 ParOldGen       total 86016K, used 0K [0x0000000782000000, 0x0000000787400000, 0x00000007d6000000)
  object space 86016K, 0% used [0x0000000782000000,0x0000000782000000,0x0000000787400000)
 PSPermGen       total 21504K, used 8291K [0x000000077ce00000, 0x000000077e300000, 0x0000000782000000)
  object space 21504K, 38% used [0x000000077ce00000,0x000000077d618f68,0x000000077e300000)
Event: 0.669 GC heap after
Heap after GC invocations=1 (full 0):
 PSYoungGen      total 37888K, used 5111K [0x00000007d6000000, 0x00000007d8a00000, 0x0000000800000000)
  eden space 32768K, 0% used [0x00000007d6000000,0x00000007d6000000,0x00000007d8000000)
  from space 5120K, 99% used [0x00000007d8000000,0x00000007d84fdcf0,0x00000007d8500000)
  to   space 5120K, 0% used [0x00000007d8500000,0x00000007d8500000,0x00000007d8a00000)
 ParOldGen       total 86016K, used 167K [0x0000000782000000, 0x0000000787400000, 0x00000007d6000000)
  object space 86016K, 0% used [0x0000000782000000,0x0000000782029d28,0x0000000787400000)
 PSPermGen       total 21504K, used 8291K [0x000000077ce00000, 0x000000077e300000, 0x0000000782000000)
  object space 21504K, 38% used [0x000000077ce00000,0x000000077d618f68,0x000000077e300000)
}
Event: 1.056 GC heap before
{Heap before GC invocations=2 (full 0):
 PSYoungGen      total 37888K, used 37879K [0x00000007d6000000, 0x00000007d8a00000, 0x0000000800000000)
  eden space 32768K, 100% used [0x00000007d6000000,0x00000007d8000000,0x00000007d8000000)
  from space 5120K, 99% used [0x00000007d8000000,0x00000007d84fdcf0,0x00000007d8500000)
  to   space 5120K, 0% used [0x00000007d8500000,0x00000007d8500000,0x00000007d8a00000)
 ParOldGen       total 86016K, used 167K [0x0000000782000000, 0x0000000787400000, 0x00000007d6000000)
  object space 86016K, 0% used [0x0000000782000000,0x0000000782029d28,0x0000000787400000)
 PSPermGen       total 21504K, used 12594K [0x000000077ce00000, 0x000000077e300000, 0x0000000782000000)
  object space 21504K, 58% used [0x000000077ce00000,0x000000077da4c8d8,0x000000077e300000)
Event: 1.062 GC heap after
Heap after GC invocations=2 (full 0):
 PSYoungGen      total 37888K, used 5090K [0x00000007d6000000, 0x00000007daa00000, 0x0000000800000000)
  eden space 32768K, 0% used [0x00000007d6000000,0x00000007d6000000,0x00000007d8000000)
  from space 5120K, 99% used [0x00000007d8500000,0x00000007d89f88d8,0x00000007d8a00000)
  to   space 5120K, 0% used [0x00000007d8000000,0x00000007d8000000,0x00000007d8500000)
 ParOldGen       total 86016K, used 2738K [0x0000000782000000, 0x0000000787400000, 0x00000007d6000000)
  object space 86016K, 3% used [0x0000000782000000,0x00000007822aca48,0x0000000787400000)
 PSPermGen       total 21504K, used 12594K [0x000000077ce00000, 0x000000077e300000, 0x0000000782000000)
  object space 21504K, 58% used [0x000000077ce00000,0x000000077da4c8d8,0x000000077e300000)
}
Event: 1.558 GC heap before
{Heap before GC invocations=3 (full 0):
 PSYoungGen      total 37888K, used 37858K [0x00000007d6000000, 0x00000007daa00000, 0x0000000800000000)
  eden space 32768K, 100% used [0x00000007d6000000,0x00000007d8000000,0x00000007d8000000)
  from space 5120K, 99% used [0x00000007d8500000,0x00000007d89f88d8,0x00000007d8a00000)
  to   space 5120K, 0% used [0x00000007d8000000,0x00000007d8000000,0x00000007d8500000)
 ParOldGen       total 86016K, used 2738K [0x0000000782000000, 0x0000000787400000, 0x00000007d6000000)
  object space 86016K, 3% used [0x0000000782000000,0x00000007822aca48,0x0000000787400000)
 PSPermGen       total 21504K, used 15021K [0x000000077ce00000, 0x000000077e300000, 0x0000000782000000)
  object space 21504K, 69% used [0x000000077ce00000,0x000000077dcab510,0x000000077e300000)
Event: 1.566 GC heap after
Heap after GC invocations=3 (full 0):
 PSYoungGen      total 37888K, used 5112K [0x00000007d6000000, 0x00000007daa00000, 0x0000000800000000)
  eden space 32768K, 0% used [0x00000007d6000000,0x00000007d6000000,0x00000007d8000000)
  from space 5120K, 99% used [0x00000007d8000000,0x00000007d84fe030,0x00000007d8500000)
  to   space 5120K, 0% used [0x00000007da500000,0x00000007da500000,0x00000007daa00000)
 ParOldGen       total 86016K, used 5043K [0x0000000782000000, 0x0000000787400000, 0x00000007d6000000)
  object space 86016K, 5% used [0x0000000782000000,0x00000007824ecc80,0x0000000787400000)
 PSPermGen       total 21504K, used 15021K [0x000000077ce00000, 0x000000077e300000, 0x0000000782000000)
  object space 21504K, 69% used [0x000000077ce00000,0x000000077dcab510,0x000000077e300000)
}
Event: 1.894 GC heap before
{Heap before GC invocations=4 (full 0):
 PSYoungGen      total 37888K, used 37880K [0x00000007d6000000, 0x00000007daa00000, 0x0000000800000000)
  eden space 32768K, 100% used [0x00000007d6000000,0x00000007d8000000,0x00000007d8000000)
  from space 5120K, 99% used [0x00000007d8000000,0x00000007d84fe030,0x00000007d8500000)
  to   space 5120K, 0% used [0x00000007da500000,0x00000007da500000,0x00000007daa00000)
 ParOldGen       total 86016K, used 5043K [0x0000000782000000, 0x0000000787400000, 0x00000007d6000000)
  object space 86016K, 5% used [0x0000000782000000,0x00000007824ecc80,0x0000000787400000)
 PSPermGen       total 21504K, used 15539K [0x000000077ce00000, 0x000000077e300000, 0x0000000782000000)
  object space 21504K, 72% used [0x000000077ce00000,0x000000077dd2cca8,0x000000077e300000)
Event: 1.900 GC heap after
Heap after GC invocations=4 (full 0):
 PSYoungGen      total 70656K, used 5112K [0x00000007d6000000, 0x00000007daa00000, 0x0000000800000000)
  eden space 65536K, 0% used [0x00000007d6000000,0x00000007d6000000,0x00000007da000000)
  from space 5120K, 99% used [0x00000007da500000,0x00000007da9fe010,0x00000007daa00000)
  to   space 5120K, 0% used [0x00000007da000000,0x00000007da000000,0x00000007da500000)
 ParOldGen       total 86016K, used 7538K [0x0000000782000000, 0x0000000787400000, 0x00000007d6000000)
  object space 86016K, 8% used [0x0000000782000000,0x000000078275c8e0,0x0000000787400000)
 PSPermGen       total 21504K, used 15539K [0x000000077ce00000, 0x000000077e300000, 0x0000000782000000)
  object space 21504K, 72% used [0x000000077ce00000,0x000000077dd2cca8,0x000000077e300000)
}
Event: 2.542 GC heap before
{Heap before GC invocations=5 (full 0):
 PSYoungGen      total 70656K, used 70648K [0x00000007d6000000, 0x00000007daa00000, 0x0000000800000000)
  eden space 65536K, 100% used [0x00000007d6000000,0x00000007da000000,0x00000007da000000)
  from space 5120K, 99% used [0x00000007da500000,0x00000007da9fe010,0x00000007daa00000)
  to   space 5120K, 0% used [0x00000007da000000,0x00000007da000000,0x00000007da500000)
 ParOldGen       total 86016K, used 7538K [0x0000000782000000, 0x0000000787400000, 0x00000007d6000000)
  object space 86016K, 8% used [0x0000000782000000,0x000000078275c8e0,0x0000000787400000)
 PSPermGen       total 21504K, used 19784K [0x000000077ce00000, 0x000000077e300000, 0x0000000782000000)
  object space 21504K, 92% used [0x000000077ce00000,0x000000077e1523e0,0x000000077e300000)
Event: 2.555 GC heap after
Heap after GC invocations=5 (full 0):
 PSYoungGen      total 70656K, used 5116K [0x00000007d6000000, 0x00000007dfd00000, 0x0000000800000000)
  eden space 65536K, 0% used [0x00000007d6000000,0x00000007d6000000,0x00000007da000000)
  from space 5120K, 99% used [0x00000007da000000,0x00000007da4ff330,0x00000007da500000)
  to   space 14848K, 0% used [0x00000007dee80000,0x00000007dee80000,0x00000007dfd00000)
 ParOldGen       total 86016K, used 18443K [0x0000000782000000, 0x0000000787400000, 0x00000007d6000000)
  object space 86016K, 21% used [0x0000000782000000,0x0000000783202e28,0x0000000787400000)
 PSPermGen       total 21504K, used 19784K [0x000000077ce00000, 0x000000077e300000, 0x0000000782000000)
  object space 21504K, 92% used [0x000000077ce00000,0x000000077e1523e0,0x000000077e300000)
}

Deoptimization events (10 events):
Event: 2.845 Thread 0x000000000271e000 Uncommon trap: reason=range_check action=none pc=0x0000000002d14664 method=sun.reflect.generics.parser.SignatureParser.current()C @ 34
Event: 2.845 Thread 0x000000000271e000 Uncommon trap: reason=range_check action=none pc=0x0000000002d14664 method=sun.reflect.generics.parser.SignatureParser.current()C @ 34
Event: 2.845 Thread 0x000000000271e000 Uncommon trap: reason=range_check action=none pc=0x0000000002d14664 method=sun.reflect.generics.parser.SignatureParser.current()C @ 34
Event: 2.845 Thread 0x000000000271e000 Uncommon trap: reason=range_check action=none pc=0x0000000002d14664 method=sun.reflect.generics.parser.SignatureParser.current()C @ 34
Event: 2.916 Thread 0x000000000271e000 Uncommon trap: reason=range_check action=none pc=0x0000000002d14664 method=sun.reflect.generics.parser.SignatureParser.current()C @ 34
Event: 2.916 Thread 0x000000000271e000 Uncommon trap: reason=range_check action=none pc=0x0000000002d14664 method=sun.reflect.generics.parser.SignatureParser.current()C @ 34
Event: 2.916 Thread 0x000000000271e000 Uncommon trap: reason=range_check action=none pc=0x0000000002d14664 method=sun.reflect.generics.parser.SignatureParser.current()C @ 34
Event: 2.916 Thread 0x000000000271e000 Uncommon trap: reason=range_check action=none pc=0x0000000002d14664 method=sun.reflect.generics.parser.SignatureParser.current()C @ 34
Event: 2.937 Thread 0x000000000271e000 Uncommon trap: reason=unstable_if action=reinterpret pc=0x0000000002e84464 method=org.codehaus.plexus.classworlds.realm.Entry.matches(Ljava/lang/String;)Z @ 150
Event: 2.942 Thread 0x000000000271e000 Uncommon trap: reason=unstable_if action=reinterpret pc=0x0000000002d54e54 method=java.lang.String.lastIndexOf([CII[CIII)I @ 118

Internal exceptions (10 events):
Event: 2.948 Thread 0x000000000271e000 Threw 0x00000007d84e2278 at C:\re\jdk7u80\2329\hotspot\src\share\vm\prims\jvm.cpp:1319
Event: 2.949 Thread 0x000000000271e000 Threw 0x00000007d84e9fe0 at C:\re\jdk7u80\2329\hotspot\src\share\vm\prims\jvm.cpp:1319
Event: 2.949 Thread 0x000000000271e000 Threw 0x00000007d84f2218 at C:\re\jdk7u80\2329\hotspot\src\share\vm\prims\jvm.cpp:1319
Event: 2.949 Thread 0x000000000271e000 Threw 0x00000007d84fbfb0 at C:\re\jdk7u80\2329\hotspot\src\share\vm\prims\jvm.cpp:1319
Event: 2.950 Thread 0x000000000271e000 Threw 0x00000007d8508ab8 at C:\re\jdk7u80\2329\hotspot\src\share\vm\prims\jvm.cpp:1319
Event: 2.951 Thread 0x000000000271e000 Threw 0x00000007d8520a70 at C:\re\jdk7u80\2329\hotspot\src\share\vm\prims\jvm.cpp:1319
Event: 2.951 Thread 0x000000000271e000 Threw 0x00000007d8526de0 at C:\re\jdk7u80\2329\hotspot\src\share\vm\prims\jvm.cpp:1319
Event: 2.951 Thread 0x000000000271e000 Threw 0x00000007d852cf10 at C:\re\jdk7u80\2329\hotspot\src\share\vm\prims\jvm.cpp:1319
Event: 2.952 Thread 0x000000000271e000 Threw 0x00000007d8533bf0 at C:\re\jdk7u80\2329\hotspot\src\share\vm\prims\jvm.cpp:1319
Event: 2.952 Thread 0x000000000271e000 Threw 0x00000007d853dba8 at C:\re\jdk7u80\2329\hotspot\src\share\vm\prims\jvm.cpp:1319

Events (10 events):
Event: 2.952 Thread 0x000000000271e000 DEOPT PACKING pc=0x0000000002ec7f08 sp=0x0000000002b9cd70
Event: 2.952 Thread 0x000000000271e000 DEOPT UNPACKING pc=0x0000000002cd92b9 sp=0x0000000002b9caf8 mode 1
Event: 2.952 loading class 0x00000000103f0c30
Event: 2.952 loading class 0x00000000103f0c30 done
Event: 2.952 Thread 0x000000000271e000 DEOPT PACKING pc=0x0000000002ec7f08 sp=0x0000000002b9cf90
Event: 2.952 Thread 0x000000000271e000 DEOPT UNPACKING pc=0x0000000002cd92b9 sp=0x0000000002b9cd18 mode 1
Event: 2.952 loading class 0x00000000103f0c30
Event: 2.952 loading class 0x00000000103f0c30 done
Event: 2.952 Thread 0x000000000271e000 DEOPT PACKING pc=0x0000000002ec7f08 sp=0x0000000002b9cd70
Event: 2.952 Thread 0x000000000271e000 DEOPT UNPACKING pc=0x0000000002cd92b9 sp=0x0000000002b9caf8 mode 1


Dynamic libraries:
0x00007ff7f0cb0000 - 0x00007ff7f0ce3000 	D:\ItProgram\Java\jdk1.7.0_80\bin\javaw.exe
0x00007ffc0cb10000 - 0x00007ffc0ccfd000 	C:\Windows\SYSTEM32\ntdll.dll
0x00007ffc0b2b0000 - 0x00007ffc0b363000 	C:\Windows\System32\KERNEL32.DLL
0x00007ffc09140000 - 0x00007ffc093d3000 	C:\Windows\System32\KERNELBASE.dll
0x00007ffc0a870000 - 0x00007ffc0a913000 	C:\Windows\System32\ADVAPI32.dll
0x00007ffc0a9f0000 - 0x00007ffc0aa8e000 	C:\Windows\System32\msvcrt.dll
0x00007ffc0b210000 - 0x00007ffc0b2ae000 	C:\Windows\System32\sechost.dll
0x00007ffc0a1b0000 - 0x00007ffc0a2d2000 	C:\Windows\System32\RPCRT4.dll
0x00007ffc0a660000 - 0x00007ffc0a7f7000 	C:\Windows\System32\USER32.dll
0x00007ffc08dd0000 - 0x00007ffc08df0000 	C:\Windows\System32\win32u.dll
0x00007ffc0b370000 - 0x00007ffc0b399000 	C:\Windows\System32\GDI32.dll
0x00007ffc08bd0000 - 0x00007ffc08d69000 	C:\Windows\System32\gdi32full.dll
0x00007ffc090a0000 - 0x00007ffc09140000 	C:\Windows\System32\msvcp_win.dll
0x00007ffc093e0000 - 0x00007ffc094da000 	C:\Windows\System32\ucrtbase.dll
0x00007ffbf3d50000 - 0x00007ffbf3fc9000 	C:\Windows\WinSxS\amd64_microsoft.windows.common-controls_6595b64144ccf1df_6.0.17763.973_none_05b245900721eb81\COMCTL32.dll
0x00007ffc0acf0000 - 0x00007ffc0b01c000 	C:\Windows\System32\combase.dll
0x00007ffc08fd0000 - 0x00007ffc0904e000 	C:\Windows\System32\bcryptPrimitives.dll
0x00007ffc0b020000 - 0x00007ffc0b04e000 	C:\Windows\System32\IMM32.DLL
0x000000005b980000 - 0x000000005ba52000 	D:\ItProgram\Java\jdk1.7.0_80\jre\bin\msvcr100.dll
0x000000005b1a0000 - 0x000000005b979000 	D:\ItProgram\Java\jdk1.7.0_80\jre\bin\server\jvm.dll
0x00007ffc0ac00000 - 0x00007ffc0ac08000 	C:\Windows\System32\PSAPI.DLL
0x00007ffc05ca0000 - 0x00007ffc05ca9000 	C:\Windows\SYSTEM32\WSOCK32.dll
0x00007ffc062a0000 - 0x00007ffc062c4000 	C:\Windows\SYSTEM32\WINMM.dll
0x00007ffc0a800000 - 0x00007ffc0a86d000 	C:\Windows\System32\WS2_32.dll
0x00007ffc060e0000 - 0x00007ffc0610d000 	C:\Windows\SYSTEM32\winmmbase.dll
0x00007ffc09050000 - 0x00007ffc0909a000 	C:\Windows\System32\cfgmgr32.dll
0x000000005b190000 - 0x000000005b19f000 	D:\ItProgram\Java\jdk1.7.0_80\jre\bin\verify.dll
0x000000005b160000 - 0x000000005b188000 	D:\ItProgram\Java\jdk1.7.0_80\jre\bin\java.dll
0x000000005b120000 - 0x000000005b155000 	D:\ItProgram\Java\jdk1.7.0_80\jre\bin\jdwp.dll
0x000000005b110000 - 0x000000005b118000 	D:\ItProgram\Java\jdk1.7.0_80\jre\bin\npt.dll
0x000000005b0f0000 - 0x000000005b106000 	D:\ItProgram\Java\jdk1.7.0_80\jre\bin\zip.dll
0x000000005b0e0000 - 0x000000005b0e9000 	D:\ItProgram\Java\jdk1.7.0_80\jre\bin\dt_socket.dll
0x00007ffbe56c0000 - 0x00007ffbe56d6000 	C:\Windows\system32\napinsp.dll
0x00007ffbe56a0000 - 0x00007ffbe56ba000 	C:\Windows\system32\pnrpnsp.dll
0x00007ffc08370000 - 0x00007ffc083d7000 	C:\Windows\System32\mswsock.dll
0x00007ffc080d0000 - 0x00007ffc08196000 	C:\Windows\SYSTEM32\DNSAPI.dll
0x00007ffc0b050000 - 0x00007ffc0b058000 	C:\Windows\System32\NSI.dll
0x00007ffc08090000 - 0x00007ffc080cd000 	C:\Windows\SYSTEM32\IPHLPAPI.DLL
0x00007ffbe7f00000 - 0x00007ffbe7f0e000 	C:\Windows\System32\winrnr.dll
0x00007ffc04860000 - 0x00007ffc0487b000 	C:\Windows\system32\NLAapi.dll
0x00007ffbeda80000 - 0x00007ffbeda95000 	C:\Windows\system32\wshbth.dll
0x00007ffbfbe00000 - 0x00007ffbfbe79000 	C:\Windows\System32\fwpuclnt.dll
0x00007ffc09c30000 - 0x00007ffc09c56000 	C:\Windows\System32\bcrypt.dll
0x00007ffbfbd60000 - 0x00007ffbfbd6a000 	C:\Windows\System32\rasadhlp.dll
0x000000005b0c0000 - 0x000000005b0da000 	D:\ItProgram\Java\jdk1.7.0_80\jre\bin\net.dll
0x000000005b0a0000 - 0x000000005b0b1000 	D:\ItProgram\Java\jdk1.7.0_80\jre\bin\nio.dll

VM Arguments:
jvm_args: -agentlib:jdwp=transport=dt_socket,suspend=y,address=localhost:9786 -Dmaven.home=D:\ItProgram\apache-maven-3.3.9 -Dclassworlds.conf=D:\itElse\javaWorkspa2\.metadata\.plugins\org.eclipse.m2e.launching\launches\m2conf8782112319725725269.tmp -Dmaven.multiModuleProjectDirectory=D:\itElse\javaWorkspa2\taotao-rest -Dfile.encoding=UTF-8 
java_command: org.codehaus.plexus.classworlds.launcher.Launcher -B -s D:\ItProgram\apache-maven-3.6.1\conf\settings.xml clean tomcat7:run
Launcher Type: SUN_STANDARD

Environment Variables:
JAVA_HOME=D:\ItProgram\Java\jdk1.7.0_80
PATH=D:\ItProgram\Java\jdk1.7.0_80\jre\bin;D:\ItProgram\Python\Python38\Scripts\;D:\ItProgram\Python\Python38\;C:\ProgramData\Oracle\Java\javapath;D:\ItProgram\Java\jdk1.7.0_80\bin;C:\Windows\system32;C:\Windows;C:\Windows\System32\Wbem;C:\Windows\System32\WindowsPowerShell\v1.0\;C:\Windows\System32\OpenSSH\;C:\Program Files (x86)\NVIDIA Corporation\PhysX\Common;C:\Program Files\NVIDIA Corporation\NVIDIA NvDLISR;D:\ItProgram\apache-maven-3.6.1\bin;D:\ItProgram\MySQL\MySQL Server 5.5\bin;C:\Program Files\MySQL\MySQL Server 5.5\bin;C:\Program Files (x86)\Microsoft SQL Server\100\Tools\Binn\;C:\Program Files\Microsoft SQL Server\100\Tools\Binn\;C:\Program Files\Microsoft SQL Server\100\DTS\Binn\;D:\ItProgram\VisualSVN Server\bin;D:\ItProgram\TortoiseSVN\bin;C:\Users\myPc\AppData\Local\Microsoft\WindowsApps;D:\general\Bandizip\
USERNAME=myPc
OS=Windows_NT
PROCESSOR_IDENTIFIER=Intel64 Family 6 Model 158 Stepping 10, GenuineIntel



---------------  S Y S T E M  ---------------

OS: Windows 8.1 , 64 bit Build 9600 

CPU:total 12 (6 cores per cpu, 2 threads per core) family 6 model 158 stepping 10, cmov, cx8, fxsr, mmx, sse, sse2, sse3, ssse3, sse4.1, sse4.2, popcnt, avx, avx2, aes, erms, ht, tsc, tscinvbit

Memory: 4k page, physical 8256756k(492804k free), swap 21363952k(5304k free)

vm_info: Java HotSpot(TM) 64-Bit Server VM (24.80-b11) for windows-amd64 JRE (1.7.0_80-b15), built on Apr 10 2015 11:26:34 by "java_re" with unknown MS VC++:1600

time: Wed Feb 12 12:59:29 2020
elapsed time: 2 seconds

