#
# There is insufficient memory for the Java Runtime Environment to continue.
# Native memory allocation (malloc) failed to allocate 131216 bytes for Chunk::new
# Possible reasons:
#   The system is out of physical RAM or swap space
#   In 32 bit mode, the process size limit was hit
# Possible solutions:
#   Reduce memory load on the system
#   Increase physical memory or swap space
#   Check if swap backing store is full
#   Use 64 bit Java on a 64 bit OS
#   Decrease Java heap size (-Xmx/-Xms)
#   Decrease number of Java threads
#   Decrease Java thread stack sizes (-Xss)
#   Set larger code cache with -XX:ReservedCodeCacheSize=
# This output file may be truncated or incomplete.
#
#  Out of Memory Error (allocation.cpp:390), pid=68840, tid=0x0000000000010e2c
#
# JRE version: Java(TM) SE Runtime Environment (8.0_131-b11) (build 1.8.0_131-b11)
# Java VM: Java HotSpot(TM) 64-Bit Server VM (25.131-b11 mixed mode windows-amd64 compressed oops)
# Failed to write core dump. Minidumps are not enabled by default on client versions of Windows
#

---------------  T H R E A D  ---------------

Current thread (0x00000000191b0000):  JavaThread "C2 CompilerThread1" daemon [_thread_in_native, id=69164, stack(0x000000001aa90000,0x000000001ab90000)]

Stack: [0x000000001aa90000,0x000000001ab90000]
[error occurred during error reporting (printing stack bounds), id 0xc0000005]

Native frames: (J=compiled Java code, j=interpreted, Vv=VM code, C=native code)


Current CompileTask:
C2:   6687 4378   !   4       com.sun.org.apache.xerces.internal.impl.XMLDocumentFragmentScannerImpl$FragmentContentDriver::next (2346 bytes)


---------------  P R O C E S S  ---------------

Java Threads: ( => current thread )
  0x000000001b904000 JavaThread "localhost-startStop-1" daemon [_thread_in_vm, id=73244, stack(0x0000000022a70000,0x0000000022b70000)]
  0x000000001d72d800 JavaThread "Tomcat-startStop-1" daemon [_thread_blocked, id=74100, stack(0x000000001f250000,0x000000001f350000)]
  0x000000001924d000 JavaThread "Service Thread" daemon [_thread_blocked, id=70976, stack(0x000000001ad90000,0x000000001ae90000)]
  0x00000000191b6800 JavaThread "C1 CompilerThread3" daemon [_thread_blocked, id=73160, stack(0x000000001ac90000,0x000000001ad90000)]
  0x00000000191b5800 JavaThread "C2 CompilerThread2" daemon [_thread_in_native, id=73388, stack(0x000000001ab90000,0x000000001ac90000)]
=>0x00000000191b0000 JavaThread "C2 CompilerThread1" daemon [_thread_in_native, id=69164, stack(0x000000001aa90000,0x000000001ab90000)]
  0x00000000191ac000 JavaThread "C2 CompilerThread0" daemon [_thread_in_native, id=74600, stack(0x000000001a990000,0x000000001aa90000)]
  0x000000001919f800 JavaThread "JDWP Command Reader" daemon [_thread_in_native, id=70392, stack(0x000000001a890000,0x000000001a990000)]
  0x000000001919a800 JavaThread "JDWP Event Helper Thread" daemon [_thread_blocked, id=73096, stack(0x000000001a790000,0x000000001a890000)]
  0x000000001918d000 JavaThread "JDWP Transport Listener: dt_socket" daemon [_thread_blocked, id=74588, stack(0x000000001a690000,0x000000001a790000)]
  0x000000001912e800 JavaThread "Attach Listener" daemon [_thread_blocked, id=74456, stack(0x000000001a590000,0x000000001a690000)]
  0x000000001912d800 JavaThread "Signal Dispatcher" daemon [_thread_blocked, id=73772, stack(0x000000001a490000,0x000000001a590000)]
  0x0000000019113800 JavaThread "Finalizer" daemon [_thread_blocked, id=67172, stack(0x000000001a390000,0x000000001a490000)]
  0x0000000017a4c800 JavaThread "Reference Handler" daemon [_thread_blocked, id=73992, stack(0x000000001a290000,0x000000001a390000)]
  0x000000000270e800 JavaThread "main" [_thread_blocked, id=73876, stack(0x0000000002710000,0x0000000002810000)]

Other Threads:
  0x0000000017a45800 VMThread [stack: 0x000000001a190000,0x000000001a290000] [id=73464]
  0x00000000192a8000 WatcherThread [stack: 0x000000001ae90000,0x000000001af90000] [id=70324]

VM state:not at safepoint (normal execution)

VM Mutex/Monitor currently owned by a thread: None

Heap:
 PSYoungGen      total 102400K, used 41843K [0x00000000d6000000, 0x00000000df500000, 0x0000000100000000)
  eden space 91648K, 33% used [0x00000000d6000000,0x00000000d7e5da48,0x00000000db980000)
  from space 10752K, 99% used [0x00000000dea80000,0x00000000df4ff2a8,0x00000000df500000)
  to   space 12800K, 0% used [0x00000000ddc00000,0x00000000ddc00000,0x00000000de880000)
 ParOldGen       total 69120K, used 13798K [0x0000000082000000, 0x0000000086380000, 0x00000000d6000000)
  object space 69120K, 19% used [0x0000000082000000,0x0000000082d799a0,0x0000000086380000)
 Metaspace       used 28525K, capacity 29146K, committed 29184K, reserved 1075200K
  class space    used 3371K, capacity 3558K, committed 3584K, reserved 1048576K

Card table byte_map: [0x0000000011cd0000,0x00000000120d0000] byte_map_base: 0x00000000118c0000

Marking Bits: (ParMarkBitMap*) 0x0000000076c7c720
 Begin Bits: [0x0000000012d70000, 0x0000000014cf0000)
 End Bits:   [0x0000000014cf0000, 0x0000000016c70000)

Polling page: 0x00000000001e0000

CodeCache: size=245760Kb used=13144Kb max_used=14961Kb free=232615Kb
 bounds [0x0000000002910000, 0x00000000037d0000, 0x0000000011910000]
 total_blobs=4229 nmethods=3822 adapters=327
 compilation: enabled

Compilation events (10 events):
Event: 6.659 Thread 0x00000000191b6800 4430       3       java.util.ResourceBundle$LoaderReference::<init> (12 bytes)
Event: 6.659 Thread 0x00000000191b6800 nmethod 4430 0x00000000030be990 code [0x00000000030beb00, 0x00000000030bee30]
Event: 6.663 Thread 0x00000000191ac000 nmethod 4415 0x00000000031092d0 code [0x0000000003109440, 0x00000000031099e8]
Event: 6.663 Thread 0x00000000191ac000 4416       4       org.apache.tomcat.util.file.Matcher::match (479 bytes)
Event: 6.667 Thread 0x00000000191b6800 4431       3       sun.misc.ProxyGenerator::access$1000 (7 bytes)
Event: 6.667 Thread 0x00000000191b6800 nmethod 4431 0x0000000003005710 code [0x0000000003005880, 0x0000000003005a08]
Event: 6.667 Thread 0x00000000191b6800 4432       3       sun.misc.ProxyGenerator::code_ipush (90 bytes)
Event: 6.668 Thread 0x00000000191b6800 nmethod 4432 0x00000000030298d0 code [0x0000000003029b20, 0x000000000302abc8]
Event: 6.669 Thread 0x00000000191b6800 4433       1       org.apache.catalina.deploy.WebXml::getURL (5 bytes)
Event: 6.669 Thread 0x00000000191b6800 nmethod 4433 0x000000000371c710 code [0x000000000371c860, 0x000000000371c970]

GC Heap History (10 events):
Event: 1.588 GC heap before
{Heap before GC invocations=3 (full 0):
 PSYoungGen      total 37888K, used 37885K [0x00000000d6000000, 0x00000000daa00000, 0x0000000100000000)
  eden space 32768K, 100% used [0x00000000d6000000,0x00000000d8000000,0x00000000d8000000)
  from space 5120K, 99% used [0x00000000d8500000,0x00000000d89ff650,0x00000000d8a00000)
  to   space 5120K, 0% used [0x00000000d8000000,0x00000000d8000000,0x00000000d8500000)
 ParOldGen       total 86016K, used 3184K [0x0000000082000000, 0x0000000087400000, 0x00000000d6000000)
  object space 86016K, 3% used [0x0000000082000000,0x000000008231c240,0x0000000087400000)
 Metaspace       used 15181K, capacity 15424K, committed 15616K, reserved 1062912K
  class space    used 1844K, capacity 1946K, committed 2048K, reserved 1048576K
Event: 1.594 GC heap after
Heap after GC invocations=3 (full 0):
 PSYoungGen      total 37888K, used 5112K [0x00000000d6000000, 0x00000000daa00000, 0x0000000100000000)
  eden space 32768K, 0% used [0x00000000d6000000,0x00000000d6000000,0x00000000d8000000)
  from space 5120K, 99% used [0x00000000d8000000,0x00000000d84fe030,0x00000000d8500000)
  to   space 5120K, 0% used [0x00000000da500000,0x00000000da500000,0x00000000daa00000)
 ParOldGen       total 86016K, used 5737K [0x0000000082000000, 0x0000000087400000, 0x00000000d6000000)
  object space 86016K, 6% used [0x0000000082000000,0x000000008259a518,0x0000000087400000)
 Metaspace       used 15181K, capacity 15424K, committed 15616K, reserved 1062912K
  class space    used 1844K, capacity 1946K, committed 2048K, reserved 1048576K
}
Event: 2.103 GC heap before
{Heap before GC invocations=4 (full 0):
 PSYoungGen      total 37888K, used 37880K [0x00000000d6000000, 0x00000000daa00000, 0x0000000100000000)
  eden space 32768K, 100% used [0x00000000d6000000,0x00000000d8000000,0x00000000d8000000)
  from space 5120K, 99% used [0x00000000d8000000,0x00000000d84fe030,0x00000000d8500000)
  to   space 5120K, 0% used [0x00000000da500000,0x00000000da500000,0x00000000daa00000)
 ParOldGen       total 86016K, used 5737K [0x0000000082000000, 0x0000000087400000, 0x00000000d6000000)
  object space 86016K, 6% used [0x0000000082000000,0x000000008259a518,0x0000000087400000)
 Metaspace       used 15929K, capacity 16318K, committed 16640K, reserved 1064960K
  class space    used 1915K, capacity 1987K, committed 2048K, reserved 1048576K
Event: 2.111 GC heap after
Heap after GC invocations=4 (full 0):
 PSYoungGen      total 70656K, used 5096K [0x00000000d6000000, 0x00000000daa00000, 0x0000000100000000)
  eden space 65536K, 0% used [0x00000000d6000000,0x00000000d6000000,0x00000000da000000)
  from space 5120K, 99% used [0x00000000da500000,0x00000000da9fa040,0x00000000daa00000)
  to   space 5120K, 0% used [0x00000000da000000,0x00000000da000000,0x00000000da500000)
 ParOldGen       total 86016K, used 7881K [0x0000000082000000, 0x0000000087400000, 0x00000000d6000000)
  object space 86016K, 9% used [0x0000000082000000,0x00000000827b26c0,0x0000000087400000)
 Metaspace       used 15929K, capacity 16318K, committed 16640K, reserved 1064960K
  class space    used 1915K, capacity 1987K, committed 2048K, reserved 1048576K
}
Event: 3.101 GC heap before
{Heap before GC invocations=5 (full 0):
 PSYoungGen      total 70656K, used 59875K [0x00000000d6000000, 0x00000000daa00000, 0x0000000100000000)
  eden space 65536K, 83% used [0x00000000d6000000,0x00000000d957ee30,0x00000000da000000)
  from space 5120K, 99% used [0x00000000da500000,0x00000000da9fa040,0x00000000daa00000)
  to   space 5120K, 0% used [0x00000000da000000,0x00000000da000000,0x00000000da500000)
 ParOldGen       total 86016K, used 7881K [0x0000000082000000, 0x0000000087400000, 0x00000000d6000000)
  object space 86016K, 9% used [0x0000000082000000,0x00000000827b26c0,0x0000000087400000)
 Metaspace       used 20689K, capacity 21152K, committed 21296K, reserved 1069056K
  class space    used 2494K, capacity 2620K, committed 2688K, reserved 1048576K
Event: 3.112 GC heap after
Heap after GC invocations=5 (full 0):
 PSYoungGen      total 70656K, used 5112K [0x00000000d6000000, 0x00000000df500000, 0x0000000100000000)
  eden space 65536K, 0% used [0x00000000d6000000,0x00000000d6000000,0x00000000da000000)
  from space 5120K, 99% used [0x00000000da000000,0x00000000da4fe040,0x00000000da500000)
  to   space 10752K, 0% used [0x00000000dea80000,0x00000000dea80000,0x00000000df500000)
 ParOldGen       total 86016K, used 12798K [0x0000000082000000, 0x0000000087400000, 0x00000000d6000000)
  object space 86016K, 14% used [0x0000000082000000,0x0000000082c7fa30,0x0000000087400000)
 Metaspace       used 20689K, capacity 21152K, committed 21296K, reserved 1069056K
  class space    used 2494K, capacity 2620K, committed 2688K, reserved 1048576K
}
Event: 3.112 GC heap before
{Heap before GC invocations=6 (full 1):
 PSYoungGen      total 70656K, used 5112K [0x00000000d6000000, 0x00000000df500000, 0x0000000100000000)
  eden space 65536K, 0% used [0x00000000d6000000,0x00000000d6000000,0x00000000da000000)
  from space 5120K, 99% used [0x00000000da000000,0x00000000da4fe040,0x00000000da500000)
  to   space 10752K, 0% used [0x00000000dea80000,0x00000000dea80000,0x00000000df500000)
 ParOldGen       total 86016K, used 12798K [0x0000000082000000, 0x0000000087400000, 0x00000000d6000000)
  object space 86016K, 14% used [0x0000000082000000,0x0000000082c7fa30,0x0000000087400000)
 Metaspace       used 20689K, capacity 21152K, committed 21296K, reserved 1069056K
  class space    used 2494K, capacity 2620K, committed 2688K, reserved 1048576K
Event: 3.158 GC heap after
Heap after GC invocations=6 (full 1):
 PSYoungGen      total 70656K, used 0K [0x00000000d6000000, 0x00000000df500000, 0x0000000100000000)
  eden space 65536K, 0% used [0x00000000d6000000,0x00000000d6000000,0x00000000da000000)
  from space 5120K, 0% used [0x00000000da000000,0x00000000da000000,0x00000000da500000)
  to   space 10752K, 0% used [0x00000000dea80000,0x00000000dea80000,0x00000000df500000)
 ParOldGen       total 69120K, used 12247K [0x0000000082000000, 0x0000000086380000, 0x00000000d6000000)
  object space 69120K, 17% used [0x0000000082000000,0x0000000082bf5c00,0x0000000086380000)
 Metaspace       used 20689K, capacity 21152K, committed 21296K, reserved 1069056K
  class space    used 2494K, capacity 2620K, committed 2688K, reserved 1048576K
}
Event: 6.002 GC heap before
{Heap before GC invocations=7 (full 1):
 PSYoungGen      total 70656K, used 65536K [0x00000000d6000000, 0x00000000df500000, 0x0000000100000000)
  eden space 65536K, 100% used [0x00000000d6000000,0x00000000da000000,0x00000000da000000)
  from space 5120K, 0% used [0x00000000da000000,0x00000000da000000,0x00000000da500000)
  to   space 10752K, 0% used [0x00000000dea80000,0x00000000dea80000,0x00000000df500000)
 ParOldGen       total 69120K, used 12247K [0x0000000082000000, 0x0000000086380000, 0x00000000d6000000)
  object space 69120K, 17% used [0x0000000082000000,0x0000000082bf5c00,0x0000000086380000)
 Metaspace       used 24452K, capacity 25046K, committed 25216K, reserved 1071104K
  class space    used 2918K, capacity 3087K, committed 3200K, reserved 1048576K
Event: 6.009 GC heap after
Heap after GC invocations=7 (full 1):
 PSYoungGen      total 102400K, used 10748K [0x00000000d6000000, 0x00000000df500000, 0x0000000100000000)
  eden space 91648K, 0% used [0x00000000d6000000,0x00000000d6000000,0x00000000db980000)
  from space 10752K, 99% used [0x00000000dea80000,0x00000000df4ff2a8,0x00000000df500000)
  to   space 12800K, 0% used [0x00000000ddc00000,0x00000000ddc00000,0x00000000de880000)
 ParOldGen       total 69120K, used 13798K [0x0000000082000000, 0x0000000086380000, 0x00000000d6000000)
  object space 69120K, 19% used [0x0000000082000000,0x0000000082d799a0,0x0000000086380000)
 Metaspace       used 24452K, capacity 25046K, committed 25216K, reserved 1071104K
  class space    used 2918K, capacity 3087K, committed 3200K, reserved 1048576K
}

Deoptimization events (10 events):
Event: 6.677 Thread 0x000000001b904000 Uncommon trap: reason=unhandled action=none pc=0x0000000002e7c114 method=java.net.URLClassLoader.findClass(Ljava/lang/String;)Ljava/lang/Class; @ 44
Event: 6.677 Thread 0x000000001b904000 Uncommon trap: reason=unhandled action=none pc=0x0000000002e7c114 method=java.net.URLClassLoader.findClass(Ljava/lang/String;)Ljava/lang/Class; @ 44
Event: 6.677 Thread 0x000000001b904000 Uncommon trap: reason=unhandled action=none pc=0x0000000002e7c114 method=java.net.URLClassLoader.findClass(Ljava/lang/String;)Ljava/lang/Class; @ 44
Event: 6.679 Thread 0x000000001b904000 Uncommon trap: reason=unhandled action=none pc=0x0000000002e7c114 method=java.net.URLClassLoader.findClass(Ljava/lang/String;)Ljava/lang/Class; @ 44
Event: 6.680 Thread 0x000000001b904000 Uncommon trap: reason=unhandled action=none pc=0x0000000002e7c114 method=java.net.URLClassLoader.findClass(Ljava/lang/String;)Ljava/lang/Class; @ 44
Event: 6.682 Thread 0x000000001b904000 Uncommon trap: reason=unhandled action=none pc=0x0000000002e7c114 method=java.net.URLClassLoader.findClass(Ljava/lang/String;)Ljava/lang/Class; @ 44
Event: 6.683 Thread 0x000000001b904000 Uncommon trap: reason=unhandled action=none pc=0x0000000002e7c114 method=java.net.URLClassLoader.findClass(Ljava/lang/String;)Ljava/lang/Class; @ 44
Event: 6.684 Thread 0x000000001b904000 Uncommon trap: reason=unhandled action=none pc=0x0000000002e7c114 method=java.net.URLClassLoader.findClass(Ljava/lang/String;)Ljava/lang/Class; @ 44
Event: 6.685 Thread 0x000000001b904000 Uncommon trap: reason=unhandled action=none pc=0x0000000002e7c114 method=java.net.URLClassLoader.findClass(Ljava/lang/String;)Ljava/lang/Class; @ 44
Event: 6.685 Thread 0x000000001b904000 Uncommon trap: reason=unhandled action=none pc=0x0000000002e7c114 method=java.net.URLClassLoader.findClass(Ljava/lang/String;)Ljava/lang/Class; @ 44

Internal exceptions (10 events):
Event: 4.165 Thread 0x000000000270e800 Exception <a 'java/io/FileNotFoundException'> (0x00000000d9926b70) thrown at [C:\re\workspace\8-2-build-windows-amd64-cygwin\jdk8u131\8869\hotspot\src\share\vm\prims\jni.cpp, line 709]
Event: 6.110 Thread 0x000000000270e800 Exception <a 'java/lang/ArrayIndexOutOfBoundsException': 71> (0x00000000d6606e80) thrown at [C:\re\workspace\8-2-build-windows-amd64-cygwin\jdk8u131\8869\hotspot\src\share\vm\interpreter\interpreterRuntime.cpp, line 366]
Event: 6.111 Thread 0x000000000270e800 Exception <a 'java/lang/ArrayIndexOutOfBoundsException': 71> (0x00000000d66088a0) thrown at [C:\re\workspace\8-2-build-windows-amd64-cygwin\jdk8u131\8869\hotspot\src\share\vm\interpreter\interpreterRuntime.cpp, line 366]
Event: 6.116 Thread 0x000000000270e800 Exception <a 'java/lang/ArrayIndexOutOfBoundsException': 55> (0x00000000d662ed80) thrown at [C:\re\workspace\8-2-build-windows-amd64-cygwin\jdk8u131\8869\hotspot\src\share\vm\interpreter\interpreterRuntime.cpp, line 366]
Event: 6.116 Thread 0x000000000270e800 Exception <a 'java/lang/ArrayIndexOutOfBoundsException': 38> (0x00000000d6630148) thrown at [C:\re\workspace\8-2-build-windows-amd64-cygwin\jdk8u131\8869\hotspot\src\share\vm\interpreter\interpreterRuntime.cpp, line 366]
Event: 6.120 Thread 0x000000000270e800 Exception <a 'java/lang/ArrayIndexOutOfBoundsException': 38> (0x00000000d6656468) thrown at [C:\re\workspace\8-2-build-windows-amd64-cygwin\jdk8u131\8869\hotspot\src\share\vm\interpreter\interpreterRuntime.cpp, line 366]
Event: 6.124 Thread 0x000000000270e800 Exception <a 'java/lang/ArrayIndexOutOfBoundsException': 49> (0x00000000d6664318) thrown at [C:\re\workspace\8-2-build-windows-amd64-cygwin\jdk8u131\8869\hotspot\src\share\vm\interpreter\interpreterRuntime.cpp, line 366]
Event: 6.465 Thread 0x000000001b904000 Implicit null exception at 0x0000000003512c47 to 0x0000000003513a59
Event: 6.505 Thread 0x000000001b904000 Implicit null exception at 0x0000000002c28d19 to 0x0000000002c29255
Event: 6.505 Thread 0x000000001b904000 Implicit null exception at 0x0000000002b2f3d9 to 0x0000000002b2f8dd

Events (10 events):
Event: 6.685 Thread 0x000000001b904000 DEOPT PACKING pc=0x0000000002dcf638 sp=0x0000000022b6c4b0
Event: 6.685 Thread 0x000000001b904000 DEOPT UNPACKING pc=0x000000000295787f sp=0x0000000022b6c250 mode 1
Event: 6.685 Thread 0x000000001b904000 DEOPT PACKING pc=0x0000000002ba07ec sp=0x0000000022b6c5c0
Event: 6.685 Thread 0x000000001b904000 DEOPT UNPACKING pc=0x000000000295787f sp=0x0000000022b6c328 mode 1
Event: 6.685 loading class org/apache/tomcat/util/bcel/classfile/ConstantFieldref
Event: 6.685 loading class org/apache/tomcat/util/bcel/classfile/ConstantFieldref done
Event: 6.685 Thread 0x000000001b904000 DEOPT PACKING pc=0x0000000002aff421 sp=0x0000000022b6c260
Event: 6.686 Thread 0x000000001b904000 DEOPT UNPACKING pc=0x000000000295787f sp=0x0000000022b6bf90 mode 1
Event: 6.686 Thread 0x000000001b904000 DEOPT PACKING pc=0x0000000002dcf638 sp=0x0000000022b6c2b0
Event: 6.686 Thread 0x000000001b904000 DEOPT UNPACKING pc=0x000000000295787f sp=0x0000000022b6c050 mode 1


Dynamic libraries:
0x00007ff6db7e0000 - 0x00007ff6db817000 	D:\ItProgram\Java\jdk1.8.0_131\bin\javaw.exe
0x00007ffb2a5b0000 - 0x00007ffb2a79d000 	C:\Windows\SYSTEM32\ntdll.dll
0x00007ffb291e0000 - 0x00007ffb29293000 	C:\Windows\System32\KERNEL32.DLL
0x00007ffb26b20000 - 0x00007ffb26db3000 	C:\Windows\System32\KERNELBASE.dll
0x00007ffb29b40000 - 0x00007ffb29be3000 	C:\Windows\System32\ADVAPI32.dll
0x00007ffb29300000 - 0x00007ffb2939e000 	C:\Windows\System32\msvcrt.dll
0x00007ffb27af0000 - 0x00007ffb27b8e000 	C:\Windows\System32\sechost.dll
0x00007ffb29480000 - 0x00007ffb295a2000 	C:\Windows\System32\RPCRT4.dll
0x00007ffb2a160000 - 0x00007ffb2a2f7000 	C:\Windows\System32\USER32.dll
0x00007ffb26670000 - 0x00007ffb26690000 	C:\Windows\System32\win32u.dll
0x00007ffb29a90000 - 0x00007ffb29ab9000 	C:\Windows\System32\GDI32.dll
0x00007ffb26dc0000 - 0x00007ffb26f59000 	C:\Windows\System32\gdi32full.dll
0x00007ffb26a50000 - 0x00007ffb26af0000 	C:\Windows\System32\msvcp_win.dll
0x00007ffb26f60000 - 0x00007ffb2705a000 	C:\Windows\System32\ucrtbase.dll
0x00007ffb0e370000 - 0x00007ffb0e5e9000 	C:\Windows\WinSxS\amd64_microsoft.windows.common-controls_6595b64144ccf1df_6.0.17763.1039_none_de701650534c7021\COMCTL32.dll
0x00007ffb295b0000 - 0x00007ffb298dc000 	C:\Windows\System32\combase.dll
0x00007ffb269d0000 - 0x00007ffb26a4e000 	C:\Windows\System32\bcryptPrimitives.dll
0x00007ffb277d0000 - 0x00007ffb277fe000 	C:\Windows\System32\IMM32.DLL
0x00000000778a0000 - 0x0000000077972000 	D:\ItProgram\Java\jdk1.8.0_131\jre\bin\msvcr100.dll
0x0000000076460000 - 0x0000000076cfc000 	D:\ItProgram\Java\jdk1.8.0_131\jre\bin\server\jvm.dll
0x00007ffb27980000 - 0x00007ffb27988000 	C:\Windows\System32\PSAPI.DLL
0x00007ffb1cad0000 - 0x00007ffb1cad9000 	C:\Windows\SYSTEM32\WSOCK32.dll
0x00007ffb1ba90000 - 0x00007ffb1ba9a000 	C:\Windows\SYSTEM32\VERSION.dll
0x00007ffb234b0000 - 0x00007ffb234d4000 	C:\Windows\SYSTEM32\WINMM.dll
0x00007ffb2a0f0000 - 0x00007ffb2a15d000 	C:\Windows\System32\WS2_32.dll
0x00007ffb23c00000 - 0x00007ffb23c2d000 	C:\Windows\SYSTEM32\WINMMBASE.dll
0x00007ffb26980000 - 0x00007ffb269ca000 	C:\Windows\System32\cfgmgr32.dll
0x0000000050030000 - 0x000000005003f000 	D:\ItProgram\Java\jdk1.8.0_131\jre\bin\verify.dll
0x0000000050000000 - 0x0000000050029000 	D:\ItProgram\Java\jdk1.8.0_131\jre\bin\java.dll
0x0000000077860000 - 0x0000000077895000 	D:\ItProgram\Java\jdk1.8.0_131\jre\bin\jdwp.dll
0x0000000077850000 - 0x0000000077858000 	D:\ItProgram\Java\jdk1.8.0_131\jre\bin\npt.dll
0x0000000077830000 - 0x0000000077846000 	D:\ItProgram\Java\jdk1.8.0_131\jre\bin\zip.dll
0x00007ffb27bb0000 - 0x00007ffb290a4000 	C:\Windows\System32\SHELL32.dll
0x00007ffb2a300000 - 0x00007ffb2a3a8000 	C:\Windows\System32\shcore.dll
0x00007ffb27080000 - 0x00007ffb277cd000 	C:\Windows\System32\windows.storage.dll
0x00007ffb265a0000 - 0x00007ffb265c4000 	C:\Windows\System32\profapi.dll
0x00007ffb265f0000 - 0x00007ffb2664d000 	C:\Windows\System32\powrprof.dll
0x00007ffb293b0000 - 0x00007ffb29402000 	C:\Windows\System32\shlwapi.dll
0x00007ffb265d0000 - 0x00007ffb265e1000 	C:\Windows\System32\kernel.appcore.dll
0x00007ffb27060000 - 0x00007ffb27077000 	C:\Windows\System32\cryptsp.dll
0x0000000077820000 - 0x0000000077829000 	D:\ItProgram\Java\jdk1.8.0_131\jre\bin\dt_socket.dll
0x00007ffb061d0000 - 0x00007ffb061e6000 	C:\Windows\system32\napinsp.dll
0x00007ffb06170000 - 0x00007ffb0618a000 	C:\Windows\system32\pnrpnsp.dll
0x00007ffb25e10000 - 0x00007ffb25e77000 	C:\Windows\System32\mswsock.dll
0x00007ffb25b70000 - 0x00007ffb25c36000 	C:\Windows\SYSTEM32\DNSAPI.dll
0x00007ffb293a0000 - 0x00007ffb293a8000 	C:\Windows\System32\NSI.dll
0x00007ffb25b30000 - 0x00007ffb25b6d000 	C:\Windows\SYSTEM32\IPHLPAPI.DLL
0x00007ffb06160000 - 0x00007ffb0616e000 	C:\Windows\System32\winrnr.dll
0x00007ffb23120000 - 0x00007ffb2313b000 	C:\Windows\system32\NLAapi.dll
0x00007ffb0abf0000 - 0x00007ffb0ac05000 	C:\Windows\system32\wshbth.dll
0x00007ffb19cb0000 - 0x00007ffb19d29000 	C:\Windows\System32\fwpuclnt.dll
0x00007ffb26af0000 - 0x00007ffb26b16000 	C:\Windows\System32\bcrypt.dll
0x00007ffb1a890000 - 0x00007ffb1a89a000 	C:\Windows\System32\rasadhlp.dll
0x0000000077800000 - 0x000000007781a000 	D:\ItProgram\Java\jdk1.8.0_131\jre\bin\net.dll
0x00000000777e0000 - 0x00000000777f1000 	D:\ItProgram\Java\jdk1.8.0_131\jre\bin\nio.dll
0x00007ffb25990000 - 0x00007ffb259c3000 	C:\Windows\system32\rsaenh.dll
0x00007ffb264a0000 - 0x00007ffb264c8000 	C:\Windows\SYSTEM32\USERENV.dll
0x00007ffb25fe0000 - 0x00007ffb25fec000 	C:\Windows\SYSTEM32\CRYPTBASE.dll
0x00007ffb1b490000 - 0x00007ffb1b4a6000 	C:\Windows\SYSTEM32\dhcpcsvc6.DLL
0x00007ffb1b470000 - 0x00007ffb1b48c000 	C:\Windows\SYSTEM32\dhcpcsvc.DLL
0x00000000777d0000 - 0x00000000777dd000 	D:\ItProgram\Java\jdk1.8.0_131\jre\bin\management.dll

VM Arguments:
jvm_args: -agentlib:jdwp=transport=dt_socket,suspend=y,address=localhost:16070 -Dmaven.home=D:\ItProgram\apache-maven-3.3.9 -Dclassworlds.conf=D:\itElse\javaWorkspa2\.metadata\.plugins\org.eclipse.m2e.launching\launches\m2conf13639989070799607371.tmp -Dmaven.multiModuleProjectDirectory=D:\itElse\javaWorkspa2\taotao-order-web -Dfile.encoding=UTF-8 
java_command: org.codehaus.plexus.classworlds.launcher.Launcher -B -s D:\ItProgram\apache-maven-3.6.1\conf\settings.xml clean tomcat7:run
java_class_path (initial): D:\ItProgram\apache-maven-3.3.9\boot\plexus-classworlds-2.5.2.jar
Launcher Type: SUN_STANDARD

Environment Variables:
JAVA_HOME=D:\ItProgram\Java\jdk1.8.0_131
PATH=D:\ItProgram\Java\jdk1.8.0_131\jre\bin;D:\ItProgram\Python\Python38\Scripts\;D:\ItProgram\Python\Python38\;C:\ProgramData\Oracle\Java\javapath;D:\ItProgram\Java\jdk1.8.0_131\bin;C:\Windows\system32;C:\Windows;C:\Windows\System32\Wbem;C:\Windows\System32\WindowsPowerShell\v1.0\;C:\Windows\System32\OpenSSH\;C:\Program Files (x86)\NVIDIA Corporation\PhysX\Common;C:\Program Files\NVIDIA Corporation\NVIDIA NvDLISR;D:\ItProgram\apache-maven-3.3.9\bin;D:\ItProgram\MySQL\MySQL Server 5.5\bin;C:\Program Files\MySQL\MySQL Server 5.5\bin;C:\Program Files (x86)\Microsoft SQL Server\100\Tools\Binn\;C:\Program Files\Microsoft SQL Server\100\Tools\Binn\;C:\Program Files\Microsoft SQL Server\100\DTS\Binn\;D:\ItProgram\VisualSVN Server\bin;D:\ItProgram\TortoiseSVN\bin;D:\ItProgram\nodejs\;D:\ItProgram\nodejs\node_global;C:\Users\myPc\AppData\Local\Microsoft\WindowsApps;D:\general\Bandizip\;C:\Users\myPc\AppData\Roaming\npm;D:\ItProgram\nodejs\node_modules;;D:\ItProgram\Fiddler
USERNAME=myPc
OS=Windows_NT
PROCESSOR_IDENTIFIER=Intel64 Family 6 Model 158 Stepping 10, GenuineIntel



---------------  S Y S T E M  ---------------

OS: Windows 10.0 , 64 bit Build 17763 (10.0.17763.475)

CPU:total 12 (initial active 12) (6 cores per cpu, 2 threads per core) family 6 model 158 stepping 10, cmov, cx8, fxsr, mmx, sse, sse2, sse3, ssse3, sse4.1, sse4.2, popcnt, avx, avx2, aes, clmul, erms, 3dnowpref, lzcnt, ht, tsc, tscinvbit, bmi1, bmi2, adx

Memory: 4k page, physical 8256756k(458984k free), swap 31824368k(2856k free)

vm_info: Java HotSpot(TM) 64-Bit Server VM (25.131-b11) for windows-amd64 JRE (1.8.0_131-b11), built on Mar 15 2017 01:23:53 by "java_re" with MS VC++ 10.0 (VS2010)

time: Wed Mar 11 22:16:08 2020
elapsed time: 6 seconds (0d 0h 0m 6s)

